Calling target program-options parser
[11:08:44.622] [bmv2] [D] [thread 11091] Set default default entry for table 'tbl_act': act - 
[11:08:44.622] [bmv2] [D] [thread 11091] Set default default entry for table 'tbl_mark_dscp': MyIngress.mark_dscp - 
[11:08:44.622] [bmv2] [D] [thread 11091] Set default default entry for table 'tbl_drop': MyIngress.drop - 
[11:08:44.622] [bmv2] [D] [thread 11091] Set default default entry for table 'tbl_basic124': basic124 - 
[11:08:44.622] [bmv2] [D] [thread 11091] Set default default entry for table 'tbl_decrease_ttl': MyIngress.decrease_ttl - 
[11:08:44.622] [bmv2] [D] [thread 11091] Set default default entry for table 'MyIngress.ipv4_lpm': MyIngress.drop - 
Adding interface s1-eth1 as port 1
[11:08:44.623] [bmv2] [D] [thread 11091] Adding interface s1-eth1 as port 1
Adding interface s1-eth2 as port 2
[11:08:44.766] [bmv2] [D] [thread 11091] Adding interface s1-eth2 as port 2
Server listening on 0.0.0.0:50051
[11:08:44.845] [bmv2] [I] [thread 11091] Starting Thrift server on port 9090
[11:08:44.846] [bmv2] [I] [thread 11091] Thrift server was started
[11:08:44.848] [bmv2] [D] [thread 11106] [0.0] [cxt 0] Processing packet received on port 2
[11:08:44.848] [bmv2] [D] [thread 11106] [0.0] [cxt 0] Parser 'parser': start
[11:08:44.848] [bmv2] [D] [thread 11106] [0.0] [cxt 0] Parser 'parser' entering state 'start'
[11:08:44.848] [bmv2] [D] [thread 11106] [0.0] [cxt 0] Extracting header 'ethernet'
[11:08:44.848] [bmv2] [D] [thread 11106] [0.0] [cxt 0] Parser state 'start': key is 86dd
[11:08:44.848] [bmv2] [T] [thread 11106] [0.0] [cxt 0] Bytes parsed: 14
[11:08:44.848] [bmv2] [D] [thread 11106] [0.0] [cxt 0] Parser 'parser': end
[11:08:44.848] [bmv2] [D] [thread 11106] [0.0] [cxt 0] Pipeline 'ingress': start
[11:08:44.848] [bmv2] [T] [thread 11106] [0.0] [cxt 0] Applying table 'tbl_act'
[11:08:44.848] [bmv2] [D] [thread 11106] [0.0] [cxt 0] Looking up key:

[11:08:44.848] [bmv2] [D] [thread 11106] [0.0] [cxt 0] Table 'tbl_act': miss
[11:08:44.848] [bmv2] [D] [thread 11106] [0.0] [cxt 0] Action entry is act - 
[11:08:44.848] [bmv2] [T] [thread 11106] [0.0] [cxt 0] Action act
[11:08:44.848] [bmv2] [T] [thread 11106] [0.0] [cxt 0] Primitive (no source info)
[11:08:44.848] [bmv2] [T] [thread 11106] [0.0] [cxt 0] basic.p4(122) Condition "hdr.ipv4.isValid()" (node_3) is false
[11:08:44.848] [bmv2] [D] [thread 11106] [0.0] [cxt 0] Pipeline 'ingress': end
[11:08:44.848] [bmv2] [D] [thread 11106] [0.0] [cxt 0] Egress port is 0
[11:08:44.848] [bmv2] [D] [thread 11107] [0.0] [cxt 0] Pipeline 'egress': start
[11:08:44.848] [bmv2] [D] [thread 11107] [0.0] [cxt 0] Pipeline 'egress': end
[11:08:44.848] [bmv2] [D] [thread 11107] [0.0] [cxt 0] Deparser 'deparser': start
[11:08:44.848] [bmv2] [T] [thread 11107] [0.0] [cxt 0] Skipping checksum 'cksum' update because condition not met
[11:08:44.848] [bmv2] [D] [thread 11107] [0.0] [cxt 0] Deparsing header 'ethernet'
[11:08:44.848] [bmv2] [D] [thread 11107] [0.0] [cxt 0] Deparser 'deparser': end
[11:08:44.848] [bmv2] [D] [thread 11111] [0.0] [cxt 0] Transmitting packet of size 86 out of port 0
[11:08:44.849] [bmv2] [D] [thread 11106] [1.0] [cxt 0] Processing packet received on port 2
[11:08:44.849] [bmv2] [D] [thread 11106] [1.0] [cxt 0] Parser 'parser': start
[11:08:44.849] [bmv2] [D] [thread 11106] [1.0] [cxt 0] Parser 'parser' entering state 'start'
[11:08:44.849] [bmv2] [D] [thread 11106] [1.0] [cxt 0] Extracting header 'ethernet'
[11:08:44.849] [bmv2] [D] [thread 11106] [1.0] [cxt 0] Parser state 'start': key is 86dd
[11:08:44.849] [bmv2] [T] [thread 11106] [1.0] [cxt 0] Bytes parsed: 14
[11:08:44.849] [bmv2] [D] [thread 11106] [1.0] [cxt 0] Parser 'parser': end
[11:08:44.849] [bmv2] [D] [thread 11106] [1.0] [cxt 0] Pipeline 'ingress': start
[11:08:44.849] [bmv2] [T] [thread 11106] [1.0] [cxt 0] Applying table 'tbl_act'
[11:08:44.849] [bmv2] [D] [thread 11106] [1.0] [cxt 0] Looking up key:

[11:08:44.849] [bmv2] [D] [thread 11106] [1.0] [cxt 0] Table 'tbl_act': miss
[11:08:44.849] [bmv2] [D] [thread 11106] [1.0] [cxt 0] Action entry is act - 
[11:08:44.849] [bmv2] [T] [thread 11106] [1.0] [cxt 0] Action act
[11:08:44.849] [bmv2] [T] [thread 11106] [1.0] [cxt 0] Primitive (no source info)
[11:08:44.849] [bmv2] [T] [thread 11106] [1.0] [cxt 0] basic.p4(122) Condition "hdr.ipv4.isValid()" (node_3) is false
[11:08:44.849] [bmv2] [D] [thread 11106] [1.0] [cxt 0] Pipeline 'ingress': end
[11:08:44.849] [bmv2] [D] [thread 11106] [1.0] [cxt 0] Egress port is 0
[11:08:44.849] [bmv2] [D] [thread 11107] [1.0] [cxt 0] Pipeline 'egress': start
[11:08:44.849] [bmv2] [D] [thread 11107] [1.0] [cxt 0] Pipeline 'egress': end
[11:08:44.849] [bmv2] [D] [thread 11107] [1.0] [cxt 0] Deparser 'deparser': start
[11:08:44.849] [bmv2] [T] [thread 11107] [1.0] [cxt 0] Skipping checksum 'cksum' update because condition not met
[11:08:44.849] [bmv2] [D] [thread 11107] [1.0] [cxt 0] Deparsing header 'ethernet'
[11:08:44.849] [bmv2] [D] [thread 11107] [1.0] [cxt 0] Deparser 'deparser': end
[11:08:44.849] [bmv2] [D] [thread 11111] [1.0] [cxt 0] Transmitting packet of size 90 out of port 0
[11:08:45.238] [bmv2] [D] [thread 11106] [2.0] [cxt 0] Processing packet received on port 1
[11:08:45.238] [bmv2] [D] [thread 11106] [2.0] [cxt 0] Parser 'parser': start
[11:08:45.238] [bmv2] [D] [thread 11106] [2.0] [cxt 0] Parser 'parser' entering state 'start'
[11:08:45.238] [bmv2] [D] [thread 11106] [2.0] [cxt 0] Extracting header 'ethernet'
[11:08:45.238] [bmv2] [D] [thread 11106] [2.0] [cxt 0] Parser state 'start': key is 86dd
[11:08:45.238] [bmv2] [T] [thread 11106] [2.0] [cxt 0] Bytes parsed: 14
[11:08:45.238] [bmv2] [D] [thread 11106] [2.0] [cxt 0] Parser 'parser': end
[11:08:45.238] [bmv2] [D] [thread 11106] [2.0] [cxt 0] Pipeline 'ingress': start
[11:08:45.238] [bmv2] [T] [thread 11106] [2.0] [cxt 0] Applying table 'tbl_act'
[11:08:45.238] [bmv2] [D] [thread 11106] [2.0] [cxt 0] Looking up key:

[11:08:45.238] [bmv2] [D] [thread 11106] [2.0] [cxt 0] Table 'tbl_act': miss
[11:08:45.238] [bmv2] [D] [thread 11106] [2.0] [cxt 0] Action entry is act - 
[11:08:45.238] [bmv2] [T] [thread 11106] [2.0] [cxt 0] Action act
[11:08:45.238] [bmv2] [T] [thread 11106] [2.0] [cxt 0] Primitive (no source info)
[11:08:45.238] [bmv2] [T] [thread 11106] [2.0] [cxt 0] basic.p4(122) Condition "hdr.ipv4.isValid()" (node_3) is false
[11:08:45.238] [bmv2] [D] [thread 11106] [2.0] [cxt 0] Pipeline 'ingress': end
[11:08:45.238] [bmv2] [D] [thread 11106] [2.0] [cxt 0] Egress port is 0
[11:08:45.238] [bmv2] [D] [thread 11107] [2.0] [cxt 0] Pipeline 'egress': start
[11:08:45.238] [bmv2] [D] [thread 11107] [2.0] [cxt 0] Pipeline 'egress': end
[11:08:45.238] [bmv2] [D] [thread 11107] [2.0] [cxt 0] Deparser 'deparser': start
[11:08:45.238] [bmv2] [T] [thread 11107] [2.0] [cxt 0] Skipping checksum 'cksum' update because condition not met
[11:08:45.238] [bmv2] [D] [thread 11107] [2.0] [cxt 0] Deparsing header 'ethernet'
[11:08:45.238] [bmv2] [D] [thread 11107] [2.0] [cxt 0] Deparser 'deparser': end
[11:08:45.238] [bmv2] [D] [thread 11111] [2.0] [cxt 0] Transmitting packet of size 90 out of port 0
[11:08:45.551] [bmv2] [D] [thread 11106] [3.0] [cxt 0] Processing packet received on port 1
[11:08:45.551] [bmv2] [D] [thread 11106] [3.0] [cxt 0] Parser 'parser': start
[11:08:45.551] [bmv2] [D] [thread 11106] [3.0] [cxt 0] Parser 'parser' entering state 'start'
[11:08:45.551] [bmv2] [D] [thread 11106] [3.0] [cxt 0] Extracting header 'ethernet'
[11:08:45.551] [bmv2] [D] [thread 11106] [3.0] [cxt 0] Parser state 'start': key is 86dd
[11:08:45.551] [bmv2] [T] [thread 11106] [3.0] [cxt 0] Bytes parsed: 14
[11:08:45.551] [bmv2] [D] [thread 11106] [3.0] [cxt 0] Parser 'parser': end
[11:08:45.551] [bmv2] [D] [thread 11106] [3.0] [cxt 0] Pipeline 'ingress': start
[11:08:45.551] [bmv2] [T] [thread 11106] [3.0] [cxt 0] Applying table 'tbl_act'
[11:08:45.551] [bmv2] [D] [thread 11106] [3.0] [cxt 0] Looking up key:

[11:08:45.551] [bmv2] [D] [thread 11106] [3.0] [cxt 0] Table 'tbl_act': miss
[11:08:45.551] [bmv2] [D] [thread 11106] [3.0] [cxt 0] Action entry is act - 
[11:08:45.551] [bmv2] [T] [thread 11106] [3.0] [cxt 0] Action act
[11:08:45.551] [bmv2] [T] [thread 11106] [3.0] [cxt 0] Primitive (no source info)
[11:08:45.551] [bmv2] [T] [thread 11106] [3.0] [cxt 0] basic.p4(122) Condition "hdr.ipv4.isValid()" (node_3) is false
[11:08:45.551] [bmv2] [D] [thread 11106] [3.0] [cxt 0] Pipeline 'ingress': end
[11:08:45.551] [bmv2] [D] [thread 11106] [3.0] [cxt 0] Egress port is 0
[11:08:45.551] [bmv2] [D] [thread 11107] [3.0] [cxt 0] Pipeline 'egress': start
[11:08:45.551] [bmv2] [D] [thread 11107] [3.0] [cxt 0] Pipeline 'egress': end
[11:08:45.551] [bmv2] [D] [thread 11107] [3.0] [cxt 0] Deparser 'deparser': start
[11:08:45.551] [bmv2] [T] [thread 11107] [3.0] [cxt 0] Skipping checksum 'cksum' update because condition not met
[11:08:45.551] [bmv2] [D] [thread 11107] [3.0] [cxt 0] Deparsing header 'ethernet'
[11:08:45.551] [bmv2] [D] [thread 11107] [3.0] [cxt 0] Deparser 'deparser': end
[11:08:45.551] [bmv2] [D] [thread 11111] [3.0] [cxt 0] Transmitting packet of size 86 out of port 0
[11:08:45.857] [bmv2] [D] [thread 11106] [4.0] [cxt 0] Processing packet received on port 2
[11:08:45.857] [bmv2] [D] [thread 11106] [4.0] [cxt 0] Parser 'parser': start
[11:08:45.857] [bmv2] [D] [thread 11106] [4.0] [cxt 0] Parser 'parser' entering state 'start'
[11:08:45.857] [bmv2] [D] [thread 11106] [4.0] [cxt 0] Extracting header 'ethernet'
[11:08:45.857] [bmv2] [D] [thread 11106] [4.0] [cxt 0] Parser state 'start': key is 86dd
[11:08:45.857] [bmv2] [T] [thread 11106] [4.0] [cxt 0] Bytes parsed: 14
[11:08:45.857] [bmv2] [D] [thread 11106] [4.0] [cxt 0] Parser 'parser': end
[11:08:45.857] [bmv2] [D] [thread 11106] [4.0] [cxt 0] Pipeline 'ingress': start
[11:08:45.857] [bmv2] [T] [thread 11106] [4.0] [cxt 0] Applying table 'tbl_act'
[11:08:45.857] [bmv2] [D] [thread 11106] [4.0] [cxt 0] Looking up key:

[11:08:45.857] [bmv2] [D] [thread 11106] [4.0] [cxt 0] Table 'tbl_act': miss
[11:08:45.857] [bmv2] [D] [thread 11106] [4.0] [cxt 0] Action entry is act - 
[11:08:45.857] [bmv2] [T] [thread 11106] [4.0] [cxt 0] Action act
[11:08:45.857] [bmv2] [T] [thread 11106] [4.0] [cxt 0] Primitive (no source info)
[11:08:45.857] [bmv2] [T] [thread 11106] [4.0] [cxt 0] basic.p4(122) Condition "hdr.ipv4.isValid()" (node_3) is false
[11:08:45.857] [bmv2] [D] [thread 11106] [4.0] [cxt 0] Pipeline 'ingress': end
[11:08:45.857] [bmv2] [D] [thread 11106] [4.0] [cxt 0] Egress port is 0
[11:08:45.857] [bmv2] [D] [thread 11106] [5.0] [cxt 0] Processing packet received on port 2
[11:08:45.857] [bmv2] [D] [thread 11106] [5.0] [cxt 0] Parser 'parser': start
[11:08:45.857] [bmv2] [D] [thread 11106] [5.0] [cxt 0] Parser 'parser' entering state 'start'
[11:08:45.857] [bmv2] [D] [thread 11106] [5.0] [cxt 0] Extracting header 'ethernet'
[11:08:45.857] [bmv2] [D] [thread 11106] [5.0] [cxt 0] Parser state 'start': key is 86dd
[11:08:45.857] [bmv2] [T] [thread 11106] [5.0] [cxt 0] Bytes parsed: 14
[11:08:45.857] [bmv2] [D] [thread 11106] [5.0] [cxt 0] Parser 'parser': end
[11:08:45.857] [bmv2] [D] [thread 11106] [5.0] [cxt 0] Pipeline 'ingress': start
[11:08:45.857] [bmv2] [T] [thread 11106] [5.0] [cxt 0] Applying table 'tbl_act'
[11:08:45.857] [bmv2] [D] [thread 11107] [4.0] [cxt 0] Pipeline 'egress': start
[11:08:45.857] [bmv2] [D] [thread 11107] [4.0] [cxt 0] Pipeline 'egress': end
[11:08:45.857] [bmv2] [D] [thread 11106] [5.0] [cxt 0] Looking up key:

[11:08:45.857] [bmv2] [D] [thread 11107] [4.0] [cxt 0] Deparser 'deparser': start
[11:08:45.857] [bmv2] [D] [thread 11106] [5.0] [cxt 0] Table 'tbl_act': miss
[11:08:45.857] [bmv2] [D] [thread 11106] [5.0] [cxt 0] Action entry is act - 
[11:08:45.857] [bmv2] [T] [thread 11106] [5.0] [cxt 0] Action act
[11:08:45.857] [bmv2] [T] [thread 11107] [4.0] [cxt 0] Skipping checksum 'cksum' update because condition not met
[11:08:45.857] [bmv2] [T] [thread 11106] [5.0] [cxt 0] Primitive (no source info)
[11:08:45.857] [bmv2] [D] [thread 11107] [4.0] [cxt 0] Deparsing header 'ethernet'
[11:08:45.857] [bmv2] [T] [thread 11106] [5.0] [cxt 0] basic.p4(122) Condition "hdr.ipv4.isValid()" (node_3) is false
[11:08:45.857] [bmv2] [D] [thread 11107] [4.0] [cxt 0] Deparser 'deparser': end
[11:08:45.857] [bmv2] [D] [thread 11106] [5.0] [cxt 0] Pipeline 'ingress': end
[11:08:45.857] [bmv2] [D] [thread 11106] [5.0] [cxt 0] Egress port is 0
[11:08:45.857] [bmv2] [D] [thread 11111] [4.0] [cxt 0] Transmitting packet of size 90 out of port 0
[11:08:45.857] [bmv2] [D] [thread 11107] [5.0] [cxt 0] Pipeline 'egress': start
[11:08:45.857] [bmv2] [D] [thread 11107] [5.0] [cxt 0] Pipeline 'egress': end
[11:08:45.857] [bmv2] [D] [thread 11107] [5.0] [cxt 0] Deparser 'deparser': start
[11:08:45.857] [bmv2] [T] [thread 11107] [5.0] [cxt 0] Skipping checksum 'cksum' update because condition not met
[11:08:45.857] [bmv2] [D] [thread 11107] [5.0] [cxt 0] Deparsing header 'ethernet'
[11:08:45.857] [bmv2] [D] [thread 11107] [5.0] [cxt 0] Deparser 'deparser': end
[11:08:45.857] [bmv2] [D] [thread 11111] [5.0] [cxt 0] Transmitting packet of size 70 out of port 0
[11:08:45.870] [bmv2] [D] [thread 11106] [6.0] [cxt 0] Processing packet received on port 2
[11:08:45.870] [bmv2] [D] [thread 11106] [6.0] [cxt 0] Parser 'parser': start
[11:08:45.870] [bmv2] [D] [thread 11106] [6.0] [cxt 0] Parser 'parser' entering state 'start'
[11:08:45.870] [bmv2] [D] [thread 11106] [6.0] [cxt 0] Extracting header 'ethernet'
[11:08:45.870] [bmv2] [D] [thread 11106] [6.0] [cxt 0] Parser state 'start': key is 86dd
[11:08:45.870] [bmv2] [T] [thread 11106] [6.0] [cxt 0] Bytes parsed: 14
[11:08:45.870] [bmv2] [D] [thread 11106] [6.0] [cxt 0] Parser 'parser': end
[11:08:45.870] [bmv2] [D] [thread 11106] [6.0] [cxt 0] Pipeline 'ingress': start
[11:08:45.870] [bmv2] [T] [thread 11106] [6.0] [cxt 0] Applying table 'tbl_act'
[11:08:45.870] [bmv2] [D] [thread 11106] [6.0] [cxt 0] Looking up key:

[11:08:45.870] [bmv2] [D] [thread 11106] [6.0] [cxt 0] Table 'tbl_act': miss
[11:08:45.870] [bmv2] [D] [thread 11106] [6.0] [cxt 0] Action entry is act - 
[11:08:45.870] [bmv2] [T] [thread 11106] [6.0] [cxt 0] Action act
[11:08:45.870] [bmv2] [T] [thread 11106] [6.0] [cxt 0] Primitive (no source info)
[11:08:45.870] [bmv2] [T] [thread 11106] [6.0] [cxt 0] basic.p4(122) Condition "hdr.ipv4.isValid()" (node_3) is false
[11:08:45.870] [bmv2] [D] [thread 11106] [6.0] [cxt 0] Pipeline 'ingress': end
[11:08:45.870] [bmv2] [D] [thread 11106] [6.0] [cxt 0] Egress port is 0
[11:08:45.870] [bmv2] [D] [thread 11107] [6.0] [cxt 0] Pipeline 'egress': start
[11:08:45.870] [bmv2] [D] [thread 11107] [6.0] [cxt 0] Pipeline 'egress': end
[11:08:45.870] [bmv2] [D] [thread 11107] [6.0] [cxt 0] Deparser 'deparser': start
[11:08:45.870] [bmv2] [T] [thread 11107] [6.0] [cxt 0] Skipping checksum 'cksum' update because condition not met
[11:08:45.870] [bmv2] [D] [thread 11107] [6.0] [cxt 0] Deparsing header 'ethernet'
[11:08:45.870] [bmv2] [D] [thread 11107] [6.0] [cxt 0] Deparser 'deparser': end
[11:08:45.870] [bmv2] [D] [thread 11111] [6.0] [cxt 0] Transmitting packet of size 90 out of port 0
[11:08:45.957] [bmv2] [D] [thread 11106] [7.0] [cxt 0] Processing packet received on port 2
[11:08:45.957] [bmv2] [D] [thread 11106] [7.0] [cxt 0] Parser 'parser': start
[11:08:45.957] [bmv2] [D] [thread 11106] [7.0] [cxt 0] Parser 'parser' entering state 'start'
[11:08:45.957] [bmv2] [D] [thread 11106] [7.0] [cxt 0] Extracting header 'ethernet'
[11:08:45.957] [bmv2] [D] [thread 11106] [7.0] [cxt 0] Parser state 'start': key is 86dd
[11:08:45.957] [bmv2] [T] [thread 11106] [7.0] [cxt 0] Bytes parsed: 14
[11:08:45.957] [bmv2] [D] [thread 11106] [7.0] [cxt 0] Parser 'parser': end
[11:08:45.957] [bmv2] [D] [thread 11106] [7.0] [cxt 0] Pipeline 'ingress': start
[11:08:45.957] [bmv2] [T] [thread 11106] [7.0] [cxt 0] Applying table 'tbl_act'
[11:08:45.957] [bmv2] [D] [thread 11106] [7.0] [cxt 0] Looking up key:

[11:08:45.957] [bmv2] [D] [thread 11106] [7.0] [cxt 0] Table 'tbl_act': miss
[11:08:45.957] [bmv2] [D] [thread 11106] [7.0] [cxt 0] Action entry is act - 
[11:08:45.957] [bmv2] [T] [thread 11106] [7.0] [cxt 0] Action act
[11:08:45.957] [bmv2] [T] [thread 11106] [7.0] [cxt 0] Primitive (no source info)
[11:08:45.957] [bmv2] [T] [thread 11106] [7.0] [cxt 0] basic.p4(122) Condition "hdr.ipv4.isValid()" (node_3) is false
[11:08:45.957] [bmv2] [D] [thread 11106] [7.0] [cxt 0] Pipeline 'ingress': end
[11:08:45.957] [bmv2] [D] [thread 11106] [7.0] [cxt 0] Egress port is 0
[11:08:45.957] [bmv2] [D] [thread 11107] [7.0] [cxt 0] Pipeline 'egress': start
[11:08:45.957] [bmv2] [D] [thread 11107] [7.0] [cxt 0] Pipeline 'egress': end
[11:08:45.957] [bmv2] [D] [thread 11107] [7.0] [cxt 0] Deparser 'deparser': start
[11:08:45.957] [bmv2] [T] [thread 11107] [7.0] [cxt 0] Skipping checksum 'cksum' update because condition not met
[11:08:45.957] [bmv2] [D] [thread 11107] [7.0] [cxt 0] Deparsing header 'ethernet'
[11:08:45.957] [bmv2] [D] [thread 11107] [7.0] [cxt 0] Deparser 'deparser': end
[11:08:45.957] [bmv2] [D] [thread 11111] [7.0] [cxt 0] Transmitting packet of size 203 out of port 0
[11:08:46.113] [bmv2] [D] [thread 11106] [8.0] [cxt 0] Processing packet received on port 2
[11:08:46.113] [bmv2] [D] [thread 11106] [8.0] [cxt 0] Parser 'parser': start
[11:08:46.113] [bmv2] [D] [thread 11106] [8.0] [cxt 0] Parser 'parser' entering state 'start'
[11:08:46.113] [bmv2] [D] [thread 11106] [8.0] [cxt 0] Extracting header 'ethernet'
[11:08:46.113] [bmv2] [D] [thread 11106] [8.0] [cxt 0] Parser state 'start': key is 86dd
[11:08:46.113] [bmv2] [T] [thread 11106] [8.0] [cxt 0] Bytes parsed: 14
[11:08:46.113] [bmv2] [D] [thread 11106] [8.0] [cxt 0] Parser 'parser': end
[11:08:46.113] [bmv2] [D] [thread 11106] [8.0] [cxt 0] Pipeline 'ingress': start
[11:08:46.113] [bmv2] [T] [thread 11106] [8.0] [cxt 0] Applying table 'tbl_act'
[11:08:46.113] [bmv2] [D] [thread 11106] [8.0] [cxt 0] Looking up key:

[11:08:46.113] [bmv2] [D] [thread 11106] [8.0] [cxt 0] Table 'tbl_act': miss
[11:08:46.113] [bmv2] [D] [thread 11106] [8.0] [cxt 0] Action entry is act - 
[11:08:46.113] [bmv2] [T] [thread 11106] [8.0] [cxt 0] Action act
[11:08:46.113] [bmv2] [T] [thread 11106] [8.0] [cxt 0] Primitive (no source info)
[11:08:46.113] [bmv2] [T] [thread 11106] [8.0] [cxt 0] basic.p4(122) Condition "hdr.ipv4.isValid()" (node_3) is false
[11:08:46.113] [bmv2] [D] [thread 11106] [8.0] [cxt 0] Pipeline 'ingress': end
[11:08:46.113] [bmv2] [D] [thread 11106] [8.0] [cxt 0] Egress port is 0
[11:08:46.114] [bmv2] [D] [thread 11107] [8.0] [cxt 0] Pipeline 'egress': start
[11:08:46.114] [bmv2] [D] [thread 11107] [8.0] [cxt 0] Pipeline 'egress': end
[11:08:46.114] [bmv2] [D] [thread 11107] [8.0] [cxt 0] Deparser 'deparser': start
[11:08:46.114] [bmv2] [T] [thread 11107] [8.0] [cxt 0] Skipping checksum 'cksum' update because condition not met
[11:08:46.114] [bmv2] [D] [thread 11107] [8.0] [cxt 0] Deparsing header 'ethernet'
[11:08:46.114] [bmv2] [D] [thread 11107] [8.0] [cxt 0] Deparser 'deparser': end
[11:08:46.114] [bmv2] [D] [thread 11111] [8.0] [cxt 0] Transmitting packet of size 211 out of port 0
[11:08:46.160] [bmv2] [W] [thread 11130] [P4Runtime] p4::tmp::P4DeviceConfig is deprecated
[11:08:46.162] [bmv2] [D] [thread 11130] Set default default entry for table 'tbl_act': act - 
[11:08:46.162] [bmv2] [D] [thread 11130] Set default default entry for table 'tbl_mark_dscp': MyIngress.mark_dscp - 
[11:08:46.162] [bmv2] [D] [thread 11130] Set default default entry for table 'tbl_drop': MyIngress.drop - 
[11:08:46.162] [bmv2] [D] [thread 11130] Set default default entry for table 'tbl_basic124': basic124 - 
[11:08:46.162] [bmv2] [D] [thread 11130] Set default default entry for table 'tbl_decrease_ttl': MyIngress.decrease_ttl - 
[11:08:46.162] [bmv2] [D] [thread 11130] Set default default entry for table 'MyIngress.ipv4_lpm': MyIngress.drop - 
[11:08:46.163] [bmv2] [D] [thread 11130] simple_switch target has been notified of a config swap
[11:08:46.164] [bmv2] [D] [thread 11130] Set default entry for table 'MyIngress.ipv4_lpm': MyIngress.drop - 
[11:08:46.165] [bmv2] [D] [thread 11131] Entry 0 added to table 'MyIngress.ipv4_lpm'
[11:08:46.165] [bmv2] [D] [thread 11131] Dumping entry 0
Match key:
* hdr.ipv4.dstAddr    : LPM       0a000101/32
Action entry: MyIngress.ipv4_forward - 80000000111,1,

[11:08:46.166] [bmv2] [D] [thread 11130] Entry 1 added to table 'MyIngress.ipv4_lpm'
[11:08:46.166] [bmv2] [D] [thread 11130] Dumping entry 1
Match key:
* hdr.ipv4.dstAddr    : LPM       0a000202/32
Action entry: MyIngress.ipv4_forward - 80000000222,2,

[11:08:46.366] [bmv2] [D] [thread 11106] [9.0] [cxt 0] Processing packet received on port 2
[11:08:46.366] [bmv2] [D] [thread 11106] [9.0] [cxt 0] Parser 'parser': start
[11:08:46.366] [bmv2] [D] [thread 11106] [9.0] [cxt 0] Parser 'parser' entering state 'start'
[11:08:46.366] [bmv2] [D] [thread 11106] [9.0] [cxt 0] Extracting header 'ethernet'
[11:08:46.366] [bmv2] [D] [thread 11106] [9.0] [cxt 0] Parser state 'start': key is 86dd
[11:08:46.366] [bmv2] [T] [thread 11106] [9.0] [cxt 0] Bytes parsed: 14
[11:08:46.366] [bmv2] [D] [thread 11106] [9.0] [cxt 0] Parser 'parser': end
[11:08:46.366] [bmv2] [D] [thread 11106] [9.0] [cxt 0] Pipeline 'ingress': start
[11:08:46.366] [bmv2] [T] [thread 11106] [9.0] [cxt 0] Applying table 'tbl_act'
[11:08:46.366] [bmv2] [D] [thread 11106] [9.0] [cxt 0] Looking up key:

[11:08:46.366] [bmv2] [D] [thread 11106] [9.0] [cxt 0] Table 'tbl_act': miss
[11:08:46.366] [bmv2] [D] [thread 11106] [9.0] [cxt 0] Action entry is act - 
[11:08:46.366] [bmv2] [T] [thread 11106] [9.0] [cxt 0] Action act
[11:08:46.366] [bmv2] [T] [thread 11106] [9.0] [cxt 0] Primitive (no source info)
[11:08:46.366] [bmv2] [T] [thread 11106] [9.0] [cxt 0] basic.p4(122) Condition "hdr.ipv4.isValid()" (node_3) is false
[11:08:46.366] [bmv2] [D] [thread 11106] [9.0] [cxt 0] Pipeline 'ingress': end
[11:08:46.366] [bmv2] [D] [thread 11106] [9.0] [cxt 0] Egress port is 0
[11:08:46.366] [bmv2] [D] [thread 11107] [9.0] [cxt 0] Pipeline 'egress': start
[11:08:46.366] [bmv2] [D] [thread 11107] [9.0] [cxt 0] Pipeline 'egress': end
[11:08:46.366] [bmv2] [D] [thread 11107] [9.0] [cxt 0] Deparser 'deparser': start
[11:08:46.366] [bmv2] [T] [thread 11107] [9.0] [cxt 0] Skipping checksum 'cksum' update because condition not met
[11:08:46.366] [bmv2] [D] [thread 11107] [9.0] [cxt 0] Deparsing header 'ethernet'
[11:08:46.366] [bmv2] [D] [thread 11107] [9.0] [cxt 0] Deparser 'deparser': end
[11:08:46.366] [bmv2] [D] [thread 11111] [9.0] [cxt 0] Transmitting packet of size 211 out of port 0
[11:08:46.560] [bmv2] [D] [thread 11106] [10.0] [cxt 0] Processing packet received on port 1
[11:08:46.560] [bmv2] [D] [thread 11106] [10.0] [cxt 0] Parser 'parser': start
[11:08:46.560] [bmv2] [D] [thread 11106] [10.0] [cxt 0] Parser 'parser' entering state 'start'
[11:08:46.560] [bmv2] [D] [thread 11106] [10.0] [cxt 0] Extracting header 'ethernet'
[11:08:46.560] [bmv2] [D] [thread 11106] [10.0] [cxt 0] Parser state 'start': key is 86dd
[11:08:46.560] [bmv2] [T] [thread 11106] [10.0] [cxt 0] Bytes parsed: 14
[11:08:46.560] [bmv2] [D] [thread 11106] [10.0] [cxt 0] Parser 'parser': end
[11:08:46.560] [bmv2] [D] [thread 11106] [10.0] [cxt 0] Pipeline 'ingress': start
[11:08:46.560] [bmv2] [T] [thread 11106] [10.0] [cxt 0] Applying table 'tbl_act'
[11:08:46.560] [bmv2] [D] [thread 11106] [10.0] [cxt 0] Looking up key:

[11:08:46.560] [bmv2] [D] [thread 11106] [10.0] [cxt 0] Table 'tbl_act': miss
[11:08:46.560] [bmv2] [D] [thread 11106] [10.0] [cxt 0] Action entry is act - 
[11:08:46.560] [bmv2] [T] [thread 11106] [10.0] [cxt 0] Action act
[11:08:46.561] [bmv2] [T] [thread 11106] [10.0] [cxt 0] Primitive (no source info)
[11:08:46.561] [bmv2] [T] [thread 11106] [10.0] [cxt 0] basic.p4(122) Condition "hdr.ipv4.isValid()" (node_3) is false
[11:08:46.561] [bmv2] [D] [thread 11106] [10.0] [cxt 0] Pipeline 'ingress': end
[11:08:46.561] [bmv2] [D] [thread 11106] [10.0] [cxt 0] Egress port is 0
[11:08:46.561] [bmv2] [D] [thread 11106] [11.0] [cxt 0] Processing packet received on port 1
[11:08:46.561] [bmv2] [D] [thread 11106] [11.0] [cxt 0] Parser 'parser': start
[11:08:46.561] [bmv2] [D] [thread 11106] [11.0] [cxt 0] Parser 'parser' entering state 'start'
[11:08:46.561] [bmv2] [D] [thread 11106] [11.0] [cxt 0] Extracting header 'ethernet'
[11:08:46.561] [bmv2] [D] [thread 11106] [11.0] [cxt 0] Parser state 'start': key is 86dd
[11:08:46.561] [bmv2] [T] [thread 11106] [11.0] [cxt 0] Bytes parsed: 14
[11:08:46.561] [bmv2] [D] [thread 11106] [11.0] [cxt 0] Parser 'parser': end
[11:08:46.561] [bmv2] [D] [thread 11107] [10.0] [cxt 0] Pipeline 'egress': start
[11:08:46.561] [bmv2] [D] [thread 11106] [11.0] [cxt 0] Pipeline 'ingress': start
[11:08:46.561] [bmv2] [D] [thread 11107] [10.0] [cxt 0] Pipeline 'egress': end
[11:08:46.561] [bmv2] [T] [thread 11106] [11.0] [cxt 0] Applying table 'tbl_act'
[11:08:46.561] [bmv2] [D] [thread 11107] [10.0] [cxt 0] Deparser 'deparser': start
[11:08:46.561] [bmv2] [D] [thread 11106] [11.0] [cxt 0] Looking up key:

[11:08:46.561] [bmv2] [D] [thread 11106] [11.0] [cxt 0] Table 'tbl_act': miss
[11:08:46.561] [bmv2] [T] [thread 11107] [10.0] [cxt 0] Skipping checksum 'cksum' update because condition not met
[11:08:46.561] [bmv2] [D] [thread 11106] [11.0] [cxt 0] Action entry is act - 
[11:08:46.561] [bmv2] [D] [thread 11107] [10.0] [cxt 0] Deparsing header 'ethernet'
[11:08:46.561] [bmv2] [T] [thread 11106] [11.0] [cxt 0] Action act
[11:08:46.561] [bmv2] [D] [thread 11107] [10.0] [cxt 0] Deparser 'deparser': end
[11:08:46.561] [bmv2] [T] [thread 11106] [11.0] [cxt 0] Primitive (no source info)
[11:08:46.561] [bmv2] [T] [thread 11106] [11.0] [cxt 0] basic.p4(122) Condition "hdr.ipv4.isValid()" (node_3) is false
[11:08:46.561] [bmv2] [D] [thread 11106] [11.0] [cxt 0] Pipeline 'ingress': end
[11:08:46.561] [bmv2] [D] [thread 11106] [11.0] [cxt 0] Egress port is 0
[11:08:46.561] [bmv2] [D] [thread 11111] [10.0] [cxt 0] Transmitting packet of size 90 out of port 0
[11:08:46.561] [bmv2] [D] [thread 11107] [11.0] [cxt 0] Pipeline 'egress': start
[11:08:46.561] [bmv2] [D] [thread 11107] [11.0] [cxt 0] Pipeline 'egress': end
[11:08:46.561] [bmv2] [D] [thread 11107] [11.0] [cxt 0] Deparser 'deparser': start
[11:08:46.561] [bmv2] [T] [thread 11107] [11.0] [cxt 0] Skipping checksum 'cksum' update because condition not met
[11:08:46.561] [bmv2] [D] [thread 11107] [11.0] [cxt 0] Deparsing header 'ethernet'
[11:08:46.561] [bmv2] [D] [thread 11107] [11.0] [cxt 0] Deparser 'deparser': end
[11:08:46.561] [bmv2] [D] [thread 11111] [11.0] [cxt 0] Transmitting packet of size 70 out of port 0
[11:08:46.575] [bmv2] [D] [thread 11106] [12.0] [cxt 0] Processing packet received on port 1
[11:08:46.575] [bmv2] [D] [thread 11106] [12.0] [cxt 0] Parser 'parser': start
[11:08:46.575] [bmv2] [D] [thread 11106] [12.0] [cxt 0] Parser 'parser' entering state 'start'
[11:08:46.575] [bmv2] [D] [thread 11106] [12.0] [cxt 0] Extracting header 'ethernet'
[11:08:46.575] [bmv2] [D] [thread 11106] [12.0] [cxt 0] Parser state 'start': key is 86dd
[11:08:46.575] [bmv2] [T] [thread 11106] [12.0] [cxt 0] Bytes parsed: 14
[11:08:46.575] [bmv2] [D] [thread 11106] [12.0] [cxt 0] Parser 'parser': end
[11:08:46.575] [bmv2] [D] [thread 11106] [12.0] [cxt 0] Pipeline 'ingress': start
[11:08:46.575] [bmv2] [T] [thread 11106] [12.0] [cxt 0] Applying table 'tbl_act'
[11:08:46.575] [bmv2] [D] [thread 11106] [12.0] [cxt 0] Looking up key:

[11:08:46.575] [bmv2] [D] [thread 11106] [12.0] [cxt 0] Table 'tbl_act': miss
[11:08:46.575] [bmv2] [D] [thread 11106] [12.0] [cxt 0] Action entry is act - 
[11:08:46.575] [bmv2] [T] [thread 11106] [12.0] [cxt 0] Action act
[11:08:46.575] [bmv2] [T] [thread 11106] [12.0] [cxt 0] Primitive (no source info)
[11:08:46.575] [bmv2] [T] [thread 11106] [12.0] [cxt 0] basic.p4(122) Condition "hdr.ipv4.isValid()" (node_3) is false
[11:08:46.575] [bmv2] [D] [thread 11106] [12.0] [cxt 0] Pipeline 'ingress': end
[11:08:46.575] [bmv2] [D] [thread 11106] [12.0] [cxt 0] Egress port is 0
[11:08:46.575] [bmv2] [D] [thread 11107] [12.0] [cxt 0] Pipeline 'egress': start
[11:08:46.575] [bmv2] [D] [thread 11107] [12.0] [cxt 0] Pipeline 'egress': end
[11:08:46.575] [bmv2] [D] [thread 11107] [12.0] [cxt 0] Deparser 'deparser': start
[11:08:46.575] [bmv2] [T] [thread 11107] [12.0] [cxt 0] Skipping checksum 'cksum' update because condition not met
[11:08:46.575] [bmv2] [D] [thread 11107] [12.0] [cxt 0] Deparsing header 'ethernet'
[11:08:46.575] [bmv2] [D] [thread 11107] [12.0] [cxt 0] Deparser 'deparser': end
[11:08:46.575] [bmv2] [D] [thread 11111] [12.0] [cxt 0] Transmitting packet of size 90 out of port 0
[11:08:46.632] [bmv2] [D] [thread 11106] [13.0] [cxt 0] Processing packet received on port 2
[11:08:46.632] [bmv2] [D] [thread 11106] [13.0] [cxt 0] Parser 'parser': start
[11:08:46.632] [bmv2] [D] [thread 11106] [13.0] [cxt 0] Parser 'parser' entering state 'start'
[11:08:46.632] [bmv2] [D] [thread 11106] [13.0] [cxt 0] Extracting header 'ethernet'
[11:08:46.632] [bmv2] [D] [thread 11106] [13.0] [cxt 0] Parser state 'start': key is 86dd
[11:08:46.632] [bmv2] [T] [thread 11106] [13.0] [cxt 0] Bytes parsed: 14
[11:08:46.632] [bmv2] [D] [thread 11106] [13.0] [cxt 0] Parser 'parser': end
[11:08:46.632] [bmv2] [D] [thread 11106] [13.0] [cxt 0] Pipeline 'ingress': start
[11:08:46.632] [bmv2] [T] [thread 11106] [13.0] [cxt 0] Applying table 'tbl_act'
[11:08:46.632] [bmv2] [D] [thread 11106] [13.0] [cxt 0] Looking up key:

[11:08:46.632] [bmv2] [D] [thread 11106] [13.0] [cxt 0] Table 'tbl_act': miss
[11:08:46.632] [bmv2] [D] [thread 11106] [13.0] [cxt 0] Action entry is act - 
[11:08:46.632] [bmv2] [T] [thread 11106] [13.0] [cxt 0] Action act
[11:08:46.632] [bmv2] [T] [thread 11106] [13.0] [cxt 0] Primitive (no source info)
[11:08:46.632] [bmv2] [T] [thread 11106] [13.0] [cxt 0] basic.p4(122) Condition "hdr.ipv4.isValid()" (node_3) is false
[11:08:46.632] [bmv2] [D] [thread 11106] [13.0] [cxt 0] Pipeline 'ingress': end
[11:08:46.632] [bmv2] [D] [thread 11106] [13.0] [cxt 0] Egress port is 0
[11:08:46.632] [bmv2] [D] [thread 11107] [13.0] [cxt 0] Pipeline 'egress': start
[11:08:46.632] [bmv2] [D] [thread 11107] [13.0] [cxt 0] Pipeline 'egress': end
[11:08:46.632] [bmv2] [D] [thread 11107] [13.0] [cxt 0] Deparser 'deparser': start
[11:08:46.632] [bmv2] [T] [thread 11107] [13.0] [cxt 0] Skipping checksum 'cksum' update because condition not met
[11:08:46.632] [bmv2] [D] [thread 11107] [13.0] [cxt 0] Deparsing header 'ethernet'
[11:08:46.632] [bmv2] [D] [thread 11107] [13.0] [cxt 0] Deparser 'deparser': end
[11:08:46.632] [bmv2] [D] [thread 11111] [13.0] [cxt 0] Transmitting packet of size 211 out of port 0
[11:08:46.663] [bmv2] [D] [thread 11106] [14.0] [cxt 0] Processing packet received on port 1
[11:08:46.663] [bmv2] [D] [thread 11106] [14.0] [cxt 0] Parser 'parser': start
[11:08:46.663] [bmv2] [D] [thread 11106] [14.0] [cxt 0] Parser 'parser' entering state 'start'
[11:08:46.663] [bmv2] [D] [thread 11106] [14.0] [cxt 0] Extracting header 'ethernet'
[11:08:46.663] [bmv2] [D] [thread 11106] [14.0] [cxt 0] Parser state 'start': key is 86dd
[11:08:46.663] [bmv2] [T] [thread 11106] [14.0] [cxt 0] Bytes parsed: 14
[11:08:46.663] [bmv2] [D] [thread 11106] [14.0] [cxt 0] Parser 'parser': end
[11:08:46.663] [bmv2] [D] [thread 11106] [14.0] [cxt 0] Pipeline 'ingress': start
[11:08:46.663] [bmv2] [T] [thread 11106] [14.0] [cxt 0] Applying table 'tbl_act'
[11:08:46.663] [bmv2] [D] [thread 11106] [14.0] [cxt 0] Looking up key:

[11:08:46.663] [bmv2] [D] [thread 11106] [14.0] [cxt 0] Table 'tbl_act': miss
[11:08:46.663] [bmv2] [D] [thread 11106] [14.0] [cxt 0] Action entry is act - 
[11:08:46.663] [bmv2] [T] [thread 11106] [14.0] [cxt 0] Action act
[11:08:46.663] [bmv2] [T] [thread 11106] [14.0] [cxt 0] Primitive (no source info)
[11:08:46.663] [bmv2] [T] [thread 11106] [14.0] [cxt 0] basic.p4(122) Condition "hdr.ipv4.isValid()" (node_3) is false
[11:08:46.663] [bmv2] [D] [thread 11106] [14.0] [cxt 0] Pipeline 'ingress': end
[11:08:46.663] [bmv2] [D] [thread 11106] [14.0] [cxt 0] Egress port is 0
[11:08:46.663] [bmv2] [D] [thread 11107] [14.0] [cxt 0] Pipeline 'egress': start
[11:08:46.663] [bmv2] [D] [thread 11107] [14.0] [cxt 0] Pipeline 'egress': end
[11:08:46.663] [bmv2] [D] [thread 11107] [14.0] [cxt 0] Deparser 'deparser': start
[11:08:46.663] [bmv2] [T] [thread 11107] [14.0] [cxt 0] Skipping checksum 'cksum' update because condition not met
[11:08:46.663] [bmv2] [D] [thread 11107] [14.0] [cxt 0] Deparsing header 'ethernet'
[11:08:46.663] [bmv2] [D] [thread 11107] [14.0] [cxt 0] Deparser 'deparser': end
[11:08:46.663] [bmv2] [D] [thread 11111] [14.0] [cxt 0] Transmitting packet of size 203 out of port 0
[11:08:46.752] [bmv2] [D] [thread 11106] [15.0] [cxt 0] Processing packet received on port 2
[11:08:46.752] [bmv2] [D] [thread 11106] [15.0] [cxt 0] Parser 'parser': start
[11:08:46.752] [bmv2] [D] [thread 11106] [15.0] [cxt 0] Parser 'parser' entering state 'start'
[11:08:46.752] [bmv2] [D] [thread 11106] [15.0] [cxt 0] Extracting header 'ethernet'
[11:08:46.752] [bmv2] [D] [thread 11106] [15.0] [cxt 0] Parser state 'start': key is 86dd
[11:08:46.752] [bmv2] [T] [thread 11106] [15.0] [cxt 0] Bytes parsed: 14
[11:08:46.752] [bmv2] [D] [thread 11106] [15.0] [cxt 0] Parser 'parser': end
[11:08:46.752] [bmv2] [D] [thread 11106] [15.0] [cxt 0] Pipeline 'ingress': start
[11:08:46.752] [bmv2] [T] [thread 11106] [15.0] [cxt 0] Applying table 'tbl_act'
[11:08:46.752] [bmv2] [D] [thread 11106] [15.0] [cxt 0] Looking up key:

[11:08:46.752] [bmv2] [D] [thread 11106] [15.0] [cxt 0] Table 'tbl_act': miss
[11:08:46.752] [bmv2] [D] [thread 11106] [15.0] [cxt 0] Action entry is act - 
[11:08:46.752] [bmv2] [T] [thread 11106] [15.0] [cxt 0] Action act
[11:08:46.752] [bmv2] [T] [thread 11106] [15.0] [cxt 0] Primitive (no source info)
[11:08:46.752] [bmv2] [T] [thread 11106] [15.0] [cxt 0] basic.p4(122) Condition "hdr.ipv4.isValid()" (node_3) is false
[11:08:46.752] [bmv2] [D] [thread 11106] [15.0] [cxt 0] Pipeline 'ingress': end
[11:08:46.752] [bmv2] [D] [thread 11106] [15.0] [cxt 0] Egress port is 0
[11:08:46.752] [bmv2] [D] [thread 11106] [16.0] [cxt 0] Processing packet received on port 2
[11:08:46.752] [bmv2] [D] [thread 11106] [16.0] [cxt 0] Parser 'parser': start
[11:08:46.752] [bmv2] [D] [thread 11106] [16.0] [cxt 0] Parser 'parser' entering state 'start'
[11:08:46.752] [bmv2] [D] [thread 11106] [16.0] [cxt 0] Extracting header 'ethernet'
[11:08:46.752] [bmv2] [D] [thread 11106] [16.0] [cxt 0] Parser state 'start': key is 86dd
[11:08:46.752] [bmv2] [T] [thread 11106] [16.0] [cxt 0] Bytes parsed: 14
[11:08:46.752] [bmv2] [D] [thread 11106] [16.0] [cxt 0] Parser 'parser': end
[11:08:46.752] [bmv2] [D] [thread 11106] [16.0] [cxt 0] Pipeline 'ingress': start
[11:08:46.752] [bmv2] [T] [thread 11106] [16.0] [cxt 0] Applying table 'tbl_act'
[11:08:46.752] [bmv2] [D] [thread 11106] [16.0] [cxt 0] Looking up key:

[11:08:46.752] [bmv2] [D] [thread 11106] [16.0] [cxt 0] Table 'tbl_act': miss
[11:08:46.752] [bmv2] [D] [thread 11106] [16.0] [cxt 0] Action entry is act - 
[11:08:46.752] [bmv2] [T] [thread 11106] [16.0] [cxt 0] Action act
[11:08:46.752] [bmv2] [T] [thread 11106] [16.0] [cxt 0] Primitive (no source info)
[11:08:46.752] [bmv2] [T] [thread 11106] [16.0] [cxt 0] basic.p4(122) Condition "hdr.ipv4.isValid()" (node_3) is false
[11:08:46.752] [bmv2] [D] [thread 11106] [16.0] [cxt 0] Pipeline 'ingress': end
[11:08:46.752] [bmv2] [D] [thread 11106] [16.0] [cxt 0] Egress port is 0
[11:08:46.752] [bmv2] [D] [thread 11107] [15.0] [cxt 0] Pipeline 'egress': start
[11:08:46.752] [bmv2] [D] [thread 11107] [15.0] [cxt 0] Pipeline 'egress': end
[11:08:46.752] [bmv2] [D] [thread 11107] [15.0] [cxt 0] Deparser 'deparser': start
[11:08:46.752] [bmv2] [T] [thread 11107] [15.0] [cxt 0] Skipping checksum 'cksum' update because condition not met
[11:08:46.752] [bmv2] [D] [thread 11107] [15.0] [cxt 0] Deparsing header 'ethernet'
[11:08:46.752] [bmv2] [D] [thread 11107] [15.0] [cxt 0] Deparser 'deparser': end
[11:08:46.752] [bmv2] [D] [thread 11107] [16.0] [cxt 0] Pipeline 'egress': start
[11:08:46.752] [bmv2] [D] [thread 11107] [16.0] [cxt 0] Pipeline 'egress': end
[11:08:46.752] [bmv2] [D] [thread 11107] [16.0] [cxt 0] Deparser 'deparser': start
[11:08:46.752] [bmv2] [T] [thread 11107] [16.0] [cxt 0] Skipping checksum 'cksum' update because condition not met
[11:08:46.752] [bmv2] [D] [thread 11107] [16.0] [cxt 0] Deparsing header 'ethernet'
[11:08:46.752] [bmv2] [D] [thread 11107] [16.0] [cxt 0] Deparser 'deparser': end
[11:08:46.752] [bmv2] [D] [thread 11111] [15.0] [cxt 0] Transmitting packet of size 90 out of port 0
[11:08:46.752] [bmv2] [D] [thread 11111] [16.0] [cxt 0] Transmitting packet of size 110 out of port 0
[11:08:46.822] [bmv2] [D] [thread 11106] [17.0] [cxt 0] Processing packet received on port 1
[11:08:46.822] [bmv2] [D] [thread 11106] [17.0] [cxt 0] Parser 'parser': start
[11:08:46.822] [bmv2] [D] [thread 11106] [17.0] [cxt 0] Parser 'parser' entering state 'start'
[11:08:46.822] [bmv2] [D] [thread 11106] [17.0] [cxt 0] Extracting header 'ethernet'
[11:08:46.823] [bmv2] [D] [thread 11106] [17.0] [cxt 0] Parser state 'start': key is 86dd
[11:08:46.823] [bmv2] [T] [thread 11106] [17.0] [cxt 0] Bytes parsed: 14
[11:08:46.823] [bmv2] [D] [thread 11106] [17.0] [cxt 0] Parser 'parser': end
[11:08:46.823] [bmv2] [D] [thread 11106] [17.0] [cxt 0] Pipeline 'ingress': start
[11:08:46.823] [bmv2] [T] [thread 11106] [17.0] [cxt 0] Applying table 'tbl_act'
[11:08:46.823] [bmv2] [D] [thread 11106] [17.0] [cxt 0] Looking up key:

[11:08:46.823] [bmv2] [D] [thread 11106] [17.0] [cxt 0] Table 'tbl_act': miss
[11:08:46.823] [bmv2] [D] [thread 11106] [17.0] [cxt 0] Action entry is act - 
[11:08:46.823] [bmv2] [T] [thread 11106] [17.0] [cxt 0] Action act
[11:08:46.823] [bmv2] [T] [thread 11106] [17.0] [cxt 0] Primitive (no source info)
[11:08:46.823] [bmv2] [T] [thread 11106] [17.0] [cxt 0] basic.p4(122) Condition "hdr.ipv4.isValid()" (node_3) is false
[11:08:46.823] [bmv2] [D] [thread 11106] [17.0] [cxt 0] Pipeline 'ingress': end
[11:08:46.823] [bmv2] [D] [thread 11106] [17.0] [cxt 0] Egress port is 0
[11:08:46.823] [bmv2] [D] [thread 11107] [17.0] [cxt 0] Pipeline 'egress': start
[11:08:46.823] [bmv2] [D] [thread 11107] [17.0] [cxt 0] Pipeline 'egress': end
[11:08:46.823] [bmv2] [D] [thread 11107] [17.0] [cxt 0] Deparser 'deparser': start
[11:08:46.823] [bmv2] [T] [thread 11107] [17.0] [cxt 0] Skipping checksum 'cksum' update because condition not met
[11:08:46.823] [bmv2] [D] [thread 11107] [17.0] [cxt 0] Deparsing header 'ethernet'
[11:08:46.823] [bmv2] [D] [thread 11107] [17.0] [cxt 0] Deparser 'deparser': end
[11:08:46.823] [bmv2] [D] [thread 11111] [17.0] [cxt 0] Transmitting packet of size 211 out of port 0
[11:08:46.826] [bmv2] [D] [thread 11106] [18.0] [cxt 0] Processing packet received on port 2
[11:08:46.826] [bmv2] [D] [thread 11106] [18.0] [cxt 0] Parser 'parser': start
[11:08:46.826] [bmv2] [D] [thread 11106] [18.0] [cxt 0] Parser 'parser' entering state 'start'
[11:08:46.826] [bmv2] [D] [thread 11106] [18.0] [cxt 0] Extracting header 'ethernet'
[11:08:46.826] [bmv2] [D] [thread 11106] [18.0] [cxt 0] Parser state 'start': key is 86dd
[11:08:46.826] [bmv2] [T] [thread 11106] [18.0] [cxt 0] Bytes parsed: 14
[11:08:46.826] [bmv2] [D] [thread 11106] [18.0] [cxt 0] Parser 'parser': end
[11:08:46.826] [bmv2] [D] [thread 11106] [18.0] [cxt 0] Pipeline 'ingress': start
[11:08:46.826] [bmv2] [T] [thread 11106] [18.0] [cxt 0] Applying table 'tbl_act'
[11:08:46.826] [bmv2] [D] [thread 11106] [18.0] [cxt 0] Looking up key:

[11:08:46.826] [bmv2] [D] [thread 11106] [18.0] [cxt 0] Table 'tbl_act': miss
[11:08:46.826] [bmv2] [D] [thread 11106] [18.0] [cxt 0] Action entry is act - 
[11:08:46.826] [bmv2] [T] [thread 11106] [18.0] [cxt 0] Action act
[11:08:46.826] [bmv2] [T] [thread 11106] [18.0] [cxt 0] Primitive (no source info)
[11:08:46.826] [bmv2] [T] [thread 11106] [18.0] [cxt 0] basic.p4(122) Condition "hdr.ipv4.isValid()" (node_3) is false
[11:08:46.826] [bmv2] [D] [thread 11106] [18.0] [cxt 0] Pipeline 'ingress': end
[11:08:46.826] [bmv2] [D] [thread 11106] [18.0] [cxt 0] Egress port is 0
[11:08:46.826] [bmv2] [D] [thread 11107] [18.0] [cxt 0] Pipeline 'egress': start
[11:08:46.826] [bmv2] [D] [thread 11107] [18.0] [cxt 0] Pipeline 'egress': end
[11:08:46.826] [bmv2] [D] [thread 11107] [18.0] [cxt 0] Deparser 'deparser': start
[11:08:46.826] [bmv2] [T] [thread 11107] [18.0] [cxt 0] Skipping checksum 'cksum' update because condition not met
[11:08:46.826] [bmv2] [D] [thread 11107] [18.0] [cxt 0] Deparsing header 'ethernet'
[11:08:46.826] [bmv2] [D] [thread 11107] [18.0] [cxt 0] Deparser 'deparser': end
[11:08:46.826] [bmv2] [D] [thread 11111] [18.0] [cxt 0] Transmitting packet of size 199 out of port 0
[11:08:46.928] [bmv2] [D] [thread 11106] [19.0] [cxt 0] Processing packet received on port 1
[11:08:46.928] [bmv2] [D] [thread 11106] [19.0] [cxt 0] Parser 'parser': start
[11:08:46.928] [bmv2] [D] [thread 11106] [19.0] [cxt 0] Parser 'parser' entering state 'start'
[11:08:46.928] [bmv2] [D] [thread 11106] [19.0] [cxt 0] Extracting header 'ethernet'
[11:08:46.928] [bmv2] [D] [thread 11106] [19.0] [cxt 0] Parser state 'start': key is 86dd
[11:08:46.928] [bmv2] [T] [thread 11106] [19.0] [cxt 0] Bytes parsed: 14
[11:08:46.928] [bmv2] [D] [thread 11106] [19.0] [cxt 0] Parser 'parser': end
[11:08:46.928] [bmv2] [D] [thread 11106] [19.0] [cxt 0] Pipeline 'ingress': start
[11:08:46.928] [bmv2] [T] [thread 11106] [19.0] [cxt 0] Applying table 'tbl_act'
[11:08:46.928] [bmv2] [D] [thread 11106] [19.0] [cxt 0] Looking up key:

[11:08:46.928] [bmv2] [D] [thread 11106] [19.0] [cxt 0] Table 'tbl_act': miss
[11:08:46.928] [bmv2] [D] [thread 11106] [19.0] [cxt 0] Action entry is act - 
[11:08:46.928] [bmv2] [T] [thread 11106] [19.0] [cxt 0] Action act
[11:08:46.928] [bmv2] [T] [thread 11106] [19.0] [cxt 0] Primitive (no source info)
[11:08:46.928] [bmv2] [T] [thread 11106] [19.0] [cxt 0] basic.p4(122) Condition "hdr.ipv4.isValid()" (node_3) is false
[11:08:46.928] [bmv2] [D] [thread 11106] [19.0] [cxt 0] Pipeline 'ingress': end
[11:08:46.928] [bmv2] [D] [thread 11106] [19.0] [cxt 0] Egress port is 0
[11:08:46.928] [bmv2] [D] [thread 11107] [19.0] [cxt 0] Pipeline 'egress': start
[11:08:46.928] [bmv2] [D] [thread 11107] [19.0] [cxt 0] Pipeline 'egress': end
[11:08:46.928] [bmv2] [D] [thread 11107] [19.0] [cxt 0] Deparser 'deparser': start
[11:08:46.928] [bmv2] [T] [thread 11107] [19.0] [cxt 0] Skipping checksum 'cksum' update because condition not met
[11:08:46.928] [bmv2] [D] [thread 11107] [19.0] [cxt 0] Deparsing header 'ethernet'
[11:08:46.928] [bmv2] [D] [thread 11107] [19.0] [cxt 0] Deparser 'deparser': end
[11:08:46.928] [bmv2] [D] [thread 11111] [19.0] [cxt 0] Transmitting packet of size 90 out of port 0
[11:08:46.957] [bmv2] [D] [thread 11106] [20.0] [cxt 0] Processing packet received on port 2
[11:08:46.958] [bmv2] [D] [thread 11106] [20.0] [cxt 0] Parser 'parser': start
[11:08:46.958] [bmv2] [D] [thread 11106] [20.0] [cxt 0] Parser 'parser' entering state 'start'
[11:08:46.958] [bmv2] [D] [thread 11106] [20.0] [cxt 0] Extracting header 'ethernet'
[11:08:46.958] [bmv2] [D] [thread 11106] [20.0] [cxt 0] Parser state 'start': key is 86dd
[11:08:46.958] [bmv2] [T] [thread 11106] [20.0] [cxt 0] Bytes parsed: 14
[11:08:46.958] [bmv2] [D] [thread 11106] [20.0] [cxt 0] Parser 'parser': end
[11:08:46.958] [bmv2] [D] [thread 11106] [20.0] [cxt 0] Pipeline 'ingress': start
[11:08:46.958] [bmv2] [T] [thread 11106] [20.0] [cxt 0] Applying table 'tbl_act'
[11:08:46.958] [bmv2] [D] [thread 11106] [20.0] [cxt 0] Looking up key:

[11:08:46.958] [bmv2] [D] [thread 11106] [20.0] [cxt 0] Table 'tbl_act': miss
[11:08:46.958] [bmv2] [D] [thread 11106] [20.0] [cxt 0] Action entry is act - 
[11:08:46.958] [bmv2] [T] [thread 11106] [20.0] [cxt 0] Action act
[11:08:46.958] [bmv2] [T] [thread 11106] [20.0] [cxt 0] Primitive (no source info)
[11:08:46.958] [bmv2] [T] [thread 11106] [20.0] [cxt 0] basic.p4(122) Condition "hdr.ipv4.isValid()" (node_3) is false
[11:08:46.958] [bmv2] [D] [thread 11106] [20.0] [cxt 0] Pipeline 'ingress': end
[11:08:46.958] [bmv2] [D] [thread 11106] [20.0] [cxt 0] Egress port is 0
[11:08:46.958] [bmv2] [D] [thread 11107] [20.0] [cxt 0] Pipeline 'egress': start
[11:08:46.958] [bmv2] [D] [thread 11107] [20.0] [cxt 0] Pipeline 'egress': end
[11:08:46.958] [bmv2] [D] [thread 11107] [20.0] [cxt 0] Deparser 'deparser': start
[11:08:46.958] [bmv2] [T] [thread 11107] [20.0] [cxt 0] Skipping checksum 'cksum' update because condition not met
[11:08:46.958] [bmv2] [D] [thread 11107] [20.0] [cxt 0] Deparsing header 'ethernet'
[11:08:46.958] [bmv2] [D] [thread 11107] [20.0] [cxt 0] Deparser 'deparser': end
[11:08:46.958] [bmv2] [D] [thread 11111] [20.0] [cxt 0] Transmitting packet of size 203 out of port 0
[11:08:47.086] [bmv2] [D] [thread 11106] [21.0] [cxt 0] Processing packet received on port 1
[11:08:47.086] [bmv2] [D] [thread 11106] [21.0] [cxt 0] Parser 'parser': start
[11:08:47.086] [bmv2] [D] [thread 11106] [21.0] [cxt 0] Parser 'parser' entering state 'start'
[11:08:47.086] [bmv2] [D] [thread 11106] [21.0] [cxt 0] Extracting header 'ethernet'
[11:08:47.086] [bmv2] [D] [thread 11106] [21.0] [cxt 0] Parser state 'start': key is 86dd
[11:08:47.086] [bmv2] [T] [thread 11106] [21.0] [cxt 0] Bytes parsed: 14
[11:08:47.086] [bmv2] [D] [thread 11106] [21.0] [cxt 0] Parser 'parser': end
[11:08:47.086] [bmv2] [D] [thread 11106] [21.0] [cxt 0] Pipeline 'ingress': start
[11:08:47.086] [bmv2] [T] [thread 11106] [21.0] [cxt 0] Applying table 'tbl_act'
[11:08:47.086] [bmv2] [D] [thread 11106] [21.0] [cxt 0] Looking up key:

[11:08:47.086] [bmv2] [D] [thread 11106] [21.0] [cxt 0] Table 'tbl_act': miss
[11:08:47.086] [bmv2] [D] [thread 11106] [21.0] [cxt 0] Action entry is act - 
[11:08:47.086] [bmv2] [T] [thread 11106] [21.0] [cxt 0] Action act
[11:08:47.086] [bmv2] [T] [thread 11106] [21.0] [cxt 0] Primitive (no source info)
[11:08:47.086] [bmv2] [T] [thread 11106] [21.0] [cxt 0] basic.p4(122) Condition "hdr.ipv4.isValid()" (node_3) is false
[11:08:47.086] [bmv2] [D] [thread 11106] [21.0] [cxt 0] Pipeline 'ingress': end
[11:08:47.086] [bmv2] [D] [thread 11106] [21.0] [cxt 0] Egress port is 0
[11:08:47.086] [bmv2] [D] [thread 11107] [21.0] [cxt 0] Pipeline 'egress': start
[11:08:47.086] [bmv2] [D] [thread 11107] [21.0] [cxt 0] Pipeline 'egress': end
[11:08:47.086] [bmv2] [D] [thread 11107] [21.0] [cxt 0] Deparser 'deparser': start
[11:08:47.086] [bmv2] [T] [thread 11107] [21.0] [cxt 0] Skipping checksum 'cksum' update because condition not met
[11:08:47.086] [bmv2] [D] [thread 11107] [21.0] [cxt 0] Deparsing header 'ethernet'
[11:08:47.086] [bmv2] [D] [thread 11107] [21.0] [cxt 0] Deparser 'deparser': end
[11:08:47.086] [bmv2] [D] [thread 11111] [21.0] [cxt 0] Transmitting packet of size 211 out of port 0
[11:08:47.155] [bmv2] [D] [thread 11106] [22.0] [cxt 0] Processing packet received on port 1
[11:08:47.155] [bmv2] [D] [thread 11106] [22.0] [cxt 0] Parser 'parser': start
[11:08:47.155] [bmv2] [D] [thread 11106] [22.0] [cxt 0] Parser 'parser' entering state 'start'
[11:08:47.155] [bmv2] [D] [thread 11106] [22.0] [cxt 0] Extracting header 'ethernet'
[11:08:47.155] [bmv2] [D] [thread 11106] [22.0] [cxt 0] Parser state 'start': key is 86dd
[11:08:47.155] [bmv2] [T] [thread 11106] [22.0] [cxt 0] Bytes parsed: 14
[11:08:47.155] [bmv2] [D] [thread 11106] [22.0] [cxt 0] Parser 'parser': end
[11:08:47.155] [bmv2] [D] [thread 11106] [22.0] [cxt 0] Pipeline 'ingress': start
[11:08:47.155] [bmv2] [T] [thread 11106] [22.0] [cxt 0] Applying table 'tbl_act'
[11:08:47.155] [bmv2] [D] [thread 11106] [22.0] [cxt 0] Looking up key:

[11:08:47.155] [bmv2] [D] [thread 11106] [22.0] [cxt 0] Table 'tbl_act': miss
[11:08:47.155] [bmv2] [D] [thread 11106] [22.0] [cxt 0] Action entry is act - 
[11:08:47.155] [bmv2] [T] [thread 11106] [22.0] [cxt 0] Action act
[11:08:47.155] [bmv2] [T] [thread 11106] [22.0] [cxt 0] Primitive (no source info)
[11:08:47.155] [bmv2] [T] [thread 11106] [22.0] [cxt 0] basic.p4(122) Condition "hdr.ipv4.isValid()" (node_3) is false
[11:08:47.155] [bmv2] [D] [thread 11106] [22.0] [cxt 0] Pipeline 'ingress': end
[11:08:47.155] [bmv2] [D] [thread 11106] [22.0] [cxt 0] Egress port is 0
[11:08:47.155] [bmv2] [D] [thread 11107] [22.0] [cxt 0] Pipeline 'egress': start
[11:08:47.155] [bmv2] [D] [thread 11107] [22.0] [cxt 0] Pipeline 'egress': end
[11:08:47.155] [bmv2] [D] [thread 11107] [22.0] [cxt 0] Deparser 'deparser': start
[11:08:47.155] [bmv2] [T] [thread 11107] [22.0] [cxt 0] Skipping checksum 'cksum' update because condition not met
[11:08:47.155] [bmv2] [D] [thread 11107] [22.0] [cxt 0] Deparsing header 'ethernet'
[11:08:47.155] [bmv2] [D] [thread 11107] [22.0] [cxt 0] Deparser 'deparser': end
[11:08:47.155] [bmv2] [D] [thread 11111] [22.0] [cxt 0] Transmitting packet of size 110 out of port 0
[11:08:47.345] [bmv2] [D] [thread 11106] [23.0] [cxt 0] Processing packet received on port 1
[11:08:47.345] [bmv2] [D] [thread 11106] [23.0] [cxt 0] Parser 'parser': start
[11:08:47.345] [bmv2] [D] [thread 11106] [23.0] [cxt 0] Parser 'parser' entering state 'start'
[11:08:47.345] [bmv2] [D] [thread 11106] [23.0] [cxt 0] Extracting header 'ethernet'
[11:08:47.345] [bmv2] [D] [thread 11106] [23.0] [cxt 0] Parser state 'start': key is 86dd
[11:08:47.345] [bmv2] [T] [thread 11106] [23.0] [cxt 0] Bytes parsed: 14
[11:08:47.345] [bmv2] [D] [thread 11106] [23.0] [cxt 0] Parser 'parser': end
[11:08:47.345] [bmv2] [D] [thread 11106] [23.0] [cxt 0] Pipeline 'ingress': start
[11:08:47.345] [bmv2] [T] [thread 11106] [23.0] [cxt 0] Applying table 'tbl_act'
[11:08:47.345] [bmv2] [D] [thread 11106] [23.0] [cxt 0] Looking up key:

[11:08:47.345] [bmv2] [D] [thread 11106] [23.0] [cxt 0] Table 'tbl_act': miss
[11:08:47.345] [bmv2] [D] [thread 11106] [23.0] [cxt 0] Action entry is act - 
[11:08:47.345] [bmv2] [T] [thread 11106] [23.0] [cxt 0] Action act
[11:08:47.345] [bmv2] [T] [thread 11106] [23.0] [cxt 0] Primitive (no source info)
[11:08:47.345] [bmv2] [T] [thread 11106] [23.0] [cxt 0] basic.p4(122) Condition "hdr.ipv4.isValid()" (node_3) is false
[11:08:47.345] [bmv2] [D] [thread 11106] [23.0] [cxt 0] Pipeline 'ingress': end
[11:08:47.345] [bmv2] [D] [thread 11106] [23.0] [cxt 0] Egress port is 0
[11:08:47.345] [bmv2] [D] [thread 11107] [23.0] [cxt 0] Pipeline 'egress': start
[11:08:47.345] [bmv2] [D] [thread 11107] [23.0] [cxt 0] Pipeline 'egress': end
[11:08:47.345] [bmv2] [D] [thread 11107] [23.0] [cxt 0] Deparser 'deparser': start
[11:08:47.345] [bmv2] [T] [thread 11107] [23.0] [cxt 0] Skipping checksum 'cksum' update because condition not met
[11:08:47.345] [bmv2] [D] [thread 11107] [23.0] [cxt 0] Deparsing header 'ethernet'
[11:08:47.345] [bmv2] [D] [thread 11107] [23.0] [cxt 0] Deparser 'deparser': end
[11:08:47.345] [bmv2] [D] [thread 11111] [23.0] [cxt 0] Transmitting packet of size 211 out of port 0
[11:08:47.534] [bmv2] [D] [thread 11106] [24.0] [cxt 0] Processing packet received on port 1
[11:08:47.534] [bmv2] [D] [thread 11106] [24.0] [cxt 0] Parser 'parser': start
[11:08:47.534] [bmv2] [D] [thread 11106] [24.0] [cxt 0] Parser 'parser' entering state 'start'
[11:08:47.534] [bmv2] [D] [thread 11106] [24.0] [cxt 0] Extracting header 'ethernet'
[11:08:47.534] [bmv2] [D] [thread 11106] [24.0] [cxt 0] Parser state 'start': key is 86dd
[11:08:47.534] [bmv2] [T] [thread 11106] [24.0] [cxt 0] Bytes parsed: 14
[11:08:47.534] [bmv2] [D] [thread 11106] [24.0] [cxt 0] Parser 'parser': end
[11:08:47.534] [bmv2] [D] [thread 11106] [24.0] [cxt 0] Pipeline 'ingress': start
[11:08:47.534] [bmv2] [T] [thread 11106] [24.0] [cxt 0] Applying table 'tbl_act'
[11:08:47.534] [bmv2] [D] [thread 11106] [24.0] [cxt 0] Looking up key:

[11:08:47.534] [bmv2] [D] [thread 11106] [24.0] [cxt 0] Table 'tbl_act': miss
[11:08:47.534] [bmv2] [D] [thread 11106] [24.0] [cxt 0] Action entry is act - 
[11:08:47.534] [bmv2] [T] [thread 11106] [24.0] [cxt 0] Action act
[11:08:47.534] [bmv2] [T] [thread 11106] [24.0] [cxt 0] Primitive (no source info)
[11:08:47.534] [bmv2] [T] [thread 11106] [24.0] [cxt 0] basic.p4(122) Condition "hdr.ipv4.isValid()" (node_3) is false
[11:08:47.534] [bmv2] [D] [thread 11106] [24.0] [cxt 0] Pipeline 'ingress': end
[11:08:47.534] [bmv2] [D] [thread 11106] [24.0] [cxt 0] Egress port is 0
[11:08:47.534] [bmv2] [D] [thread 11107] [24.0] [cxt 0] Pipeline 'egress': start
[11:08:47.534] [bmv2] [D] [thread 11107] [24.0] [cxt 0] Pipeline 'egress': end
[11:08:47.534] [bmv2] [D] [thread 11107] [24.0] [cxt 0] Deparser 'deparser': start
[11:08:47.534] [bmv2] [T] [thread 11107] [24.0] [cxt 0] Skipping checksum 'cksum' update because condition not met
[11:08:47.534] [bmv2] [D] [thread 11107] [24.0] [cxt 0] Deparsing header 'ethernet'
[11:08:47.534] [bmv2] [D] [thread 11107] [24.0] [cxt 0] Deparser 'deparser': end
[11:08:47.534] [bmv2] [D] [thread 11111] [24.0] [cxt 0] Transmitting packet of size 199 out of port 0
[11:08:47.662] [bmv2] [D] [thread 11106] [25.0] [cxt 0] Processing packet received on port 1
[11:08:47.662] [bmv2] [D] [thread 11106] [25.0] [cxt 0] Parser 'parser': start
[11:08:47.662] [bmv2] [D] [thread 11106] [25.0] [cxt 0] Parser 'parser' entering state 'start'
[11:08:47.662] [bmv2] [D] [thread 11106] [25.0] [cxt 0] Extracting header 'ethernet'
[11:08:47.662] [bmv2] [D] [thread 11106] [25.0] [cxt 0] Parser state 'start': key is 86dd
[11:08:47.662] [bmv2] [T] [thread 11106] [25.0] [cxt 0] Bytes parsed: 14
[11:08:47.662] [bmv2] [D] [thread 11106] [25.0] [cxt 0] Parser 'parser': end
[11:08:47.662] [bmv2] [D] [thread 11106] [25.0] [cxt 0] Pipeline 'ingress': start
[11:08:47.662] [bmv2] [T] [thread 11106] [25.0] [cxt 0] Applying table 'tbl_act'
[11:08:47.662] [bmv2] [D] [thread 11106] [25.0] [cxt 0] Looking up key:

[11:08:47.662] [bmv2] [D] [thread 11106] [25.0] [cxt 0] Table 'tbl_act': miss
[11:08:47.662] [bmv2] [D] [thread 11106] [25.0] [cxt 0] Action entry is act - 
[11:08:47.662] [bmv2] [T] [thread 11106] [25.0] [cxt 0] Action act
[11:08:47.662] [bmv2] [T] [thread 11106] [25.0] [cxt 0] Primitive (no source info)
[11:08:47.662] [bmv2] [T] [thread 11106] [25.0] [cxt 0] basic.p4(122) Condition "hdr.ipv4.isValid()" (node_3) is false
[11:08:47.662] [bmv2] [D] [thread 11106] [25.0] [cxt 0] Pipeline 'ingress': end
[11:08:47.662] [bmv2] [D] [thread 11106] [25.0] [cxt 0] Egress port is 0
[11:08:47.662] [bmv2] [D] [thread 11107] [25.0] [cxt 0] Pipeline 'egress': start
[11:08:47.662] [bmv2] [D] [thread 11107] [25.0] [cxt 0] Pipeline 'egress': end
[11:08:47.662] [bmv2] [D] [thread 11107] [25.0] [cxt 0] Deparser 'deparser': start
[11:08:47.662] [bmv2] [T] [thread 11107] [25.0] [cxt 0] Skipping checksum 'cksum' update because condition not met
[11:08:47.662] [bmv2] [D] [thread 11107] [25.0] [cxt 0] Deparsing header 'ethernet'
[11:08:47.662] [bmv2] [D] [thread 11107] [25.0] [cxt 0] Deparser 'deparser': end
[11:08:47.662] [bmv2] [D] [thread 11111] [25.0] [cxt 0] Transmitting packet of size 203 out of port 0
[11:08:48.033] [bmv2] [D] [thread 11106] [26.0] [cxt 0] Processing packet received on port 2
[11:08:48.033] [bmv2] [D] [thread 11106] [26.0] [cxt 0] Parser 'parser': start
[11:08:48.033] [bmv2] [D] [thread 11106] [26.0] [cxt 0] Parser 'parser' entering state 'start'
[11:08:48.033] [bmv2] [D] [thread 11106] [26.0] [cxt 0] Extracting header 'ethernet'
[11:08:48.033] [bmv2] [D] [thread 11106] [26.0] [cxt 0] Parser state 'start': key is 86dd
[11:08:48.033] [bmv2] [T] [thread 11106] [26.0] [cxt 0] Bytes parsed: 14
[11:08:48.033] [bmv2] [D] [thread 11106] [26.0] [cxt 0] Parser 'parser': end
[11:08:48.033] [bmv2] [D] [thread 11106] [26.0] [cxt 0] Pipeline 'ingress': start
[11:08:48.033] [bmv2] [T] [thread 11106] [26.0] [cxt 0] Applying table 'tbl_act'
[11:08:48.033] [bmv2] [D] [thread 11106] [26.0] [cxt 0] Looking up key:

[11:08:48.033] [bmv2] [D] [thread 11106] [26.0] [cxt 0] Table 'tbl_act': miss
[11:08:48.033] [bmv2] [D] [thread 11106] [26.0] [cxt 0] Action entry is act - 
[11:08:48.033] [bmv2] [T] [thread 11106] [26.0] [cxt 0] Action act
[11:08:48.033] [bmv2] [T] [thread 11106] [26.0] [cxt 0] Primitive (no source info)
[11:08:48.033] [bmv2] [T] [thread 11106] [26.0] [cxt 0] basic.p4(122) Condition "hdr.ipv4.isValid()" (node_3) is false
[11:08:48.033] [bmv2] [D] [thread 11106] [26.0] [cxt 0] Pipeline 'ingress': end
[11:08:48.033] [bmv2] [D] [thread 11106] [26.0] [cxt 0] Egress port is 0
[11:08:48.033] [bmv2] [D] [thread 11107] [26.0] [cxt 0] Pipeline 'egress': start
[11:08:48.033] [bmv2] [D] [thread 11107] [26.0] [cxt 0] Pipeline 'egress': end
[11:08:48.033] [bmv2] [D] [thread 11107] [26.0] [cxt 0] Deparser 'deparser': start
[11:08:48.033] [bmv2] [T] [thread 11107] [26.0] [cxt 0] Skipping checksum 'cksum' update because condition not met
[11:08:48.033] [bmv2] [D] [thread 11107] [26.0] [cxt 0] Deparsing header 'ethernet'
[11:08:48.033] [bmv2] [D] [thread 11107] [26.0] [cxt 0] Deparser 'deparser': end
[11:08:48.033] [bmv2] [D] [thread 11111] [26.0] [cxt 0] Transmitting packet of size 199 out of port 0
[11:08:48.740] [bmv2] [D] [thread 11106] [27.0] [cxt 0] Processing packet received on port 1
[11:08:48.740] [bmv2] [D] [thread 11106] [27.0] [cxt 0] Parser 'parser': start
[11:08:48.740] [bmv2] [D] [thread 11106] [27.0] [cxt 0] Parser 'parser' entering state 'start'
[11:08:48.740] [bmv2] [D] [thread 11106] [27.0] [cxt 0] Extracting header 'ethernet'
[11:08:48.740] [bmv2] [D] [thread 11106] [27.0] [cxt 0] Parser state 'start': key is 86dd
[11:08:48.740] [bmv2] [T] [thread 11106] [27.0] [cxt 0] Bytes parsed: 14
[11:08:48.740] [bmv2] [D] [thread 11106] [27.0] [cxt 0] Parser 'parser': end
[11:08:48.740] [bmv2] [D] [thread 11106] [27.0] [cxt 0] Pipeline 'ingress': start
[11:08:48.740] [bmv2] [T] [thread 11106] [27.0] [cxt 0] Applying table 'tbl_act'
[11:08:48.740] [bmv2] [D] [thread 11106] [27.0] [cxt 0] Looking up key:

[11:08:48.740] [bmv2] [D] [thread 11106] [27.0] [cxt 0] Table 'tbl_act': miss
[11:08:48.740] [bmv2] [D] [thread 11106] [27.0] [cxt 0] Action entry is act - 
[11:08:48.740] [bmv2] [T] [thread 11106] [27.0] [cxt 0] Action act
[11:08:48.740] [bmv2] [T] [thread 11106] [27.0] [cxt 0] Primitive (no source info)
[11:08:48.740] [bmv2] [T] [thread 11106] [27.0] [cxt 0] basic.p4(122) Condition "hdr.ipv4.isValid()" (node_3) is false
[11:08:48.740] [bmv2] [D] [thread 11106] [27.0] [cxt 0] Pipeline 'ingress': end
[11:08:48.740] [bmv2] [D] [thread 11106] [27.0] [cxt 0] Egress port is 0
[11:08:48.740] [bmv2] [D] [thread 11107] [27.0] [cxt 0] Pipeline 'egress': start
[11:08:48.740] [bmv2] [D] [thread 11107] [27.0] [cxt 0] Pipeline 'egress': end
[11:08:48.740] [bmv2] [D] [thread 11107] [27.0] [cxt 0] Deparser 'deparser': start
[11:08:48.740] [bmv2] [T] [thread 11107] [27.0] [cxt 0] Skipping checksum 'cksum' update because condition not met
[11:08:48.740] [bmv2] [D] [thread 11107] [27.0] [cxt 0] Deparsing header 'ethernet'
[11:08:48.740] [bmv2] [D] [thread 11107] [27.0] [cxt 0] Deparser 'deparser': end
[11:08:48.740] [bmv2] [D] [thread 11111] [27.0] [cxt 0] Transmitting packet of size 199 out of port 0
[11:08:48.965] [bmv2] [D] [thread 11106] [28.0] [cxt 0] Processing packet received on port 2
[11:08:48.965] [bmv2] [D] [thread 11106] [28.0] [cxt 0] Parser 'parser': start
[11:08:48.965] [bmv2] [D] [thread 11106] [28.0] [cxt 0] Parser 'parser' entering state 'start'
[11:08:48.965] [bmv2] [D] [thread 11106] [28.0] [cxt 0] Extracting header 'ethernet'
[11:08:48.965] [bmv2] [D] [thread 11106] [28.0] [cxt 0] Parser state 'start': key is 86dd
[11:08:48.965] [bmv2] [T] [thread 11106] [28.0] [cxt 0] Bytes parsed: 14
[11:08:48.965] [bmv2] [D] [thread 11106] [28.0] [cxt 0] Parser 'parser': end
[11:08:48.965] [bmv2] [D] [thread 11106] [28.0] [cxt 0] Pipeline 'ingress': start
[11:08:48.965] [bmv2] [T] [thread 11106] [28.0] [cxt 0] Applying table 'tbl_act'
[11:08:48.965] [bmv2] [D] [thread 11106] [28.0] [cxt 0] Looking up key:

[11:08:48.965] [bmv2] [D] [thread 11106] [28.0] [cxt 0] Table 'tbl_act': miss
[11:08:48.965] [bmv2] [D] [thread 11106] [28.0] [cxt 0] Action entry is act - 
[11:08:48.965] [bmv2] [T] [thread 11106] [28.0] [cxt 0] Action act
[11:08:48.965] [bmv2] [T] [thread 11106] [28.0] [cxt 0] Primitive (no source info)
[11:08:48.965] [bmv2] [T] [thread 11106] [28.0] [cxt 0] basic.p4(122) Condition "hdr.ipv4.isValid()" (node_3) is false
[11:08:48.965] [bmv2] [D] [thread 11106] [28.0] [cxt 0] Pipeline 'ingress': end
[11:08:48.965] [bmv2] [D] [thread 11106] [28.0] [cxt 0] Egress port is 0
[11:08:48.965] [bmv2] [D] [thread 11107] [28.0] [cxt 0] Pipeline 'egress': start
[11:08:48.965] [bmv2] [D] [thread 11107] [28.0] [cxt 0] Pipeline 'egress': end
[11:08:48.965] [bmv2] [D] [thread 11107] [28.0] [cxt 0] Deparser 'deparser': start
[11:08:48.965] [bmv2] [T] [thread 11107] [28.0] [cxt 0] Skipping checksum 'cksum' update because condition not met
[11:08:48.965] [bmv2] [D] [thread 11107] [28.0] [cxt 0] Deparsing header 'ethernet'
[11:08:48.965] [bmv2] [D] [thread 11107] [28.0] [cxt 0] Deparser 'deparser': end
[11:08:48.965] [bmv2] [D] [thread 11111] [28.0] [cxt 0] Transmitting packet of size 203 out of port 0
[11:08:49.677] [bmv2] [D] [thread 11106] [29.0] [cxt 0] Processing packet received on port 1
[11:08:49.677] [bmv2] [D] [thread 11106] [29.0] [cxt 0] Parser 'parser': start
[11:08:49.677] [bmv2] [D] [thread 11106] [29.0] [cxt 0] Parser 'parser' entering state 'start'
[11:08:49.677] [bmv2] [D] [thread 11106] [29.0] [cxt 0] Extracting header 'ethernet'
[11:08:49.678] [bmv2] [D] [thread 11106] [29.0] [cxt 0] Parser state 'start': key is 86dd
[11:08:49.678] [bmv2] [T] [thread 11106] [29.0] [cxt 0] Bytes parsed: 14
[11:08:49.678] [bmv2] [D] [thread 11106] [29.0] [cxt 0] Parser 'parser': end
[11:08:49.678] [bmv2] [D] [thread 11106] [29.0] [cxt 0] Pipeline 'ingress': start
[11:08:49.678] [bmv2] [T] [thread 11106] [29.0] [cxt 0] Applying table 'tbl_act'
[11:08:49.678] [bmv2] [D] [thread 11106] [29.0] [cxt 0] Looking up key:

[11:08:49.678] [bmv2] [D] [thread 11106] [29.0] [cxt 0] Table 'tbl_act': miss
[11:08:49.678] [bmv2] [D] [thread 11106] [29.0] [cxt 0] Action entry is act - 
[11:08:49.678] [bmv2] [T] [thread 11106] [29.0] [cxt 0] Action act
[11:08:49.678] [bmv2] [T] [thread 11106] [29.0] [cxt 0] Primitive (no source info)
[11:08:49.678] [bmv2] [T] [thread 11106] [29.0] [cxt 0] basic.p4(122) Condition "hdr.ipv4.isValid()" (node_3) is false
[11:08:49.678] [bmv2] [D] [thread 11106] [29.0] [cxt 0] Pipeline 'ingress': end
[11:08:49.678] [bmv2] [D] [thread 11106] [29.0] [cxt 0] Egress port is 0
[11:08:49.678] [bmv2] [D] [thread 11107] [29.0] [cxt 0] Pipeline 'egress': start
[11:08:49.678] [bmv2] [D] [thread 11107] [29.0] [cxt 0] Pipeline 'egress': end
[11:08:49.678] [bmv2] [D] [thread 11107] [29.0] [cxt 0] Deparser 'deparser': start
[11:08:49.678] [bmv2] [T] [thread 11107] [29.0] [cxt 0] Skipping checksum 'cksum' update because condition not met
[11:08:49.678] [bmv2] [D] [thread 11107] [29.0] [cxt 0] Deparsing header 'ethernet'
[11:08:49.678] [bmv2] [D] [thread 11107] [29.0] [cxt 0] Deparser 'deparser': end
[11:08:49.678] [bmv2] [D] [thread 11111] [29.0] [cxt 0] Transmitting packet of size 203 out of port 0
[11:08:49.827] [bmv2] [D] [thread 11106] [30.0] [cxt 0] Processing packet received on port 2
[11:08:49.827] [bmv2] [D] [thread 11106] [30.0] [cxt 0] Parser 'parser': start
[11:08:49.827] [bmv2] [D] [thread 11106] [30.0] [cxt 0] Parser 'parser' entering state 'start'
[11:08:49.827] [bmv2] [D] [thread 11106] [30.0] [cxt 0] Extracting header 'ethernet'
[11:08:49.827] [bmv2] [D] [thread 11106] [30.0] [cxt 0] Parser state 'start': key is 86dd
[11:08:49.827] [bmv2] [T] [thread 11106] [30.0] [cxt 0] Bytes parsed: 14
[11:08:49.827] [bmv2] [D] [thread 11106] [30.0] [cxt 0] Parser 'parser': end
[11:08:49.827] [bmv2] [D] [thread 11106] [30.0] [cxt 0] Pipeline 'ingress': start
[11:08:49.827] [bmv2] [T] [thread 11106] [30.0] [cxt 0] Applying table 'tbl_act'
[11:08:49.827] [bmv2] [D] [thread 11106] [30.0] [cxt 0] Looking up key:

[11:08:49.827] [bmv2] [D] [thread 11106] [30.0] [cxt 0] Table 'tbl_act': miss
[11:08:49.827] [bmv2] [D] [thread 11106] [30.0] [cxt 0] Action entry is act - 
[11:08:49.827] [bmv2] [T] [thread 11106] [30.0] [cxt 0] Action act
[11:08:49.827] [bmv2] [T] [thread 11106] [30.0] [cxt 0] Primitive (no source info)
[11:08:49.827] [bmv2] [T] [thread 11106] [30.0] [cxt 0] basic.p4(122) Condition "hdr.ipv4.isValid()" (node_3) is false
[11:08:49.827] [bmv2] [D] [thread 11106] [30.0] [cxt 0] Pipeline 'ingress': end
[11:08:49.827] [bmv2] [D] [thread 11106] [30.0] [cxt 0] Egress port is 0
[11:08:49.827] [bmv2] [D] [thread 11107] [30.0] [cxt 0] Pipeline 'egress': start
[11:08:49.827] [bmv2] [D] [thread 11107] [30.0] [cxt 0] Pipeline 'egress': end
[11:08:49.827] [bmv2] [D] [thread 11107] [30.0] [cxt 0] Deparser 'deparser': start
[11:08:49.827] [bmv2] [T] [thread 11107] [30.0] [cxt 0] Skipping checksum 'cksum' update because condition not met
[11:08:49.827] [bmv2] [D] [thread 11107] [30.0] [cxt 0] Deparsing header 'ethernet'
[11:08:49.827] [bmv2] [D] [thread 11107] [30.0] [cxt 0] Deparser 'deparser': end
[11:08:49.827] [bmv2] [D] [thread 11111] [30.0] [cxt 0] Transmitting packet of size 70 out of port 0
[11:08:50.243] [bmv2] [D] [thread 11106] [31.0] [cxt 0] Processing packet received on port 2
[11:08:50.243] [bmv2] [D] [thread 11106] [31.0] [cxt 0] Parser 'parser': start
[11:08:50.243] [bmv2] [D] [thread 11106] [31.0] [cxt 0] Parser 'parser' entering state 'start'
[11:08:50.243] [bmv2] [D] [thread 11106] [31.0] [cxt 0] Extracting header 'ethernet'
[11:08:50.243] [bmv2] [D] [thread 11106] [31.0] [cxt 0] Parser state 'start': key is 86dd
[11:08:50.243] [bmv2] [T] [thread 11106] [31.0] [cxt 0] Bytes parsed: 14
[11:08:50.243] [bmv2] [D] [thread 11106] [31.0] [cxt 0] Parser 'parser': end
[11:08:50.243] [bmv2] [D] [thread 11106] [31.0] [cxt 0] Pipeline 'ingress': start
[11:08:50.243] [bmv2] [T] [thread 11106] [31.0] [cxt 0] Applying table 'tbl_act'
[11:08:50.243] [bmv2] [D] [thread 11106] [31.0] [cxt 0] Looking up key:

[11:08:50.243] [bmv2] [D] [thread 11106] [31.0] [cxt 0] Table 'tbl_act': miss
[11:08:50.243] [bmv2] [D] [thread 11106] [31.0] [cxt 0] Action entry is act - 
[11:08:50.243] [bmv2] [T] [thread 11106] [31.0] [cxt 0] Action act
[11:08:50.243] [bmv2] [T] [thread 11106] [31.0] [cxt 0] Primitive (no source info)
[11:08:50.243] [bmv2] [T] [thread 11106] [31.0] [cxt 0] basic.p4(122) Condition "hdr.ipv4.isValid()" (node_3) is false
[11:08:50.243] [bmv2] [D] [thread 11106] [31.0] [cxt 0] Pipeline 'ingress': end
[11:08:50.243] [bmv2] [D] [thread 11106] [31.0] [cxt 0] Egress port is 0
[11:08:50.244] [bmv2] [D] [thread 11107] [31.0] [cxt 0] Pipeline 'egress': start
[11:08:50.244] [bmv2] [D] [thread 11107] [31.0] [cxt 0] Pipeline 'egress': end
[11:08:50.244] [bmv2] [D] [thread 11107] [31.0] [cxt 0] Deparser 'deparser': start
[11:08:50.244] [bmv2] [T] [thread 11107] [31.0] [cxt 0] Skipping checksum 'cksum' update because condition not met
[11:08:50.244] [bmv2] [D] [thread 11107] [31.0] [cxt 0] Deparsing header 'ethernet'
[11:08:50.244] [bmv2] [D] [thread 11107] [31.0] [cxt 0] Deparser 'deparser': end
[11:08:50.244] [bmv2] [D] [thread 11111] [31.0] [cxt 0] Transmitting packet of size 199 out of port 0
[11:08:50.912] [bmv2] [D] [thread 11106] [32.0] [cxt 0] Processing packet received on port 1
[11:08:50.912] [bmv2] [D] [thread 11106] [32.0] [cxt 0] Parser 'parser': start
[11:08:50.912] [bmv2] [D] [thread 11106] [32.0] [cxt 0] Parser 'parser' entering state 'start'
[11:08:50.912] [bmv2] [D] [thread 11106] [32.0] [cxt 0] Extracting header 'ethernet'
[11:08:50.912] [bmv2] [D] [thread 11106] [32.0] [cxt 0] Parser state 'start': key is 86dd
[11:08:50.912] [bmv2] [T] [thread 11106] [32.0] [cxt 0] Bytes parsed: 14
[11:08:50.912] [bmv2] [D] [thread 11106] [32.0] [cxt 0] Parser 'parser': end
[11:08:50.912] [bmv2] [D] [thread 11106] [32.0] [cxt 0] Pipeline 'ingress': start
[11:08:50.912] [bmv2] [T] [thread 11106] [32.0] [cxt 0] Applying table 'tbl_act'
[11:08:50.912] [bmv2] [D] [thread 11106] [32.0] [cxt 0] Looking up key:

[11:08:50.912] [bmv2] [D] [thread 11106] [32.0] [cxt 0] Table 'tbl_act': miss
[11:08:50.912] [bmv2] [D] [thread 11106] [32.0] [cxt 0] Action entry is act - 
[11:08:50.912] [bmv2] [T] [thread 11106] [32.0] [cxt 0] Action act
[11:08:50.912] [bmv2] [T] [thread 11106] [32.0] [cxt 0] Primitive (no source info)
[11:08:50.912] [bmv2] [T] [thread 11106] [32.0] [cxt 0] basic.p4(122) Condition "hdr.ipv4.isValid()" (node_3) is false
[11:08:50.912] [bmv2] [D] [thread 11106] [32.0] [cxt 0] Pipeline 'ingress': end
[11:08:50.912] [bmv2] [D] [thread 11106] [32.0] [cxt 0] Egress port is 0
[11:08:50.912] [bmv2] [D] [thread 11107] [32.0] [cxt 0] Pipeline 'egress': start
[11:08:50.912] [bmv2] [D] [thread 11107] [32.0] [cxt 0] Pipeline 'egress': end
[11:08:50.912] [bmv2] [D] [thread 11107] [32.0] [cxt 0] Deparser 'deparser': start
[11:08:50.912] [bmv2] [T] [thread 11107] [32.0] [cxt 0] Skipping checksum 'cksum' update because condition not met
[11:08:50.912] [bmv2] [D] [thread 11107] [32.0] [cxt 0] Deparsing header 'ethernet'
[11:08:50.912] [bmv2] [D] [thread 11107] [32.0] [cxt 0] Deparser 'deparser': end
[11:08:50.912] [bmv2] [D] [thread 11111] [32.0] [cxt 0] Transmitting packet of size 70 out of port 0
[11:08:50.952] [bmv2] [D] [thread 11106] [33.0] [cxt 0] Processing packet received on port 1
[11:08:50.952] [bmv2] [D] [thread 11106] [33.0] [cxt 0] Parser 'parser': start
[11:08:50.952] [bmv2] [D] [thread 11106] [33.0] [cxt 0] Parser 'parser' entering state 'start'
[11:08:50.952] [bmv2] [D] [thread 11106] [33.0] [cxt 0] Extracting header 'ethernet'
[11:08:50.952] [bmv2] [D] [thread 11106] [33.0] [cxt 0] Parser state 'start': key is 86dd
[11:08:50.952] [bmv2] [T] [thread 11106] [33.0] [cxt 0] Bytes parsed: 14
[11:08:50.952] [bmv2] [D] [thread 11106] [33.0] [cxt 0] Parser 'parser': end
[11:08:50.952] [bmv2] [D] [thread 11106] [33.0] [cxt 0] Pipeline 'ingress': start
[11:08:50.952] [bmv2] [T] [thread 11106] [33.0] [cxt 0] Applying table 'tbl_act'
[11:08:50.952] [bmv2] [D] [thread 11106] [33.0] [cxt 0] Looking up key:

[11:08:50.952] [bmv2] [D] [thread 11106] [33.0] [cxt 0] Table 'tbl_act': miss
[11:08:50.952] [bmv2] [D] [thread 11106] [33.0] [cxt 0] Action entry is act - 
[11:08:50.952] [bmv2] [T] [thread 11106] [33.0] [cxt 0] Action act
[11:08:50.952] [bmv2] [T] [thread 11106] [33.0] [cxt 0] Primitive (no source info)
[11:08:50.952] [bmv2] [T] [thread 11106] [33.0] [cxt 0] basic.p4(122) Condition "hdr.ipv4.isValid()" (node_3) is false
[11:08:50.952] [bmv2] [D] [thread 11106] [33.0] [cxt 0] Pipeline 'ingress': end
[11:08:50.952] [bmv2] [D] [thread 11106] [33.0] [cxt 0] Egress port is 0
[11:08:50.952] [bmv2] [D] [thread 11107] [33.0] [cxt 0] Pipeline 'egress': start
[11:08:50.952] [bmv2] [D] [thread 11107] [33.0] [cxt 0] Pipeline 'egress': end
[11:08:50.952] [bmv2] [D] [thread 11107] [33.0] [cxt 0] Deparser 'deparser': start
[11:08:50.952] [bmv2] [T] [thread 11107] [33.0] [cxt 0] Skipping checksum 'cksum' update because condition not met
[11:08:50.952] [bmv2] [D] [thread 11107] [33.0] [cxt 0] Deparsing header 'ethernet'
[11:08:50.952] [bmv2] [D] [thread 11107] [33.0] [cxt 0] Deparser 'deparser': end
[11:08:50.952] [bmv2] [D] [thread 11111] [33.0] [cxt 0] Transmitting packet of size 199 out of port 0
[11:08:52.960] [bmv2] [D] [thread 11106] [34.0] [cxt 0] Processing packet received on port 2
[11:08:52.960] [bmv2] [D] [thread 11106] [34.0] [cxt 0] Parser 'parser': start
[11:08:52.960] [bmv2] [D] [thread 11106] [34.0] [cxt 0] Parser 'parser' entering state 'start'
[11:08:52.960] [bmv2] [D] [thread 11106] [34.0] [cxt 0] Extracting header 'ethernet'
[11:08:52.960] [bmv2] [D] [thread 11106] [34.0] [cxt 0] Parser state 'start': key is 86dd
[11:08:52.960] [bmv2] [T] [thread 11106] [34.0] [cxt 0] Bytes parsed: 14
[11:08:52.960] [bmv2] [D] [thread 11106] [34.0] [cxt 0] Parser 'parser': end
[11:08:52.960] [bmv2] [D] [thread 11106] [34.0] [cxt 0] Pipeline 'ingress': start
[11:08:52.960] [bmv2] [T] [thread 11106] [34.0] [cxt 0] Applying table 'tbl_act'
[11:08:52.960] [bmv2] [D] [thread 11106] [34.0] [cxt 0] Looking up key:

[11:08:52.960] [bmv2] [D] [thread 11106] [34.0] [cxt 0] Table 'tbl_act': miss
[11:08:52.960] [bmv2] [D] [thread 11106] [34.0] [cxt 0] Action entry is act - 
[11:08:52.960] [bmv2] [T] [thread 11106] [34.0] [cxt 0] Action act
[11:08:52.960] [bmv2] [T] [thread 11106] [34.0] [cxt 0] Primitive (no source info)
[11:08:52.960] [bmv2] [T] [thread 11106] [34.0] [cxt 0] basic.p4(122) Condition "hdr.ipv4.isValid()" (node_3) is false
[11:08:52.960] [bmv2] [D] [thread 11106] [34.0] [cxt 0] Pipeline 'ingress': end
[11:08:52.960] [bmv2] [D] [thread 11106] [34.0] [cxt 0] Egress port is 0
[11:08:52.960] [bmv2] [D] [thread 11107] [34.0] [cxt 0] Pipeline 'egress': start
[11:08:52.960] [bmv2] [D] [thread 11107] [34.0] [cxt 0] Pipeline 'egress': end
[11:08:52.960] [bmv2] [D] [thread 11107] [34.0] [cxt 0] Deparser 'deparser': start
[11:08:52.960] [bmv2] [T] [thread 11107] [34.0] [cxt 0] Skipping checksum 'cksum' update because condition not met
[11:08:52.960] [bmv2] [D] [thread 11107] [34.0] [cxt 0] Deparsing header 'ethernet'
[11:08:52.960] [bmv2] [D] [thread 11107] [34.0] [cxt 0] Deparser 'deparser': end
[11:08:52.961] [bmv2] [D] [thread 11111] [34.0] [cxt 0] Transmitting packet of size 203 out of port 0
[11:08:53.682] [bmv2] [D] [thread 11106] [35.0] [cxt 0] Processing packet received on port 1
[11:08:53.682] [bmv2] [D] [thread 11106] [35.0] [cxt 0] Parser 'parser': start
[11:08:53.682] [bmv2] [D] [thread 11106] [35.0] [cxt 0] Parser 'parser' entering state 'start'
[11:08:53.682] [bmv2] [D] [thread 11106] [35.0] [cxt 0] Extracting header 'ethernet'
[11:08:53.682] [bmv2] [D] [thread 11106] [35.0] [cxt 0] Parser state 'start': key is 86dd
[11:08:53.682] [bmv2] [T] [thread 11106] [35.0] [cxt 0] Bytes parsed: 14
[11:08:53.682] [bmv2] [D] [thread 11106] [35.0] [cxt 0] Parser 'parser': end
[11:08:53.682] [bmv2] [D] [thread 11106] [35.0] [cxt 0] Pipeline 'ingress': start
[11:08:53.682] [bmv2] [T] [thread 11106] [35.0] [cxt 0] Applying table 'tbl_act'
[11:08:53.682] [bmv2] [D] [thread 11106] [35.0] [cxt 0] Looking up key:

[11:08:53.682] [bmv2] [D] [thread 11106] [35.0] [cxt 0] Table 'tbl_act': miss
[11:08:53.682] [bmv2] [D] [thread 11106] [35.0] [cxt 0] Action entry is act - 
[11:08:53.682] [bmv2] [T] [thread 11106] [35.0] [cxt 0] Action act
[11:08:53.682] [bmv2] [T] [thread 11106] [35.0] [cxt 0] Primitive (no source info)
[11:08:53.682] [bmv2] [T] [thread 11106] [35.0] [cxt 0] basic.p4(122) Condition "hdr.ipv4.isValid()" (node_3) is false
[11:08:53.682] [bmv2] [D] [thread 11106] [35.0] [cxt 0] Pipeline 'ingress': end
[11:08:53.682] [bmv2] [D] [thread 11106] [35.0] [cxt 0] Egress port is 0
[11:08:53.682] [bmv2] [D] [thread 11107] [35.0] [cxt 0] Pipeline 'egress': start
[11:08:53.682] [bmv2] [D] [thread 11107] [35.0] [cxt 0] Pipeline 'egress': end
[11:08:53.682] [bmv2] [D] [thread 11107] [35.0] [cxt 0] Deparser 'deparser': start
[11:08:53.682] [bmv2] [T] [thread 11107] [35.0] [cxt 0] Skipping checksum 'cksum' update because condition not met
[11:08:53.682] [bmv2] [D] [thread 11107] [35.0] [cxt 0] Deparsing header 'ethernet'
[11:08:53.682] [bmv2] [D] [thread 11107] [35.0] [cxt 0] Deparser 'deparser': end
[11:08:53.682] [bmv2] [D] [thread 11111] [35.0] [cxt 0] Transmitting packet of size 203 out of port 0
[11:08:58.085] [bmv2] [D] [thread 11106] [36.0] [cxt 0] Processing packet received on port 2
[11:08:58.085] [bmv2] [D] [thread 11106] [36.0] [cxt 0] Parser 'parser': start
[11:08:58.085] [bmv2] [D] [thread 11106] [36.0] [cxt 0] Parser 'parser' entering state 'start'
[11:08:58.085] [bmv2] [D] [thread 11106] [36.0] [cxt 0] Extracting header 'ethernet'
[11:08:58.085] [bmv2] [D] [thread 11106] [36.0] [cxt 0] Parser state 'start': key is 86dd
[11:08:58.085] [bmv2] [T] [thread 11106] [36.0] [cxt 0] Bytes parsed: 14
[11:08:58.085] [bmv2] [D] [thread 11106] [36.0] [cxt 0] Parser 'parser': end
[11:08:58.085] [bmv2] [D] [thread 11106] [36.0] [cxt 0] Pipeline 'ingress': start
[11:08:58.085] [bmv2] [T] [thread 11106] [36.0] [cxt 0] Applying table 'tbl_act'
[11:08:58.085] [bmv2] [D] [thread 11106] [36.0] [cxt 0] Looking up key:

[11:08:58.085] [bmv2] [D] [thread 11106] [36.0] [cxt 0] Table 'tbl_act': miss
[11:08:58.085] [bmv2] [D] [thread 11106] [36.0] [cxt 0] Action entry is act - 
[11:08:58.085] [bmv2] [T] [thread 11106] [36.0] [cxt 0] Action act
[11:08:58.085] [bmv2] [T] [thread 11106] [36.0] [cxt 0] Primitive (no source info)
[11:08:58.086] [bmv2] [T] [thread 11106] [36.0] [cxt 0] basic.p4(122) Condition "hdr.ipv4.isValid()" (node_3) is false
[11:08:58.086] [bmv2] [D] [thread 11106] [36.0] [cxt 0] Pipeline 'ingress': end
[11:08:58.086] [bmv2] [D] [thread 11106] [36.0] [cxt 0] Egress port is 0
[11:08:58.086] [bmv2] [D] [thread 11107] [36.0] [cxt 0] Pipeline 'egress': start
[11:08:58.086] [bmv2] [D] [thread 11107] [36.0] [cxt 0] Pipeline 'egress': end
[11:08:58.086] [bmv2] [D] [thread 11107] [36.0] [cxt 0] Deparser 'deparser': start
[11:08:58.086] [bmv2] [T] [thread 11107] [36.0] [cxt 0] Skipping checksum 'cksum' update because condition not met
[11:08:58.086] [bmv2] [D] [thread 11107] [36.0] [cxt 0] Deparsing header 'ethernet'
[11:08:58.086] [bmv2] [D] [thread 11107] [36.0] [cxt 0] Deparser 'deparser': end
[11:08:58.086] [bmv2] [D] [thread 11111] [36.0] [cxt 0] Transmitting packet of size 70 out of port 0
[11:08:59.620] [bmv2] [D] [thread 11106] [37.0] [cxt 0] Processing packet received on port 1
[11:08:59.620] [bmv2] [D] [thread 11106] [37.0] [cxt 0] Parser 'parser': start
[11:08:59.620] [bmv2] [D] [thread 11106] [37.0] [cxt 0] Parser 'parser' entering state 'start'
[11:08:59.620] [bmv2] [D] [thread 11106] [37.0] [cxt 0] Extracting header 'ethernet'
[11:08:59.620] [bmv2] [D] [thread 11106] [37.0] [cxt 0] Parser state 'start': key is 86dd
[11:08:59.620] [bmv2] [T] [thread 11106] [37.0] [cxt 0] Bytes parsed: 14
[11:08:59.620] [bmv2] [D] [thread 11106] [37.0] [cxt 0] Parser 'parser': end
[11:08:59.620] [bmv2] [D] [thread 11106] [37.0] [cxt 0] Pipeline 'ingress': start
[11:08:59.620] [bmv2] [T] [thread 11106] [37.0] [cxt 0] Applying table 'tbl_act'
[11:08:59.620] [bmv2] [D] [thread 11106] [37.0] [cxt 0] Looking up key:

[11:08:59.620] [bmv2] [D] [thread 11106] [37.0] [cxt 0] Table 'tbl_act': miss
[11:08:59.621] [bmv2] [D] [thread 11106] [37.0] [cxt 0] Action entry is act - 
[11:08:59.621] [bmv2] [T] [thread 11106] [37.0] [cxt 0] Action act
[11:08:59.621] [bmv2] [T] [thread 11106] [37.0] [cxt 0] Primitive (no source info)
[11:08:59.621] [bmv2] [T] [thread 11106] [37.0] [cxt 0] basic.p4(122) Condition "hdr.ipv4.isValid()" (node_3) is false
[11:08:59.621] [bmv2] [D] [thread 11106] [37.0] [cxt 0] Pipeline 'ingress': end
[11:08:59.621] [bmv2] [D] [thread 11106] [37.0] [cxt 0] Egress port is 0
[11:08:59.621] [bmv2] [D] [thread 11107] [37.0] [cxt 0] Pipeline 'egress': start
[11:08:59.621] [bmv2] [D] [thread 11107] [37.0] [cxt 0] Pipeline 'egress': end
[11:08:59.621] [bmv2] [D] [thread 11107] [37.0] [cxt 0] Deparser 'deparser': start
[11:08:59.621] [bmv2] [T] [thread 11107] [37.0] [cxt 0] Skipping checksum 'cksum' update because condition not met
[11:08:59.621] [bmv2] [D] [thread 11107] [37.0] [cxt 0] Deparsing header 'ethernet'
[11:08:59.621] [bmv2] [D] [thread 11107] [37.0] [cxt 0] Deparser 'deparser': end
[11:08:59.621] [bmv2] [D] [thread 11111] [37.0] [cxt 0] Transmitting packet of size 70 out of port 0
[11:09:00.964] [bmv2] [D] [thread 11106] [38.0] [cxt 0] Processing packet received on port 2
[11:09:00.964] [bmv2] [D] [thread 11106] [38.0] [cxt 0] Parser 'parser': start
[11:09:00.964] [bmv2] [D] [thread 11106] [38.0] [cxt 0] Parser 'parser' entering state 'start'
[11:09:00.964] [bmv2] [D] [thread 11106] [38.0] [cxt 0] Extracting header 'ethernet'
[11:09:00.964] [bmv2] [D] [thread 11106] [38.0] [cxt 0] Parser state 'start': key is 86dd
[11:09:00.964] [bmv2] [T] [thread 11106] [38.0] [cxt 0] Bytes parsed: 14
[11:09:00.964] [bmv2] [D] [thread 11106] [38.0] [cxt 0] Parser 'parser': end
[11:09:00.964] [bmv2] [D] [thread 11106] [38.0] [cxt 0] Pipeline 'ingress': start
[11:09:00.964] [bmv2] [T] [thread 11106] [38.0] [cxt 0] Applying table 'tbl_act'
[11:09:00.964] [bmv2] [D] [thread 11106] [38.0] [cxt 0] Looking up key:

[11:09:00.964] [bmv2] [D] [thread 11106] [38.0] [cxt 0] Table 'tbl_act': miss
[11:09:00.964] [bmv2] [D] [thread 11106] [38.0] [cxt 0] Action entry is act - 
[11:09:00.964] [bmv2] [T] [thread 11106] [38.0] [cxt 0] Action act
[11:09:00.964] [bmv2] [T] [thread 11106] [38.0] [cxt 0] Primitive (no source info)
[11:09:00.964] [bmv2] [T] [thread 11106] [38.0] [cxt 0] basic.p4(122) Condition "hdr.ipv4.isValid()" (node_3) is false
[11:09:00.964] [bmv2] [D] [thread 11106] [38.0] [cxt 0] Pipeline 'ingress': end
[11:09:00.964] [bmv2] [D] [thread 11106] [38.0] [cxt 0] Egress port is 0
[11:09:00.964] [bmv2] [D] [thread 11107] [38.0] [cxt 0] Pipeline 'egress': start
[11:09:00.964] [bmv2] [D] [thread 11107] [38.0] [cxt 0] Pipeline 'egress': end
[11:09:00.964] [bmv2] [D] [thread 11107] [38.0] [cxt 0] Deparser 'deparser': start
[11:09:00.964] [bmv2] [T] [thread 11107] [38.0] [cxt 0] Skipping checksum 'cksum' update because condition not met
[11:09:00.964] [bmv2] [D] [thread 11107] [38.0] [cxt 0] Deparsing header 'ethernet'
[11:09:00.964] [bmv2] [D] [thread 11107] [38.0] [cxt 0] Deparser 'deparser': end
[11:09:00.964] [bmv2] [D] [thread 11111] [38.0] [cxt 0] Transmitting packet of size 203 out of port 0
[11:09:01.688] [bmv2] [D] [thread 11106] [39.0] [cxt 0] Processing packet received on port 1
[11:09:01.688] [bmv2] [D] [thread 11106] [39.0] [cxt 0] Parser 'parser': start
[11:09:01.688] [bmv2] [D] [thread 11106] [39.0] [cxt 0] Parser 'parser' entering state 'start'
[11:09:01.688] [bmv2] [D] [thread 11106] [39.0] [cxt 0] Extracting header 'ethernet'
[11:09:01.688] [bmv2] [D] [thread 11106] [39.0] [cxt 0] Parser state 'start': key is 86dd
[11:09:01.688] [bmv2] [T] [thread 11106] [39.0] [cxt 0] Bytes parsed: 14
[11:09:01.688] [bmv2] [D] [thread 11106] [39.0] [cxt 0] Parser 'parser': end
[11:09:01.688] [bmv2] [D] [thread 11106] [39.0] [cxt 0] Pipeline 'ingress': start
[11:09:01.688] [bmv2] [T] [thread 11106] [39.0] [cxt 0] Applying table 'tbl_act'
[11:09:01.688] [bmv2] [D] [thread 11106] [39.0] [cxt 0] Looking up key:

[11:09:01.688] [bmv2] [D] [thread 11106] [39.0] [cxt 0] Table 'tbl_act': miss
[11:09:01.688] [bmv2] [D] [thread 11106] [39.0] [cxt 0] Action entry is act - 
[11:09:01.688] [bmv2] [T] [thread 11106] [39.0] [cxt 0] Action act
[11:09:01.688] [bmv2] [T] [thread 11106] [39.0] [cxt 0] Primitive (no source info)
[11:09:01.689] [bmv2] [T] [thread 11106] [39.0] [cxt 0] basic.p4(122) Condition "hdr.ipv4.isValid()" (node_3) is false
[11:09:01.689] [bmv2] [D] [thread 11106] [39.0] [cxt 0] Pipeline 'ingress': end
[11:09:01.689] [bmv2] [D] [thread 11106] [39.0] [cxt 0] Egress port is 0
[11:09:01.689] [bmv2] [D] [thread 11107] [39.0] [cxt 0] Pipeline 'egress': start
[11:09:01.689] [bmv2] [D] [thread 11107] [39.0] [cxt 0] Pipeline 'egress': end
[11:09:01.689] [bmv2] [D] [thread 11107] [39.0] [cxt 0] Deparser 'deparser': start
[11:09:01.689] [bmv2] [T] [thread 11107] [39.0] [cxt 0] Skipping checksum 'cksum' update because condition not met
[11:09:01.689] [bmv2] [D] [thread 11107] [39.0] [cxt 0] Deparsing header 'ethernet'
[11:09:01.689] [bmv2] [D] [thread 11107] [39.0] [cxt 0] Deparser 'deparser': end
[11:09:01.689] [bmv2] [D] [thread 11111] [39.0] [cxt 0] Transmitting packet of size 203 out of port 0
[11:09:14.976] [bmv2] [D] [thread 11106] [40.0] [cxt 0] Processing packet received on port 2
[11:09:14.976] [bmv2] [D] [thread 11106] [40.0] [cxt 0] Parser 'parser': start
[11:09:14.976] [bmv2] [D] [thread 11106] [40.0] [cxt 0] Parser 'parser' entering state 'start'
[11:09:14.976] [bmv2] [D] [thread 11106] [40.0] [cxt 0] Extracting header 'ethernet'
[11:09:14.976] [bmv2] [D] [thread 11106] [40.0] [cxt 0] Parser state 'start': key is 86dd
[11:09:14.976] [bmv2] [T] [thread 11106] [40.0] [cxt 0] Bytes parsed: 14
[11:09:14.976] [bmv2] [D] [thread 11106] [40.0] [cxt 0] Parser 'parser': end
[11:09:14.976] [bmv2] [D] [thread 11106] [40.0] [cxt 0] Pipeline 'ingress': start
[11:09:14.976] [bmv2] [T] [thread 11106] [40.0] [cxt 0] Applying table 'tbl_act'
[11:09:14.976] [bmv2] [D] [thread 11106] [40.0] [cxt 0] Looking up key:

[11:09:14.976] [bmv2] [D] [thread 11106] [40.0] [cxt 0] Table 'tbl_act': miss
[11:09:14.976] [bmv2] [D] [thread 11106] [40.0] [cxt 0] Action entry is act - 
[11:09:14.976] [bmv2] [T] [thread 11106] [40.0] [cxt 0] Action act
[11:09:14.976] [bmv2] [T] [thread 11106] [40.0] [cxt 0] Primitive (no source info)
[11:09:14.976] [bmv2] [T] [thread 11106] [40.0] [cxt 0] basic.p4(122) Condition "hdr.ipv4.isValid()" (node_3) is false
[11:09:14.976] [bmv2] [D] [thread 11106] [40.0] [cxt 0] Pipeline 'ingress': end
[11:09:14.976] [bmv2] [D] [thread 11106] [40.0] [cxt 0] Egress port is 0
[11:09:14.976] [bmv2] [D] [thread 11107] [40.0] [cxt 0] Pipeline 'egress': start
[11:09:14.976] [bmv2] [D] [thread 11107] [40.0] [cxt 0] Pipeline 'egress': end
[11:09:14.976] [bmv2] [D] [thread 11107] [40.0] [cxt 0] Deparser 'deparser': start
[11:09:14.976] [bmv2] [T] [thread 11107] [40.0] [cxt 0] Skipping checksum 'cksum' update because condition not met
[11:09:14.976] [bmv2] [D] [thread 11107] [40.0] [cxt 0] Deparsing header 'ethernet'
[11:09:14.976] [bmv2] [D] [thread 11107] [40.0] [cxt 0] Deparser 'deparser': end
[11:09:14.976] [bmv2] [D] [thread 11111] [40.0] [cxt 0] Transmitting packet of size 70 out of port 0
[11:09:16.986] [bmv2] [D] [thread 11106] [41.0] [cxt 0] Processing packet received on port 2
[11:09:16.986] [bmv2] [D] [thread 11106] [41.0] [cxt 0] Parser 'parser': start
[11:09:16.986] [bmv2] [D] [thread 11106] [41.0] [cxt 0] Parser 'parser' entering state 'start'
[11:09:16.986] [bmv2] [D] [thread 11106] [41.0] [cxt 0] Extracting header 'ethernet'
[11:09:16.986] [bmv2] [D] [thread 11106] [41.0] [cxt 0] Parser state 'start': key is 86dd
[11:09:16.986] [bmv2] [T] [thread 11106] [41.0] [cxt 0] Bytes parsed: 14
[11:09:16.986] [bmv2] [D] [thread 11106] [41.0] [cxt 0] Parser 'parser': end
[11:09:16.986] [bmv2] [D] [thread 11106] [41.0] [cxt 0] Pipeline 'ingress': start
[11:09:16.986] [bmv2] [T] [thread 11106] [41.0] [cxt 0] Applying table 'tbl_act'
[11:09:16.986] [bmv2] [D] [thread 11106] [41.0] [cxt 0] Looking up key:

[11:09:16.986] [bmv2] [D] [thread 11106] [41.0] [cxt 0] Table 'tbl_act': miss
[11:09:16.986] [bmv2] [D] [thread 11106] [41.0] [cxt 0] Action entry is act - 
[11:09:16.986] [bmv2] [T] [thread 11106] [41.0] [cxt 0] Action act
[11:09:16.986] [bmv2] [T] [thread 11106] [41.0] [cxt 0] Primitive (no source info)
[11:09:16.986] [bmv2] [T] [thread 11106] [41.0] [cxt 0] basic.p4(122) Condition "hdr.ipv4.isValid()" (node_3) is false
[11:09:16.986] [bmv2] [D] [thread 11106] [41.0] [cxt 0] Pipeline 'ingress': end
[11:09:16.986] [bmv2] [D] [thread 11106] [41.0] [cxt 0] Egress port is 0
[11:09:16.986] [bmv2] [D] [thread 11107] [41.0] [cxt 0] Pipeline 'egress': start
[11:09:16.986] [bmv2] [D] [thread 11107] [41.0] [cxt 0] Pipeline 'egress': end
[11:09:16.986] [bmv2] [D] [thread 11107] [41.0] [cxt 0] Deparser 'deparser': start
[11:09:16.986] [bmv2] [T] [thread 11107] [41.0] [cxt 0] Skipping checksum 'cksum' update because condition not met
[11:09:16.986] [bmv2] [D] [thread 11107] [41.0] [cxt 0] Deparsing header 'ethernet'
[11:09:16.986] [bmv2] [D] [thread 11107] [41.0] [cxt 0] Deparser 'deparser': end
[11:09:16.986] [bmv2] [D] [thread 11111] [41.0] [cxt 0] Transmitting packet of size 203 out of port 0
[11:09:17.024] [bmv2] [D] [thread 11106] [42.0] [cxt 0] Processing packet received on port 1
[11:09:17.024] [bmv2] [D] [thread 11106] [42.0] [cxt 0] Parser 'parser': start
[11:09:17.024] [bmv2] [D] [thread 11106] [42.0] [cxt 0] Parser 'parser' entering state 'start'
[11:09:17.024] [bmv2] [D] [thread 11106] [42.0] [cxt 0] Extracting header 'ethernet'
[11:09:17.024] [bmv2] [D] [thread 11106] [42.0] [cxt 0] Parser state 'start': key is 86dd
[11:09:17.024] [bmv2] [T] [thread 11106] [42.0] [cxt 0] Bytes parsed: 14
[11:09:17.024] [bmv2] [D] [thread 11106] [42.0] [cxt 0] Parser 'parser': end
[11:09:17.024] [bmv2] [D] [thread 11106] [42.0] [cxt 0] Pipeline 'ingress': start
[11:09:17.024] [bmv2] [T] [thread 11106] [42.0] [cxt 0] Applying table 'tbl_act'
[11:09:17.024] [bmv2] [D] [thread 11106] [42.0] [cxt 0] Looking up key:

[11:09:17.024] [bmv2] [D] [thread 11106] [42.0] [cxt 0] Table 'tbl_act': miss
[11:09:17.024] [bmv2] [D] [thread 11106] [42.0] [cxt 0] Action entry is act - 
[11:09:17.024] [bmv2] [T] [thread 11106] [42.0] [cxt 0] Action act
[11:09:17.024] [bmv2] [T] [thread 11106] [42.0] [cxt 0] Primitive (no source info)
[11:09:17.024] [bmv2] [T] [thread 11106] [42.0] [cxt 0] basic.p4(122) Condition "hdr.ipv4.isValid()" (node_3) is false
[11:09:17.024] [bmv2] [D] [thread 11106] [42.0] [cxt 0] Pipeline 'ingress': end
[11:09:17.024] [bmv2] [D] [thread 11106] [42.0] [cxt 0] Egress port is 0
[11:09:17.024] [bmv2] [D] [thread 11107] [42.0] [cxt 0] Pipeline 'egress': start
[11:09:17.024] [bmv2] [D] [thread 11107] [42.0] [cxt 0] Pipeline 'egress': end
[11:09:17.024] [bmv2] [D] [thread 11107] [42.0] [cxt 0] Deparser 'deparser': start
[11:09:17.024] [bmv2] [T] [thread 11107] [42.0] [cxt 0] Skipping checksum 'cksum' update because condition not met
[11:09:17.024] [bmv2] [D] [thread 11107] [42.0] [cxt 0] Deparsing header 'ethernet'
[11:09:17.024] [bmv2] [D] [thread 11107] [42.0] [cxt 0] Deparser 'deparser': end
[11:09:17.024] [bmv2] [D] [thread 11111] [42.0] [cxt 0] Transmitting packet of size 70 out of port 0
[11:09:17.684] [bmv2] [D] [thread 11106] [43.0] [cxt 0] Processing packet received on port 1
[11:09:17.684] [bmv2] [D] [thread 11106] [43.0] [cxt 0] Parser 'parser': start
[11:09:17.684] [bmv2] [D] [thread 11106] [43.0] [cxt 0] Parser 'parser' entering state 'start'
[11:09:17.684] [bmv2] [D] [thread 11106] [43.0] [cxt 0] Extracting header 'ethernet'
[11:09:17.684] [bmv2] [D] [thread 11106] [43.0] [cxt 0] Parser state 'start': key is 86dd
[11:09:17.684] [bmv2] [T] [thread 11106] [43.0] [cxt 0] Bytes parsed: 14
[11:09:17.684] [bmv2] [D] [thread 11106] [43.0] [cxt 0] Parser 'parser': end
[11:09:17.684] [bmv2] [D] [thread 11106] [43.0] [cxt 0] Pipeline 'ingress': start
[11:09:17.684] [bmv2] [T] [thread 11106] [43.0] [cxt 0] Applying table 'tbl_act'
[11:09:17.684] [bmv2] [D] [thread 11106] [43.0] [cxt 0] Looking up key:

[11:09:17.684] [bmv2] [D] [thread 11106] [43.0] [cxt 0] Table 'tbl_act': miss
[11:09:17.684] [bmv2] [D] [thread 11106] [43.0] [cxt 0] Action entry is act - 
[11:09:17.684] [bmv2] [T] [thread 11106] [43.0] [cxt 0] Action act
[11:09:17.684] [bmv2] [T] [thread 11106] [43.0] [cxt 0] Primitive (no source info)
[11:09:17.684] [bmv2] [T] [thread 11106] [43.0] [cxt 0] basic.p4(122) Condition "hdr.ipv4.isValid()" (node_3) is false
[11:09:17.684] [bmv2] [D] [thread 11106] [43.0] [cxt 0] Pipeline 'ingress': end
[11:09:17.684] [bmv2] [D] [thread 11106] [43.0] [cxt 0] Egress port is 0
[11:09:17.684] [bmv2] [D] [thread 11107] [43.0] [cxt 0] Pipeline 'egress': start
[11:09:17.684] [bmv2] [D] [thread 11107] [43.0] [cxt 0] Pipeline 'egress': end
[11:09:17.684] [bmv2] [D] [thread 11107] [43.0] [cxt 0] Deparser 'deparser': start
[11:09:17.684] [bmv2] [T] [thread 11107] [43.0] [cxt 0] Skipping checksum 'cksum' update because condition not met
[11:09:17.684] [bmv2] [D] [thread 11107] [43.0] [cxt 0] Deparsing header 'ethernet'
[11:09:17.684] [bmv2] [D] [thread 11107] [43.0] [cxt 0] Deparser 'deparser': end
[11:09:17.684] [bmv2] [D] [thread 11111] [43.0] [cxt 0] Transmitting packet of size 203 out of port 0
[11:09:49.054] [bmv2] [D] [thread 11106] [44.0] [cxt 0] Processing packet received on port 2
[11:09:49.054] [bmv2] [D] [thread 11106] [44.0] [cxt 0] Parser 'parser': start
[11:09:49.054] [bmv2] [D] [thread 11106] [44.0] [cxt 0] Parser 'parser' entering state 'start'
[11:09:49.054] [bmv2] [D] [thread 11106] [44.0] [cxt 0] Extracting header 'ethernet'
[11:09:49.054] [bmv2] [D] [thread 11106] [44.0] [cxt 0] Parser state 'start': key is 86dd
[11:09:49.054] [bmv2] [T] [thread 11106] [44.0] [cxt 0] Bytes parsed: 14
[11:09:49.054] [bmv2] [D] [thread 11106] [44.0] [cxt 0] Parser 'parser': end
[11:09:49.054] [bmv2] [D] [thread 11106] [44.0] [cxt 0] Pipeline 'ingress': start
[11:09:49.054] [bmv2] [T] [thread 11106] [44.0] [cxt 0] Applying table 'tbl_act'
[11:09:49.054] [bmv2] [D] [thread 11106] [44.0] [cxt 0] Looking up key:

[11:09:49.054] [bmv2] [D] [thread 11106] [44.0] [cxt 0] Table 'tbl_act': miss
[11:09:49.054] [bmv2] [D] [thread 11106] [44.0] [cxt 0] Action entry is act - 
[11:09:49.054] [bmv2] [T] [thread 11106] [44.0] [cxt 0] Action act
[11:09:49.054] [bmv2] [T] [thread 11106] [44.0] [cxt 0] Primitive (no source info)
[11:09:49.054] [bmv2] [T] [thread 11106] [44.0] [cxt 0] basic.p4(122) Condition "hdr.ipv4.isValid()" (node_3) is false
[11:09:49.054] [bmv2] [D] [thread 11106] [44.0] [cxt 0] Pipeline 'ingress': end
[11:09:49.054] [bmv2] [D] [thread 11106] [44.0] [cxt 0] Egress port is 0
[11:09:49.054] [bmv2] [D] [thread 11107] [44.0] [cxt 0] Pipeline 'egress': start
[11:09:49.054] [bmv2] [D] [thread 11107] [44.0] [cxt 0] Pipeline 'egress': end
[11:09:49.054] [bmv2] [D] [thread 11107] [44.0] [cxt 0] Deparser 'deparser': start
[11:09:49.054] [bmv2] [T] [thread 11107] [44.0] [cxt 0] Skipping checksum 'cksum' update because condition not met
[11:09:49.054] [bmv2] [D] [thread 11107] [44.0] [cxt 0] Deparsing header 'ethernet'
[11:09:49.054] [bmv2] [D] [thread 11107] [44.0] [cxt 0] Deparser 'deparser': end
[11:09:49.054] [bmv2] [D] [thread 11111] [44.0] [cxt 0] Transmitting packet of size 203 out of port 0
[11:09:49.684] [bmv2] [D] [thread 11106] [45.0] [cxt 0] Processing packet received on port 1
[11:09:49.684] [bmv2] [D] [thread 11106] [45.0] [cxt 0] Parser 'parser': start
[11:09:49.684] [bmv2] [D] [thread 11106] [45.0] [cxt 0] Parser 'parser' entering state 'start'
[11:09:49.684] [bmv2] [D] [thread 11106] [45.0] [cxt 0] Extracting header 'ethernet'
[11:09:49.684] [bmv2] [D] [thread 11106] [45.0] [cxt 0] Parser state 'start': key is 86dd
[11:09:49.684] [bmv2] [T] [thread 11106] [45.0] [cxt 0] Bytes parsed: 14
[11:09:49.684] [bmv2] [D] [thread 11106] [45.0] [cxt 0] Parser 'parser': end
[11:09:49.684] [bmv2] [D] [thread 11106] [45.0] [cxt 0] Pipeline 'ingress': start
[11:09:49.684] [bmv2] [T] [thread 11106] [45.0] [cxt 0] Applying table 'tbl_act'
[11:09:49.684] [bmv2] [D] [thread 11106] [45.0] [cxt 0] Looking up key:

[11:09:49.684] [bmv2] [D] [thread 11106] [45.0] [cxt 0] Table 'tbl_act': miss
[11:09:49.684] [bmv2] [D] [thread 11106] [45.0] [cxt 0] Action entry is act - 
[11:09:49.684] [bmv2] [T] [thread 11106] [45.0] [cxt 0] Action act
[11:09:49.684] [bmv2] [T] [thread 11106] [45.0] [cxt 0] Primitive (no source info)
[11:09:49.684] [bmv2] [T] [thread 11106] [45.0] [cxt 0] basic.p4(122) Condition "hdr.ipv4.isValid()" (node_3) is false
[11:09:49.684] [bmv2] [D] [thread 11106] [45.0] [cxt 0] Pipeline 'ingress': end
[11:09:49.684] [bmv2] [D] [thread 11106] [45.0] [cxt 0] Egress port is 0
[11:09:49.684] [bmv2] [D] [thread 11107] [45.0] [cxt 0] Pipeline 'egress': start
[11:09:49.684] [bmv2] [D] [thread 11107] [45.0] [cxt 0] Pipeline 'egress': end
[11:09:49.684] [bmv2] [D] [thread 11107] [45.0] [cxt 0] Deparser 'deparser': start
[11:09:49.684] [bmv2] [T] [thread 11107] [45.0] [cxt 0] Skipping checksum 'cksum' update because condition not met
[11:09:49.684] [bmv2] [D] [thread 11107] [45.0] [cxt 0] Deparsing header 'ethernet'
[11:09:49.684] [bmv2] [D] [thread 11107] [45.0] [cxt 0] Deparser 'deparser': end
[11:09:49.684] [bmv2] [D] [thread 11111] [45.0] [cxt 0] Transmitting packet of size 203 out of port 0
[11:09:53.376] [bmv2] [D] [thread 11106] [46.0] [cxt 0] Processing packet received on port 1
[11:09:53.376] [bmv2] [D] [thread 11106] [46.0] [cxt 0] Parser 'parser': start
[11:09:53.376] [bmv2] [D] [thread 11106] [46.0] [cxt 0] Parser 'parser' entering state 'start'
[11:09:53.376] [bmv2] [D] [thread 11106] [46.0] [cxt 0] Extracting header 'ethernet'
[11:09:53.376] [bmv2] [D] [thread 11106] [46.0] [cxt 0] Parser state 'start': key is 86dd
[11:09:53.376] [bmv2] [T] [thread 11106] [46.0] [cxt 0] Bytes parsed: 14
[11:09:53.376] [bmv2] [D] [thread 11106] [46.0] [cxt 0] Parser 'parser': end
[11:09:53.376] [bmv2] [D] [thread 11106] [46.0] [cxt 0] Pipeline 'ingress': start
[11:09:53.376] [bmv2] [T] [thread 11106] [46.0] [cxt 0] Applying table 'tbl_act'
[11:09:53.376] [bmv2] [D] [thread 11106] [46.0] [cxt 0] Looking up key:

[11:09:53.376] [bmv2] [D] [thread 11106] [46.0] [cxt 0] Table 'tbl_act': miss
[11:09:53.376] [bmv2] [D] [thread 11106] [46.0] [cxt 0] Action entry is act - 
[11:09:53.376] [bmv2] [T] [thread 11106] [46.0] [cxt 0] Action act
[11:09:53.376] [bmv2] [T] [thread 11106] [46.0] [cxt 0] Primitive (no source info)
[11:09:53.376] [bmv2] [T] [thread 11106] [46.0] [cxt 0] basic.p4(122) Condition "hdr.ipv4.isValid()" (node_3) is false
[11:09:53.376] [bmv2] [D] [thread 11106] [46.0] [cxt 0] Pipeline 'ingress': end
[11:09:53.376] [bmv2] [D] [thread 11106] [46.0] [cxt 0] Egress port is 0
[11:09:53.376] [bmv2] [D] [thread 11107] [46.0] [cxt 0] Pipeline 'egress': start
[11:09:53.376] [bmv2] [D] [thread 11107] [46.0] [cxt 0] Pipeline 'egress': end
[11:09:53.376] [bmv2] [D] [thread 11107] [46.0] [cxt 0] Deparser 'deparser': start
[11:09:53.376] [bmv2] [T] [thread 11107] [46.0] [cxt 0] Skipping checksum 'cksum' update because condition not met
[11:09:53.376] [bmv2] [D] [thread 11107] [46.0] [cxt 0] Deparsing header 'ethernet'
[11:09:53.376] [bmv2] [D] [thread 11107] [46.0] [cxt 0] Deparser 'deparser': end
[11:09:53.376] [bmv2] [D] [thread 11111] [46.0] [cxt 0] Transmitting packet of size 70 out of port 0
[11:09:53.376] [bmv2] [D] [thread 11106] [47.0] [cxt 0] Processing packet received on port 2
[11:09:53.376] [bmv2] [D] [thread 11106] [47.0] [cxt 0] Parser 'parser': start
[11:09:53.376] [bmv2] [D] [thread 11106] [47.0] [cxt 0] Parser 'parser' entering state 'start'
[11:09:53.376] [bmv2] [D] [thread 11106] [47.0] [cxt 0] Extracting header 'ethernet'
[11:09:53.376] [bmv2] [D] [thread 11106] [47.0] [cxt 0] Parser state 'start': key is 86dd
[11:09:53.376] [bmv2] [T] [thread 11106] [47.0] [cxt 0] Bytes parsed: 14
[11:09:53.376] [bmv2] [D] [thread 11106] [47.0] [cxt 0] Parser 'parser': end
[11:09:53.376] [bmv2] [D] [thread 11106] [47.0] [cxt 0] Pipeline 'ingress': start
[11:09:53.376] [bmv2] [T] [thread 11106] [47.0] [cxt 0] Applying table 'tbl_act'
[11:09:53.376] [bmv2] [D] [thread 11106] [47.0] [cxt 0] Looking up key:

[11:09:53.376] [bmv2] [D] [thread 11106] [47.0] [cxt 0] Table 'tbl_act': miss
[11:09:53.376] [bmv2] [D] [thread 11106] [47.0] [cxt 0] Action entry is act - 
[11:09:53.376] [bmv2] [T] [thread 11106] [47.0] [cxt 0] Action act
[11:09:53.376] [bmv2] [T] [thread 11106] [47.0] [cxt 0] Primitive (no source info)
[11:09:53.376] [bmv2] [T] [thread 11106] [47.0] [cxt 0] basic.p4(122) Condition "hdr.ipv4.isValid()" (node_3) is false
[11:09:53.376] [bmv2] [D] [thread 11106] [47.0] [cxt 0] Pipeline 'ingress': end
[11:09:53.376] [bmv2] [D] [thread 11106] [47.0] [cxt 0] Egress port is 0
[11:09:53.376] [bmv2] [D] [thread 11107] [47.0] [cxt 0] Pipeline 'egress': start
[11:09:53.376] [bmv2] [D] [thread 11107] [47.0] [cxt 0] Pipeline 'egress': end
[11:09:53.376] [bmv2] [D] [thread 11107] [47.0] [cxt 0] Deparser 'deparser': start
[11:09:53.376] [bmv2] [T] [thread 11107] [47.0] [cxt 0] Skipping checksum 'cksum' update because condition not met
[11:09:53.376] [bmv2] [D] [thread 11107] [47.0] [cxt 0] Deparsing header 'ethernet'
[11:09:53.376] [bmv2] [D] [thread 11107] [47.0] [cxt 0] Deparser 'deparser': end
[11:09:53.376] [bmv2] [D] [thread 11111] [47.0] [cxt 0] Transmitting packet of size 70 out of port 0
open: No such file or directory
