Calling target program-options parser
[13:16:57.582] [bmv2] [D] [thread 4103] Set default default entry for table 'MyIngress.ipv4_lpm': MyIngress.drop - 
Adding interface s3-eth1 as port 1
[13:16:57.582] [bmv2] [D] [thread 4103] Adding interface s3-eth1 as port 1
Adding interface s3-eth2 as port 2
[13:16:57.597] [bmv2] [D] [thread 4103] Adding interface s3-eth2 as port 2
Server listening on 0.0.0.0:50053
[13:16:57.605] [bmv2] [I] [thread 4103] Starting Thrift server on port 9092
[13:16:57.605] [bmv2] [I] [thread 4103] Thrift server was started
[13:16:57.983] [bmv2] [D] [thread 4118] [0.0] [cxt 0] Processing packet received on port 2
[13:16:57.983] [bmv2] [D] [thread 4118] [0.0] [cxt 0] Parser 'parser': start
[13:16:57.983] [bmv2] [D] [thread 4118] [0.0] [cxt 0] Parser 'parser' entering state 'start'
[13:16:57.983] [bmv2] [D] [thread 4118] [0.0] [cxt 0] Extracting header 'ethernet'
[13:16:57.983] [bmv2] [D] [thread 4118] [0.0] [cxt 0] Parser state 'start': key is 86dd
[13:16:57.983] [bmv2] [T] [thread 4118] [0.0] [cxt 0] Bytes parsed: 14
[13:16:57.983] [bmv2] [D] [thread 4118] [0.0] [cxt 0] Parser 'parser': end
[13:16:57.983] [bmv2] [D] [thread 4118] [0.0] [cxt 0] Pipeline 'ingress': start
[13:16:57.983] [bmv2] [T] [thread 4118] [0.0] [cxt 0] basic.p4(115) Condition "hdr.ipv4.isValid()" (node_2) is false
[13:16:57.983] [bmv2] [D] [thread 4118] [0.0] [cxt 0] Pipeline 'ingress': end
[13:16:57.983] [bmv2] [D] [thread 4118] [0.0] [cxt 0] Egress port is 0
[13:16:57.983] [bmv2] [D] [thread 4118] [1.0] [cxt 0] Processing packet received on port 2
[13:16:57.983] [bmv2] [D] [thread 4118] [1.0] [cxt 0] Parser 'parser': start
[13:16:57.983] [bmv2] [D] [thread 4118] [1.0] [cxt 0] Parser 'parser' entering state 'start'
[13:16:57.983] [bmv2] [D] [thread 4118] [1.0] [cxt 0] Extracting header 'ethernet'
[13:16:57.983] [bmv2] [D] [thread 4118] [1.0] [cxt 0] Parser state 'start': key is 86dd
[13:16:57.983] [bmv2] [T] [thread 4118] [1.0] [cxt 0] Bytes parsed: 14
[13:16:57.983] [bmv2] [D] [thread 4118] [1.0] [cxt 0] Parser 'parser': end
[13:16:57.983] [bmv2] [D] [thread 4118] [1.0] [cxt 0] Pipeline 'ingress': start
[13:16:57.983] [bmv2] [T] [thread 4118] [1.0] [cxt 0] basic.p4(115) Condition "hdr.ipv4.isValid()" (node_2) is false
[13:16:57.983] [bmv2] [D] [thread 4118] [1.0] [cxt 0] Pipeline 'ingress': end
[13:16:57.983] [bmv2] [D] [thread 4118] [1.0] [cxt 0] Egress port is 0
[13:16:57.983] [bmv2] [D] [thread 4119] [0.0] [cxt 0] Pipeline 'egress': start
[13:16:57.983] [bmv2] [D] [thread 4119] [0.0] [cxt 0] Pipeline 'egress': end
[13:16:57.983] [bmv2] [D] [thread 4119] [0.0] [cxt 0] Deparser 'deparser': start
[13:16:57.983] [bmv2] [T] [thread 4119] [0.0] [cxt 0] Skipping checksum 'cksum' update because condition not met
[13:16:57.983] [bmv2] [D] [thread 4119] [0.0] [cxt 0] Deparsing header 'ethernet'
[13:16:57.983] [bmv2] [D] [thread 4119] [0.0] [cxt 0] Deparser 'deparser': end
[13:16:57.983] [bmv2] [D] [thread 4119] [1.0] [cxt 0] Pipeline 'egress': start
[13:16:57.983] [bmv2] [D] [thread 4119] [1.0] [cxt 0] Pipeline 'egress': end
[13:16:57.983] [bmv2] [D] [thread 4119] [1.0] [cxt 0] Deparser 'deparser': start
[13:16:57.983] [bmv2] [T] [thread 4119] [1.0] [cxt 0] Skipping checksum 'cksum' update because condition not met
[13:16:57.983] [bmv2] [D] [thread 4119] [1.0] [cxt 0] Deparsing header 'ethernet'
[13:16:57.983] [bmv2] [D] [thread 4119] [1.0] [cxt 0] Deparser 'deparser': end
[13:16:57.983] [bmv2] [D] [thread 4123] [0.0] [cxt 0] Transmitting packet of size 90 out of port 0
[13:16:57.983] [bmv2] [D] [thread 4123] [1.0] [cxt 0] Transmitting packet of size 70 out of port 0
[13:16:57.986] [bmv2] [D] [thread 4118] [2.0] [cxt 0] Processing packet received on port 2
[13:16:57.986] [bmv2] [D] [thread 4118] [2.0] [cxt 0] Parser 'parser': start
[13:16:57.986] [bmv2] [D] [thread 4118] [2.0] [cxt 0] Parser 'parser' entering state 'start'
[13:16:57.986] [bmv2] [D] [thread 4118] [2.0] [cxt 0] Extracting header 'ethernet'
[13:16:57.986] [bmv2] [D] [thread 4118] [2.0] [cxt 0] Parser state 'start': key is 86dd
[13:16:57.986] [bmv2] [T] [thread 4118] [2.0] [cxt 0] Bytes parsed: 14
[13:16:57.986] [bmv2] [D] [thread 4118] [2.0] [cxt 0] Parser 'parser': end
[13:16:57.986] [bmv2] [D] [thread 4118] [2.0] [cxt 0] Pipeline 'ingress': start
[13:16:57.986] [bmv2] [T] [thread 4118] [2.0] [cxt 0] basic.p4(115) Condition "hdr.ipv4.isValid()" (node_2) is false
[13:16:57.986] [bmv2] [D] [thread 4118] [2.0] [cxt 0] Pipeline 'ingress': end
[13:16:57.986] [bmv2] [D] [thread 4118] [2.0] [cxt 0] Egress port is 0
[13:16:57.986] [bmv2] [D] [thread 4119] [2.0] [cxt 0] Pipeline 'egress': start
[13:16:57.986] [bmv2] [D] [thread 4119] [2.0] [cxt 0] Pipeline 'egress': end
[13:16:57.986] [bmv2] [D] [thread 4119] [2.0] [cxt 0] Deparser 'deparser': start
[13:16:57.986] [bmv2] [T] [thread 4119] [2.0] [cxt 0] Skipping checksum 'cksum' update because condition not met
[13:16:57.986] [bmv2] [D] [thread 4119] [2.0] [cxt 0] Deparsing header 'ethernet'
[13:16:57.986] [bmv2] [D] [thread 4119] [2.0] [cxt 0] Deparser 'deparser': end
[13:16:57.986] [bmv2] [D] [thread 4123] [2.0] [cxt 0] Transmitting packet of size 90 out of port 0
[13:16:58.047] [bmv2] [D] [thread 4118] [3.0] [cxt 0] Processing packet received on port 2
[13:16:58.047] [bmv2] [D] [thread 4118] [3.0] [cxt 0] Parser 'parser': start
[13:16:58.047] [bmv2] [D] [thread 4118] [3.0] [cxt 0] Parser 'parser' entering state 'start'
[13:16:58.047] [bmv2] [D] [thread 4118] [3.0] [cxt 0] Extracting header 'ethernet'
[13:16:58.047] [bmv2] [D] [thread 4118] [3.0] [cxt 0] Parser state 'start': key is 86dd
[13:16:58.047] [bmv2] [T] [thread 4118] [3.0] [cxt 0] Bytes parsed: 14
[13:16:58.047] [bmv2] [D] [thread 4118] [3.0] [cxt 0] Parser 'parser': end
[13:16:58.047] [bmv2] [D] [thread 4118] [3.0] [cxt 0] Pipeline 'ingress': start
[13:16:58.047] [bmv2] [T] [thread 4118] [3.0] [cxt 0] basic.p4(115) Condition "hdr.ipv4.isValid()" (node_2) is false
[13:16:58.047] [bmv2] [D] [thread 4118] [3.0] [cxt 0] Pipeline 'ingress': end
[13:16:58.047] [bmv2] [D] [thread 4118] [3.0] [cxt 0] Egress port is 0
[13:16:58.047] [bmv2] [D] [thread 4118] [4.0] [cxt 0] Processing packet received on port 2
[13:16:58.047] [bmv2] [D] [thread 4118] [4.0] [cxt 0] Parser 'parser': start
[13:16:58.047] [bmv2] [D] [thread 4118] [4.0] [cxt 0] Parser 'parser' entering state 'start'
[13:16:58.047] [bmv2] [D] [thread 4118] [4.0] [cxt 0] Extracting header 'ethernet'
[13:16:58.047] [bmv2] [D] [thread 4118] [4.0] [cxt 0] Parser state 'start': key is 86dd
[13:16:58.047] [bmv2] [T] [thread 4118] [4.0] [cxt 0] Bytes parsed: 14
[13:16:58.047] [bmv2] [D] [thread 4118] [4.0] [cxt 0] Parser 'parser': end
[13:16:58.047] [bmv2] [D] [thread 4118] [4.0] [cxt 0] Pipeline 'ingress': start
[13:16:58.047] [bmv2] [T] [thread 4118] [4.0] [cxt 0] basic.p4(115) Condition "hdr.ipv4.isValid()" (node_2) is false
[13:16:58.047] [bmv2] [D] [thread 4119] [3.0] [cxt 0] Pipeline 'egress': start
[13:16:58.047] [bmv2] [D] [thread 4119] [3.0] [cxt 0] Pipeline 'egress': end
[13:16:58.047] [bmv2] [D] [thread 4119] [3.0] [cxt 0] Deparser 'deparser': start
[13:16:58.047] [bmv2] [T] [thread 4119] [3.0] [cxt 0] Skipping checksum 'cksum' update because condition not met
[13:16:58.047] [bmv2] [D] [thread 4119] [3.0] [cxt 0] Deparsing header 'ethernet'
[13:16:58.047] [bmv2] [D] [thread 4119] [3.0] [cxt 0] Deparser 'deparser': end
[13:16:58.048] [bmv2] [D] [thread 4123] [3.0] [cxt 0] Transmitting packet of size 90 out of port 0
[13:16:58.047] [bmv2] [D] [thread 4118] [4.0] [cxt 0] Pipeline 'ingress': end
[13:16:58.048] [bmv2] [D] [thread 4118] [4.0] [cxt 0] Egress port is 0
[13:16:58.048] [bmv2] [D] [thread 4119] [4.0] [cxt 0] Pipeline 'egress': start
[13:16:58.048] [bmv2] [D] [thread 4119] [4.0] [cxt 0] Pipeline 'egress': end
[13:16:58.048] [bmv2] [D] [thread 4119] [4.0] [cxt 0] Deparser 'deparser': start
[13:16:58.048] [bmv2] [T] [thread 4119] [4.0] [cxt 0] Skipping checksum 'cksum' update because condition not met
[13:16:58.048] [bmv2] [D] [thread 4119] [4.0] [cxt 0] Deparsing header 'ethernet'
[13:16:58.048] [bmv2] [D] [thread 4119] [4.0] [cxt 0] Deparser 'deparser': end
[13:16:58.048] [bmv2] [D] [thread 4123] [4.0] [cxt 0] Transmitting packet of size 70 out of port 0
[13:16:58.050] [bmv2] [D] [thread 4118] [5.0] [cxt 0] Processing packet received on port 2
[13:16:58.050] [bmv2] [D] [thread 4118] [5.0] [cxt 0] Parser 'parser': start
[13:16:58.050] [bmv2] [D] [thread 4118] [5.0] [cxt 0] Parser 'parser' entering state 'start'
[13:16:58.050] [bmv2] [D] [thread 4118] [5.0] [cxt 0] Extracting header 'ethernet'
[13:16:58.050] [bmv2] [D] [thread 4118] [5.0] [cxt 0] Parser state 'start': key is 86dd
[13:16:58.050] [bmv2] [T] [thread 4118] [5.0] [cxt 0] Bytes parsed: 14
[13:16:58.050] [bmv2] [D] [thread 4118] [5.0] [cxt 0] Parser 'parser': end
[13:16:58.050] [bmv2] [D] [thread 4118] [5.0] [cxt 0] Pipeline 'ingress': start
[13:16:58.050] [bmv2] [T] [thread 4118] [5.0] [cxt 0] basic.p4(115) Condition "hdr.ipv4.isValid()" (node_2) is false
[13:16:58.050] [bmv2] [D] [thread 4118] [5.0] [cxt 0] Pipeline 'ingress': end
[13:16:58.050] [bmv2] [D] [thread 4118] [5.0] [cxt 0] Egress port is 0
[13:16:58.050] [bmv2] [D] [thread 4119] [5.0] [cxt 0] Pipeline 'egress': start
[13:16:58.050] [bmv2] [D] [thread 4119] [5.0] [cxt 0] Pipeline 'egress': end
[13:16:58.050] [bmv2] [D] [thread 4119] [5.0] [cxt 0] Deparser 'deparser': start
[13:16:58.050] [bmv2] [T] [thread 4119] [5.0] [cxt 0] Skipping checksum 'cksum' update because condition not met
[13:16:58.050] [bmv2] [D] [thread 4119] [5.0] [cxt 0] Deparsing header 'ethernet'
[13:16:58.050] [bmv2] [D] [thread 4119] [5.0] [cxt 0] Deparser 'deparser': end
[13:16:58.050] [bmv2] [D] [thread 4123] [5.0] [cxt 0] Transmitting packet of size 90 out of port 0
[13:16:58.083] [bmv2] [D] [thread 4118] [6.0] [cxt 0] Processing packet received on port 2
[13:16:58.083] [bmv2] [D] [thread 4118] [6.0] [cxt 0] Parser 'parser': start
[13:16:58.083] [bmv2] [D] [thread 4118] [6.0] [cxt 0] Parser 'parser' entering state 'start'
[13:16:58.083] [bmv2] [D] [thread 4118] [6.0] [cxt 0] Extracting header 'ethernet'
[13:16:58.083] [bmv2] [D] [thread 4118] [6.0] [cxt 0] Parser state 'start': key is 86dd
[13:16:58.083] [bmv2] [T] [thread 4118] [6.0] [cxt 0] Bytes parsed: 14
[13:16:58.083] [bmv2] [D] [thread 4118] [6.0] [cxt 0] Parser 'parser': end
[13:16:58.083] [bmv2] [D] [thread 4118] [6.0] [cxt 0] Pipeline 'ingress': start
[13:16:58.083] [bmv2] [T] [thread 4118] [6.0] [cxt 0] basic.p4(115) Condition "hdr.ipv4.isValid()" (node_2) is false
[13:16:58.083] [bmv2] [D] [thread 4118] [6.0] [cxt 0] Pipeline 'ingress': end
[13:16:58.083] [bmv2] [D] [thread 4118] [6.0] [cxt 0] Egress port is 0
[13:16:58.083] [bmv2] [D] [thread 4119] [6.0] [cxt 0] Pipeline 'egress': start
[13:16:58.083] [bmv2] [D] [thread 4119] [6.0] [cxt 0] Pipeline 'egress': end
[13:16:58.083] [bmv2] [D] [thread 4119] [6.0] [cxt 0] Deparser 'deparser': start
[13:16:58.083] [bmv2] [T] [thread 4119] [6.0] [cxt 0] Skipping checksum 'cksum' update because condition not met
[13:16:58.083] [bmv2] [D] [thread 4119] [6.0] [cxt 0] Deparsing header 'ethernet'
[13:16:58.083] [bmv2] [D] [thread 4119] [6.0] [cxt 0] Deparser 'deparser': end
[13:16:58.083] [bmv2] [D] [thread 4123] [6.0] [cxt 0] Transmitting packet of size 211 out of port 0
[13:16:58.084] [bmv2] [D] [thread 4118] [7.0] [cxt 0] Processing packet received on port 2
[13:16:58.084] [bmv2] [D] [thread 4118] [7.0] [cxt 0] Parser 'parser': start
[13:16:58.084] [bmv2] [D] [thread 4118] [7.0] [cxt 0] Parser 'parser' entering state 'start'
[13:16:58.084] [bmv2] [D] [thread 4118] [7.0] [cxt 0] Extracting header 'ethernet'
[13:16:58.084] [bmv2] [D] [thread 4118] [7.0] [cxt 0] Parser state 'start': key is 86dd
[13:16:58.084] [bmv2] [T] [thread 4118] [7.0] [cxt 0] Bytes parsed: 14
[13:16:58.084] [bmv2] [D] [thread 4118] [7.0] [cxt 0] Parser 'parser': end
[13:16:58.084] [bmv2] [D] [thread 4118] [7.0] [cxt 0] Pipeline 'ingress': start
[13:16:58.084] [bmv2] [T] [thread 4118] [7.0] [cxt 0] basic.p4(115) Condition "hdr.ipv4.isValid()" (node_2) is false
[13:16:58.084] [bmv2] [D] [thread 4118] [7.0] [cxt 0] Pipeline 'ingress': end
[13:16:58.084] [bmv2] [D] [thread 4118] [7.0] [cxt 0] Egress port is 0
[13:16:58.084] [bmv2] [D] [thread 4119] [7.0] [cxt 0] Pipeline 'egress': start
[13:16:58.084] [bmv2] [D] [thread 4119] [7.0] [cxt 0] Pipeline 'egress': end
[13:16:58.084] [bmv2] [D] [thread 4119] [7.0] [cxt 0] Deparser 'deparser': start
[13:16:58.084] [bmv2] [T] [thread 4119] [7.0] [cxt 0] Skipping checksum 'cksum' update because condition not met
[13:16:58.084] [bmv2] [D] [thread 4119] [7.0] [cxt 0] Deparsing header 'ethernet'
[13:16:58.084] [bmv2] [D] [thread 4119] [7.0] [cxt 0] Deparser 'deparser': end
[13:16:58.084] [bmv2] [D] [thread 4123] [7.0] [cxt 0] Transmitting packet of size 107 out of port 0
[13:16:58.146] [bmv2] [D] [thread 4118] [8.0] [cxt 0] Processing packet received on port 2
[13:16:58.146] [bmv2] [D] [thread 4118] [8.0] [cxt 0] Parser 'parser': start
[13:16:58.146] [bmv2] [D] [thread 4118] [8.0] [cxt 0] Parser 'parser' entering state 'start'
[13:16:58.146] [bmv2] [D] [thread 4118] [8.0] [cxt 0] Extracting header 'ethernet'
[13:16:58.146] [bmv2] [D] [thread 4118] [8.0] [cxt 0] Parser state 'start': key is 86dd
[13:16:58.146] [bmv2] [T] [thread 4118] [8.0] [cxt 0] Bytes parsed: 14
[13:16:58.146] [bmv2] [D] [thread 4118] [8.0] [cxt 0] Parser 'parser': end
[13:16:58.146] [bmv2] [D] [thread 4118] [8.0] [cxt 0] Pipeline 'ingress': start
[13:16:58.146] [bmv2] [T] [thread 4118] [8.0] [cxt 0] basic.p4(115) Condition "hdr.ipv4.isValid()" (node_2) is false
[13:16:58.146] [bmv2] [D] [thread 4118] [8.0] [cxt 0] Pipeline 'ingress': end
[13:16:58.146] [bmv2] [D] [thread 4118] [8.0] [cxt 0] Egress port is 0
[13:16:58.147] [bmv2] [D] [thread 4119] [8.0] [cxt 0] Pipeline 'egress': start
[13:16:58.147] [bmv2] [D] [thread 4119] [8.0] [cxt 0] Pipeline 'egress': end
[13:16:58.147] [bmv2] [D] [thread 4119] [8.0] [cxt 0] Deparser 'deparser': start
[13:16:58.147] [bmv2] [T] [thread 4119] [8.0] [cxt 0] Skipping checksum 'cksum' update because condition not met
[13:16:58.147] [bmv2] [D] [thread 4119] [8.0] [cxt 0] Deparsing header 'ethernet'
[13:16:58.147] [bmv2] [D] [thread 4119] [8.0] [cxt 0] Deparser 'deparser': end
[13:16:58.147] [bmv2] [D] [thread 4123] [8.0] [cxt 0] Transmitting packet of size 211 out of port 0
[13:16:58.167] [bmv2] [D] [thread 4118] [9.0] [cxt 0] Processing packet received on port 2
[13:16:58.167] [bmv2] [D] [thread 4118] [9.0] [cxt 0] Parser 'parser': start
[13:16:58.167] [bmv2] [D] [thread 4118] [9.0] [cxt 0] Parser 'parser' entering state 'start'
[13:16:58.167] [bmv2] [D] [thread 4118] [9.0] [cxt 0] Extracting header 'ethernet'
[13:16:58.167] [bmv2] [D] [thread 4118] [9.0] [cxt 0] Parser state 'start': key is 86dd
[13:16:58.167] [bmv2] [T] [thread 4118] [9.0] [cxt 0] Bytes parsed: 14
[13:16:58.167] [bmv2] [D] [thread 4118] [9.0] [cxt 0] Parser 'parser': end
[13:16:58.167] [bmv2] [D] [thread 4118] [9.0] [cxt 0] Pipeline 'ingress': start
[13:16:58.167] [bmv2] [T] [thread 4118] [9.0] [cxt 0] basic.p4(115) Condition "hdr.ipv4.isValid()" (node_2) is false
[13:16:58.167] [bmv2] [D] [thread 4118] [9.0] [cxt 0] Pipeline 'ingress': end
[13:16:58.167] [bmv2] [D] [thread 4118] [9.0] [cxt 0] Egress port is 0
[13:16:58.167] [bmv2] [D] [thread 4119] [9.0] [cxt 0] Pipeline 'egress': start
[13:16:58.167] [bmv2] [D] [thread 4119] [9.0] [cxt 0] Pipeline 'egress': end
[13:16:58.167] [bmv2] [D] [thread 4119] [9.0] [cxt 0] Deparser 'deparser': start
[13:16:58.167] [bmv2] [T] [thread 4119] [9.0] [cxt 0] Skipping checksum 'cksum' update because condition not met
[13:16:58.167] [bmv2] [D] [thread 4119] [9.0] [cxt 0] Deparsing header 'ethernet'
[13:16:58.167] [bmv2] [D] [thread 4119] [9.0] [cxt 0] Deparser 'deparser': end
[13:16:58.167] [bmv2] [D] [thread 4123] [9.0] [cxt 0] Transmitting packet of size 110 out of port 0
[13:16:58.239] [bmv2] [D] [thread 4118] [10.0] [cxt 0] Processing packet received on port 1
[13:16:58.239] [bmv2] [D] [thread 4118] [10.0] [cxt 0] Parser 'parser': start
[13:16:58.239] [bmv2] [D] [thread 4118] [10.0] [cxt 0] Parser 'parser' entering state 'start'
[13:16:58.239] [bmv2] [D] [thread 4118] [10.0] [cxt 0] Extracting header 'ethernet'
[13:16:58.239] [bmv2] [D] [thread 4118] [10.0] [cxt 0] Parser state 'start': key is 86dd
[13:16:58.239] [bmv2] [T] [thread 4118] [10.0] [cxt 0] Bytes parsed: 14
[13:16:58.239] [bmv2] [D] [thread 4118] [10.0] [cxt 0] Parser 'parser': end
[13:16:58.239] [bmv2] [D] [thread 4118] [10.0] [cxt 0] Pipeline 'ingress': start
[13:16:58.239] [bmv2] [T] [thread 4118] [10.0] [cxt 0] basic.p4(115) Condition "hdr.ipv4.isValid()" (node_2) is false
[13:16:58.239] [bmv2] [D] [thread 4118] [10.0] [cxt 0] Pipeline 'ingress': end
[13:16:58.239] [bmv2] [D] [thread 4118] [10.0] [cxt 0] Egress port is 0
[13:16:58.239] [bmv2] [D] [thread 4118] [11.0] [cxt 0] Processing packet received on port 1
[13:16:58.239] [bmv2] [D] [thread 4118] [11.0] [cxt 0] Parser 'parser': start
[13:16:58.239] [bmv2] [D] [thread 4118] [11.0] [cxt 0] Parser 'parser' entering state 'start'
[13:16:58.239] [bmv2] [D] [thread 4118] [11.0] [cxt 0] Extracting header 'ethernet'
[13:16:58.239] [bmv2] [D] [thread 4118] [11.0] [cxt 0] Parser state 'start': key is 86dd
[13:16:58.239] [bmv2] [T] [thread 4118] [11.0] [cxt 0] Bytes parsed: 14
[13:16:58.239] [bmv2] [D] [thread 4118] [11.0] [cxt 0] Parser 'parser': end
[13:16:58.239] [bmv2] [D] [thread 4118] [11.0] [cxt 0] Pipeline 'ingress': start
[13:16:58.239] [bmv2] [T] [thread 4118] [11.0] [cxt 0] basic.p4(115) Condition "hdr.ipv4.isValid()" (node_2) is false
[13:16:58.239] [bmv2] [D] [thread 4119] [10.0] [cxt 0] Pipeline 'egress': start
[13:16:58.239] [bmv2] [D] [thread 4119] [10.0] [cxt 0] Pipeline 'egress': end
[13:16:58.239] [bmv2] [D] [thread 4119] [10.0] [cxt 0] Deparser 'deparser': start
[13:16:58.239] [bmv2] [T] [thread 4119] [10.0] [cxt 0] Skipping checksum 'cksum' update because condition not met
[13:16:58.239] [bmv2] [D] [thread 4119] [10.0] [cxt 0] Deparsing header 'ethernet'
[13:16:58.239] [bmv2] [D] [thread 4119] [10.0] [cxt 0] Deparser 'deparser': end
[13:16:58.239] [bmv2] [D] [thread 4118] [11.0] [cxt 0] Pipeline 'ingress': end
[13:16:58.239] [bmv2] [D] [thread 4118] [11.0] [cxt 0] Egress port is 0
[13:16:58.240] [bmv2] [D] [thread 4123] [10.0] [cxt 0] Transmitting packet of size 90 out of port 0
[13:16:58.240] [bmv2] [D] [thread 4119] [11.0] [cxt 0] Pipeline 'egress': start
[13:16:58.240] [bmv2] [D] [thread 4119] [11.0] [cxt 0] Pipeline 'egress': end
[13:16:58.240] [bmv2] [D] [thread 4119] [11.0] [cxt 0] Deparser 'deparser': start
[13:16:58.240] [bmv2] [T] [thread 4119] [11.0] [cxt 0] Skipping checksum 'cksum' update because condition not met
[13:16:58.240] [bmv2] [D] [thread 4119] [11.0] [cxt 0] Deparsing header 'ethernet'
[13:16:58.240] [bmv2] [D] [thread 4119] [11.0] [cxt 0] Deparser 'deparser': end
[13:16:58.240] [bmv2] [D] [thread 4123] [11.0] [cxt 0] Transmitting packet of size 70 out of port 0
[13:16:58.247] [bmv2] [D] [thread 4118] [12.0] [cxt 0] Processing packet received on port 1
[13:16:58.247] [bmv2] [D] [thread 4118] [12.0] [cxt 0] Parser 'parser': start
[13:16:58.247] [bmv2] [D] [thread 4118] [12.0] [cxt 0] Parser 'parser' entering state 'start'
[13:16:58.247] [bmv2] [D] [thread 4118] [12.0] [cxt 0] Extracting header 'ethernet'
[13:16:58.247] [bmv2] [D] [thread 4118] [12.0] [cxt 0] Parser state 'start': key is 86dd
[13:16:58.247] [bmv2] [T] [thread 4118] [12.0] [cxt 0] Bytes parsed: 14
[13:16:58.247] [bmv2] [D] [thread 4118] [12.0] [cxt 0] Parser 'parser': end
[13:16:58.247] [bmv2] [D] [thread 4118] [12.0] [cxt 0] Pipeline 'ingress': start
[13:16:58.247] [bmv2] [T] [thread 4118] [12.0] [cxt 0] basic.p4(115) Condition "hdr.ipv4.isValid()" (node_2) is false
[13:16:58.247] [bmv2] [D] [thread 4118] [12.0] [cxt 0] Pipeline 'ingress': end
[13:16:58.247] [bmv2] [D] [thread 4118] [12.0] [cxt 0] Egress port is 0
[13:16:58.247] [bmv2] [D] [thread 4119] [12.0] [cxt 0] Pipeline 'egress': start
[13:16:58.247] [bmv2] [D] [thread 4119] [12.0] [cxt 0] Pipeline 'egress': end
[13:16:58.247] [bmv2] [D] [thread 4119] [12.0] [cxt 0] Deparser 'deparser': start
[13:16:58.247] [bmv2] [T] [thread 4119] [12.0] [cxt 0] Skipping checksum 'cksum' update because condition not met
[13:16:58.247] [bmv2] [D] [thread 4119] [12.0] [cxt 0] Deparsing header 'ethernet'
[13:16:58.247] [bmv2] [D] [thread 4119] [12.0] [cxt 0] Deparser 'deparser': end
[13:16:58.248] [bmv2] [D] [thread 4123] [12.0] [cxt 0] Transmitting packet of size 90 out of port 0
[13:16:58.283] [bmv2] [D] [thread 4118] [13.0] [cxt 0] Processing packet received on port 2
[13:16:58.283] [bmv2] [D] [thread 4118] [13.0] [cxt 0] Parser 'parser': start
[13:16:58.283] [bmv2] [D] [thread 4118] [13.0] [cxt 0] Parser 'parser' entering state 'start'
[13:16:58.283] [bmv2] [D] [thread 4118] [13.0] [cxt 0] Extracting header 'ethernet'
[13:16:58.283] [bmv2] [D] [thread 4118] [13.0] [cxt 0] Parser state 'start': key is 86dd
[13:16:58.283] [bmv2] [T] [thread 4118] [13.0] [cxt 0] Bytes parsed: 14
[13:16:58.283] [bmv2] [D] [thread 4118] [13.0] [cxt 0] Parser 'parser': end
[13:16:58.283] [bmv2] [D] [thread 4118] [13.0] [cxt 0] Pipeline 'ingress': start
[13:16:58.283] [bmv2] [T] [thread 4118] [13.0] [cxt 0] basic.p4(115) Condition "hdr.ipv4.isValid()" (node_2) is false
[13:16:58.283] [bmv2] [D] [thread 4118] [13.0] [cxt 0] Pipeline 'ingress': end
[13:16:58.283] [bmv2] [D] [thread 4118] [13.0] [cxt 0] Egress port is 0
[13:16:58.283] [bmv2] [D] [thread 4119] [13.0] [cxt 0] Pipeline 'egress': start
[13:16:58.283] [bmv2] [D] [thread 4119] [13.0] [cxt 0] Pipeline 'egress': end
[13:16:58.283] [bmv2] [D] [thread 4119] [13.0] [cxt 0] Deparser 'deparser': start
[13:16:58.283] [bmv2] [T] [thread 4119] [13.0] [cxt 0] Skipping checksum 'cksum' update because condition not met
[13:16:58.283] [bmv2] [D] [thread 4119] [13.0] [cxt 0] Deparsing header 'ethernet'
[13:16:58.283] [bmv2] [D] [thread 4119] [13.0] [cxt 0] Deparser 'deparser': end
[13:16:58.283] [bmv2] [D] [thread 4123] [13.0] [cxt 0] Transmitting packet of size 90 out of port 0
[13:16:58.303] [bmv2] [D] [thread 4118] [14.0] [cxt 0] Processing packet received on port 1
[13:16:58.303] [bmv2] [D] [thread 4118] [14.0] [cxt 0] Parser 'parser': start
[13:16:58.303] [bmv2] [D] [thread 4118] [14.0] [cxt 0] Parser 'parser' entering state 'start'
[13:16:58.303] [bmv2] [D] [thread 4118] [14.0] [cxt 0] Extracting header 'ethernet'
[13:16:58.303] [bmv2] [D] [thread 4118] [14.0] [cxt 0] Parser state 'start': key is 86dd
[13:16:58.303] [bmv2] [T] [thread 4118] [14.0] [cxt 0] Bytes parsed: 14
[13:16:58.303] [bmv2] [D] [thread 4118] [14.0] [cxt 0] Parser 'parser': end
[13:16:58.303] [bmv2] [D] [thread 4118] [14.0] [cxt 0] Pipeline 'ingress': start
[13:16:58.303] [bmv2] [T] [thread 4118] [14.0] [cxt 0] basic.p4(115) Condition "hdr.ipv4.isValid()" (node_2) is false
[13:16:58.303] [bmv2] [D] [thread 4118] [14.0] [cxt 0] Pipeline 'ingress': end
[13:16:58.303] [bmv2] [D] [thread 4118] [14.0] [cxt 0] Egress port is 0
[13:16:58.303] [bmv2] [D] [thread 4118] [15.0] [cxt 0] Processing packet received on port 1
[13:16:58.303] [bmv2] [D] [thread 4118] [15.0] [cxt 0] Parser 'parser': start
[13:16:58.303] [bmv2] [D] [thread 4118] [15.0] [cxt 0] Parser 'parser' entering state 'start'
[13:16:58.303] [bmv2] [D] [thread 4118] [15.0] [cxt 0] Extracting header 'ethernet'
[13:16:58.303] [bmv2] [D] [thread 4119] [14.0] [cxt 0] Pipeline 'egress': start
[13:16:58.303] [bmv2] [D] [thread 4119] [14.0] [cxt 0] Pipeline 'egress': end
[13:16:58.303] [bmv2] [D] [thread 4119] [14.0] [cxt 0] Deparser 'deparser': start
[13:16:58.303] [bmv2] [T] [thread 4119] [14.0] [cxt 0] Skipping checksum 'cksum' update because condition not met
[13:16:58.303] [bmv2] [D] [thread 4119] [14.0] [cxt 0] Deparsing header 'ethernet'
[13:16:58.303] [bmv2] [D] [thread 4119] [14.0] [cxt 0] Deparser 'deparser': end
[13:16:58.303] [bmv2] [D] [thread 4118] [15.0] [cxt 0] Parser state 'start': key is 86dd
[13:16:58.303] [bmv2] [T] [thread 4118] [15.0] [cxt 0] Bytes parsed: 14
[13:16:58.303] [bmv2] [D] [thread 4118] [15.0] [cxt 0] Parser 'parser': end
[13:16:58.303] [bmv2] [D] [thread 4118] [15.0] [cxt 0] Pipeline 'ingress': start
[13:16:58.303] [bmv2] [T] [thread 4118] [15.0] [cxt 0] basic.p4(115) Condition "hdr.ipv4.isValid()" (node_2) is false
[13:16:58.303] [bmv2] [D] [thread 4118] [15.0] [cxt 0] Pipeline 'ingress': end
[13:16:58.303] [bmv2] [D] [thread 4118] [15.0] [cxt 0] Egress port is 0
[13:16:58.303] [bmv2] [D] [thread 4123] [14.0] [cxt 0] Transmitting packet of size 90 out of port 0
[13:16:58.303] [bmv2] [D] [thread 4119] [15.0] [cxt 0] Pipeline 'egress': start
[13:16:58.303] [bmv2] [D] [thread 4119] [15.0] [cxt 0] Pipeline 'egress': end
[13:16:58.303] [bmv2] [D] [thread 4119] [15.0] [cxt 0] Deparser 'deparser': start
[13:16:58.303] [bmv2] [T] [thread 4119] [15.0] [cxt 0] Skipping checksum 'cksum' update because condition not met
[13:16:58.303] [bmv2] [D] [thread 4119] [15.0] [cxt 0] Deparsing header 'ethernet'
[13:16:58.303] [bmv2] [D] [thread 4119] [15.0] [cxt 0] Deparser 'deparser': end
[13:16:58.303] [bmv2] [D] [thread 4123] [15.0] [cxt 0] Transmitting packet of size 70 out of port 0
[13:16:58.306] [bmv2] [D] [thread 4118] [16.0] [cxt 0] Processing packet received on port 1
[13:16:58.306] [bmv2] [D] [thread 4118] [16.0] [cxt 0] Parser 'parser': start
[13:16:58.306] [bmv2] [D] [thread 4118] [16.0] [cxt 0] Parser 'parser' entering state 'start'
[13:16:58.306] [bmv2] [D] [thread 4118] [16.0] [cxt 0] Extracting header 'ethernet'
[13:16:58.306] [bmv2] [D] [thread 4118] [16.0] [cxt 0] Parser state 'start': key is 86dd
[13:16:58.306] [bmv2] [T] [thread 4118] [16.0] [cxt 0] Bytes parsed: 14
[13:16:58.306] [bmv2] [D] [thread 4118] [16.0] [cxt 0] Parser 'parser': end
[13:16:58.306] [bmv2] [D] [thread 4118] [16.0] [cxt 0] Pipeline 'ingress': start
[13:16:58.306] [bmv2] [T] [thread 4118] [16.0] [cxt 0] basic.p4(115) Condition "hdr.ipv4.isValid()" (node_2) is false
[13:16:58.306] [bmv2] [D] [thread 4118] [16.0] [cxt 0] Pipeline 'ingress': end
[13:16:58.306] [bmv2] [D] [thread 4118] [16.0] [cxt 0] Egress port is 0
[13:16:58.306] [bmv2] [D] [thread 4119] [16.0] [cxt 0] Pipeline 'egress': start
[13:16:58.306] [bmv2] [D] [thread 4119] [16.0] [cxt 0] Pipeline 'egress': end
[13:16:58.306] [bmv2] [D] [thread 4119] [16.0] [cxt 0] Deparser 'deparser': start
[13:16:58.306] [bmv2] [T] [thread 4119] [16.0] [cxt 0] Skipping checksum 'cksum' update because condition not met
[13:16:58.306] [bmv2] [D] [thread 4119] [16.0] [cxt 0] Deparsing header 'ethernet'
[13:16:58.306] [bmv2] [D] [thread 4119] [16.0] [cxt 0] Deparser 'deparser': end
[13:16:58.306] [bmv2] [D] [thread 4123] [16.0] [cxt 0] Transmitting packet of size 90 out of port 0
[13:16:58.335] [bmv2] [D] [thread 4118] [17.0] [cxt 0] Processing packet received on port 2
[13:16:58.335] [bmv2] [D] [thread 4118] [17.0] [cxt 0] Parser 'parser': start
[13:16:58.335] [bmv2] [D] [thread 4118] [17.0] [cxt 0] Parser 'parser' entering state 'start'
[13:16:58.335] [bmv2] [D] [thread 4118] [17.0] [cxt 0] Extracting header 'ethernet'
[13:16:58.335] [bmv2] [D] [thread 4118] [17.0] [cxt 0] Parser state 'start': key is 86dd
[13:16:58.335] [bmv2] [T] [thread 4118] [17.0] [cxt 0] Bytes parsed: 14
[13:16:58.335] [bmv2] [D] [thread 4118] [17.0] [cxt 0] Parser 'parser': end
[13:16:58.335] [bmv2] [D] [thread 4118] [17.0] [cxt 0] Pipeline 'ingress': start
[13:16:58.335] [bmv2] [T] [thread 4118] [17.0] [cxt 0] basic.p4(115) Condition "hdr.ipv4.isValid()" (node_2) is false
[13:16:58.335] [bmv2] [D] [thread 4118] [17.0] [cxt 0] Pipeline 'ingress': end
[13:16:58.335] [bmv2] [D] [thread 4118] [17.0] [cxt 0] Egress port is 0
[13:16:58.335] [bmv2] [D] [thread 4119] [17.0] [cxt 0] Pipeline 'egress': start
[13:16:58.335] [bmv2] [D] [thread 4119] [17.0] [cxt 0] Pipeline 'egress': end
[13:16:58.335] [bmv2] [D] [thread 4119] [17.0] [cxt 0] Deparser 'deparser': start
[13:16:58.335] [bmv2] [T] [thread 4119] [17.0] [cxt 0] Skipping checksum 'cksum' update because condition not met
[13:16:58.335] [bmv2] [D] [thread 4119] [17.0] [cxt 0] Deparsing header 'ethernet'
[13:16:58.335] [bmv2] [D] [thread 4119] [17.0] [cxt 0] Deparser 'deparser': end
[13:16:58.335] [bmv2] [D] [thread 4123] [17.0] [cxt 0] Transmitting packet of size 211 out of port 0
[13:16:58.339] [bmv2] [D] [thread 4118] [18.0] [cxt 0] Processing packet received on port 1
[13:16:58.339] [bmv2] [D] [thread 4118] [18.0] [cxt 0] Parser 'parser': start
[13:16:58.339] [bmv2] [D] [thread 4118] [18.0] [cxt 0] Parser 'parser' entering state 'start'
[13:16:58.339] [bmv2] [D] [thread 4118] [18.0] [cxt 0] Extracting header 'ethernet'
[13:16:58.339] [bmv2] [D] [thread 4118] [18.0] [cxt 0] Parser state 'start': key is 86dd
[13:16:58.339] [bmv2] [T] [thread 4118] [18.0] [cxt 0] Bytes parsed: 14
[13:16:58.339] [bmv2] [D] [thread 4118] [18.0] [cxt 0] Parser 'parser': end
[13:16:58.339] [bmv2] [D] [thread 4118] [18.0] [cxt 0] Pipeline 'ingress': start
[13:16:58.339] [bmv2] [T] [thread 4118] [18.0] [cxt 0] basic.p4(115) Condition "hdr.ipv4.isValid()" (node_2) is false
[13:16:58.339] [bmv2] [D] [thread 4118] [18.0] [cxt 0] Pipeline 'ingress': end
[13:16:58.339] [bmv2] [D] [thread 4118] [18.0] [cxt 0] Egress port is 0
[13:16:58.339] [bmv2] [D] [thread 4119] [18.0] [cxt 0] Pipeline 'egress': start
[13:16:58.339] [bmv2] [D] [thread 4119] [18.0] [cxt 0] Pipeline 'egress': end
[13:16:58.339] [bmv2] [D] [thread 4119] [18.0] [cxt 0] Deparser 'deparser': start
[13:16:58.339] [bmv2] [T] [thread 4119] [18.0] [cxt 0] Skipping checksum 'cksum' update because condition not met
[13:16:58.339] [bmv2] [D] [thread 4119] [18.0] [cxt 0] Deparsing header 'ethernet'
[13:16:58.339] [bmv2] [D] [thread 4119] [18.0] [cxt 0] Deparser 'deparser': end
[13:16:58.339] [bmv2] [D] [thread 4123] [18.0] [cxt 0] Transmitting packet of size 211 out of port 0
[13:16:58.340] [bmv2] [D] [thread 4118] [19.0] [cxt 0] Processing packet received on port 1
[13:16:58.340] [bmv2] [D] [thread 4118] [19.0] [cxt 0] Parser 'parser': start
[13:16:58.340] [bmv2] [D] [thread 4118] [19.0] [cxt 0] Parser 'parser' entering state 'start'
[13:16:58.340] [bmv2] [D] [thread 4118] [19.0] [cxt 0] Extracting header 'ethernet'
[13:16:58.340] [bmv2] [D] [thread 4118] [19.0] [cxt 0] Parser state 'start': key is 86dd
[13:16:58.340] [bmv2] [T] [thread 4118] [19.0] [cxt 0] Bytes parsed: 14
[13:16:58.340] [bmv2] [D] [thread 4118] [19.0] [cxt 0] Parser 'parser': end
[13:16:58.340] [bmv2] [D] [thread 4118] [19.0] [cxt 0] Pipeline 'ingress': start
[13:16:58.340] [bmv2] [T] [thread 4118] [19.0] [cxt 0] basic.p4(115) Condition "hdr.ipv4.isValid()" (node_2) is false
[13:16:58.340] [bmv2] [D] [thread 4118] [19.0] [cxt 0] Pipeline 'ingress': end
[13:16:58.340] [bmv2] [D] [thread 4118] [19.0] [cxt 0] Egress port is 0
[13:16:58.340] [bmv2] [D] [thread 4119] [19.0] [cxt 0] Pipeline 'egress': start
[13:16:58.340] [bmv2] [D] [thread 4119] [19.0] [cxt 0] Pipeline 'egress': end
[13:16:58.340] [bmv2] [D] [thread 4119] [19.0] [cxt 0] Deparser 'deparser': start
[13:16:58.340] [bmv2] [T] [thread 4119] [19.0] [cxt 0] Skipping checksum 'cksum' update because condition not met
[13:16:58.340] [bmv2] [D] [thread 4119] [19.0] [cxt 0] Deparsing header 'ethernet'
[13:16:58.340] [bmv2] [D] [thread 4119] [19.0] [cxt 0] Deparser 'deparser': end
[13:16:58.340] [bmv2] [D] [thread 4123] [19.0] [cxt 0] Transmitting packet of size 107 out of port 0
[13:16:58.397] [bmv2] [D] [thread 4118] [20.0] [cxt 0] Processing packet received on port 2
[13:16:58.397] [bmv2] [D] [thread 4118] [20.0] [cxt 0] Parser 'parser': start
[13:16:58.397] [bmv2] [D] [thread 4118] [20.0] [cxt 0] Parser 'parser' entering state 'start'
[13:16:58.397] [bmv2] [D] [thread 4118] [20.0] [cxt 0] Extracting header 'ethernet'
[13:16:58.397] [bmv2] [D] [thread 4118] [20.0] [cxt 0] Parser state 'start': key is 86dd
[13:16:58.397] [bmv2] [T] [thread 4118] [20.0] [cxt 0] Bytes parsed: 14
[13:16:58.397] [bmv2] [D] [thread 4118] [20.0] [cxt 0] Parser 'parser': end
[13:16:58.397] [bmv2] [D] [thread 4118] [20.0] [cxt 0] Pipeline 'ingress': start
[13:16:58.397] [bmv2] [T] [thread 4118] [20.0] [cxt 0] basic.p4(115) Condition "hdr.ipv4.isValid()" (node_2) is false
[13:16:58.397] [bmv2] [D] [thread 4118] [20.0] [cxt 0] Pipeline 'ingress': end
[13:16:58.397] [bmv2] [D] [thread 4118] [20.0] [cxt 0] Egress port is 0
[13:16:58.397] [bmv2] [D] [thread 4119] [20.0] [cxt 0] Pipeline 'egress': start
[13:16:58.397] [bmv2] [D] [thread 4119] [20.0] [cxt 0] Pipeline 'egress': end
[13:16:58.397] [bmv2] [D] [thread 4119] [20.0] [cxt 0] Deparser 'deparser': start
[13:16:58.397] [bmv2] [T] [thread 4119] [20.0] [cxt 0] Skipping checksum 'cksum' update because condition not met
[13:16:58.397] [bmv2] [D] [thread 4119] [20.0] [cxt 0] Deparsing header 'ethernet'
[13:16:58.397] [bmv2] [D] [thread 4119] [20.0] [cxt 0] Deparser 'deparser': end
[13:16:58.397] [bmv2] [D] [thread 4123] [20.0] [cxt 0] Transmitting packet of size 211 out of port 0
[13:16:58.407] [bmv2] [D] [thread 4118] [21.0] [cxt 0] Processing packet received on port 1
[13:16:58.407] [bmv2] [D] [thread 4118] [21.0] [cxt 0] Parser 'parser': start
[13:16:58.407] [bmv2] [D] [thread 4118] [21.0] [cxt 0] Parser 'parser' entering state 'start'
[13:16:58.407] [bmv2] [D] [thread 4118] [21.0] [cxt 0] Extracting header 'ethernet'
[13:16:58.407] [bmv2] [D] [thread 4118] [21.0] [cxt 0] Parser state 'start': key is 86dd
[13:16:58.407] [bmv2] [T] [thread 4118] [21.0] [cxt 0] Bytes parsed: 14
[13:16:58.407] [bmv2] [D] [thread 4118] [21.0] [cxt 0] Parser 'parser': end
[13:16:58.407] [bmv2] [D] [thread 4118] [21.0] [cxt 0] Pipeline 'ingress': start
[13:16:58.407] [bmv2] [T] [thread 4118] [21.0] [cxt 0] basic.p4(115) Condition "hdr.ipv4.isValid()" (node_2) is false
[13:16:58.407] [bmv2] [D] [thread 4118] [21.0] [cxt 0] Pipeline 'ingress': end
[13:16:58.407] [bmv2] [D] [thread 4118] [21.0] [cxt 0] Egress port is 0
[13:16:58.407] [bmv2] [D] [thread 4119] [21.0] [cxt 0] Pipeline 'egress': start
[13:16:58.407] [bmv2] [D] [thread 4119] [21.0] [cxt 0] Pipeline 'egress': end
[13:16:58.407] [bmv2] [D] [thread 4119] [21.0] [cxt 0] Deparser 'deparser': start
[13:16:58.407] [bmv2] [T] [thread 4119] [21.0] [cxt 0] Skipping checksum 'cksum' update because condition not met
[13:16:58.407] [bmv2] [D] [thread 4119] [21.0] [cxt 0] Deparsing header 'ethernet'
[13:16:58.407] [bmv2] [D] [thread 4119] [21.0] [cxt 0] Deparser 'deparser': end
[13:16:58.407] [bmv2] [D] [thread 4123] [21.0] [cxt 0] Transmitting packet of size 211 out of port 0
[13:16:58.487] [bmv2] [D] [thread 4118] [22.0] [cxt 0] Processing packet received on port 2
[13:16:58.487] [bmv2] [D] [thread 4118] [22.0] [cxt 0] Parser 'parser': start
[13:16:58.487] [bmv2] [D] [thread 4118] [22.0] [cxt 0] Parser 'parser' entering state 'start'
[13:16:58.487] [bmv2] [D] [thread 4118] [22.0] [cxt 0] Extracting header 'ethernet'
[13:16:58.487] [bmv2] [D] [thread 4118] [22.0] [cxt 0] Parser state 'start': key is 86dd
[13:16:58.487] [bmv2] [T] [thread 4118] [22.0] [cxt 0] Bytes parsed: 14
[13:16:58.487] [bmv2] [D] [thread 4118] [22.0] [cxt 0] Parser 'parser': end
[13:16:58.487] [bmv2] [D] [thread 4118] [22.0] [cxt 0] Pipeline 'ingress': start
[13:16:58.487] [bmv2] [T] [thread 4118] [22.0] [cxt 0] basic.p4(115) Condition "hdr.ipv4.isValid()" (node_2) is false
[13:16:58.487] [bmv2] [D] [thread 4118] [22.0] [cxt 0] Pipeline 'ingress': end
[13:16:58.487] [bmv2] [D] [thread 4118] [22.0] [cxt 0] Egress port is 0
[13:16:58.487] [bmv2] [D] [thread 4119] [22.0] [cxt 0] Pipeline 'egress': start
[13:16:58.487] [bmv2] [D] [thread 4119] [22.0] [cxt 0] Pipeline 'egress': end
[13:16:58.487] [bmv2] [D] [thread 4119] [22.0] [cxt 0] Deparser 'deparser': start
[13:16:58.487] [bmv2] [T] [thread 4119] [22.0] [cxt 0] Skipping checksum 'cksum' update because condition not met
[13:16:58.487] [bmv2] [D] [thread 4119] [22.0] [cxt 0] Deparsing header 'ethernet'
[13:16:58.487] [bmv2] [D] [thread 4119] [22.0] [cxt 0] Deparser 'deparser': end
[13:16:58.487] [bmv2] [D] [thread 4123] [22.0] [cxt 0] Transmitting packet of size 90 out of port 0
[13:16:58.495] [bmv2] [D] [thread 4118] [23.0] [cxt 0] Processing packet received on port 1
[13:16:58.495] [bmv2] [D] [thread 4118] [23.0] [cxt 0] Parser 'parser': start
[13:16:58.495] [bmv2] [D] [thread 4118] [23.0] [cxt 0] Parser 'parser' entering state 'start'
[13:16:58.495] [bmv2] [D] [thread 4118] [23.0] [cxt 0] Extracting header 'ethernet'
[13:16:58.495] [bmv2] [D] [thread 4118] [23.0] [cxt 0] Parser state 'start': key is 86dd
[13:16:58.495] [bmv2] [T] [thread 4118] [23.0] [cxt 0] Bytes parsed: 14
[13:16:58.495] [bmv2] [D] [thread 4118] [23.0] [cxt 0] Parser 'parser': end
[13:16:58.495] [bmv2] [D] [thread 4118] [23.0] [cxt 0] Pipeline 'ingress': start
[13:16:58.495] [bmv2] [T] [thread 4118] [23.0] [cxt 0] basic.p4(115) Condition "hdr.ipv4.isValid()" (node_2) is false
[13:16:58.495] [bmv2] [D] [thread 4118] [23.0] [cxt 0] Pipeline 'ingress': end
[13:16:58.495] [bmv2] [D] [thread 4118] [23.0] [cxt 0] Egress port is 0
[13:16:58.495] [bmv2] [D] [thread 4119] [23.0] [cxt 0] Pipeline 'egress': start
[13:16:58.495] [bmv2] [D] [thread 4119] [23.0] [cxt 0] Pipeline 'egress': end
[13:16:58.495] [bmv2] [D] [thread 4119] [23.0] [cxt 0] Deparser 'deparser': start
[13:16:58.495] [bmv2] [T] [thread 4119] [23.0] [cxt 0] Skipping checksum 'cksum' update because condition not met
[13:16:58.495] [bmv2] [D] [thread 4119] [23.0] [cxt 0] Deparsing header 'ethernet'
[13:16:58.495] [bmv2] [D] [thread 4119] [23.0] [cxt 0] Deparser 'deparser': end
[13:16:58.495] [bmv2] [D] [thread 4123] [23.0] [cxt 0] Transmitting packet of size 110 out of port 0
[13:16:58.586] [bmv2] [D] [thread 4118] [24.0] [cxt 0] Processing packet received on port 2
[13:16:58.586] [bmv2] [D] [thread 4118] [24.0] [cxt 0] Parser 'parser': start
[13:16:58.586] [bmv2] [D] [thread 4118] [24.0] [cxt 0] Parser 'parser' entering state 'start'
[13:16:58.586] [bmv2] [D] [thread 4118] [24.0] [cxt 0] Extracting header 'ethernet'
[13:16:58.586] [bmv2] [D] [thread 4118] [24.0] [cxt 0] Parser state 'start': key is 86dd
[13:16:58.586] [bmv2] [T] [thread 4118] [24.0] [cxt 0] Bytes parsed: 14
[13:16:58.586] [bmv2] [D] [thread 4118] [24.0] [cxt 0] Parser 'parser': end
[13:16:58.586] [bmv2] [D] [thread 4118] [24.0] [cxt 0] Pipeline 'ingress': start
[13:16:58.586] [bmv2] [T] [thread 4118] [24.0] [cxt 0] basic.p4(115) Condition "hdr.ipv4.isValid()" (node_2) is false
[13:16:58.586] [bmv2] [D] [thread 4118] [24.0] [cxt 0] Pipeline 'ingress': end
[13:16:58.586] [bmv2] [D] [thread 4118] [24.0] [cxt 0] Egress port is 0
[13:16:58.586] [bmv2] [D] [thread 4119] [24.0] [cxt 0] Pipeline 'egress': start
[13:16:58.586] [bmv2] [D] [thread 4119] [24.0] [cxt 0] Pipeline 'egress': end
[13:16:58.586] [bmv2] [D] [thread 4119] [24.0] [cxt 0] Deparser 'deparser': start
[13:16:58.586] [bmv2] [T] [thread 4119] [24.0] [cxt 0] Skipping checksum 'cksum' update because condition not met
[13:16:58.586] [bmv2] [D] [thread 4119] [24.0] [cxt 0] Deparsing header 'ethernet'
[13:16:58.586] [bmv2] [D] [thread 4119] [24.0] [cxt 0] Deparser 'deparser': end
[13:16:58.586] [bmv2] [D] [thread 4123] [24.0] [cxt 0] Transmitting packet of size 211 out of port 0
[13:16:58.591] [bmv2] [D] [thread 4118] [25.0] [cxt 0] Processing packet received on port 1
[13:16:58.591] [bmv2] [D] [thread 4118] [25.0] [cxt 0] Parser 'parser': start
[13:16:58.591] [bmv2] [D] [thread 4118] [25.0] [cxt 0] Parser 'parser' entering state 'start'
[13:16:58.591] [bmv2] [D] [thread 4118] [25.0] [cxt 0] Extracting header 'ethernet'
[13:16:58.591] [bmv2] [D] [thread 4118] [25.0] [cxt 0] Parser state 'start': key is 86dd
[13:16:58.591] [bmv2] [T] [thread 4118] [25.0] [cxt 0] Bytes parsed: 14
[13:16:58.591] [bmv2] [D] [thread 4118] [25.0] [cxt 0] Parser 'parser': end
[13:16:58.591] [bmv2] [D] [thread 4118] [25.0] [cxt 0] Pipeline 'ingress': start
[13:16:58.591] [bmv2] [T] [thread 4118] [25.0] [cxt 0] basic.p4(115) Condition "hdr.ipv4.isValid()" (node_2) is false
[13:16:58.591] [bmv2] [D] [thread 4118] [25.0] [cxt 0] Pipeline 'ingress': end
[13:16:58.591] [bmv2] [D] [thread 4118] [25.0] [cxt 0] Egress port is 0
[13:16:58.591] [bmv2] [D] [thread 4119] [25.0] [cxt 0] Pipeline 'egress': start
[13:16:58.591] [bmv2] [D] [thread 4119] [25.0] [cxt 0] Pipeline 'egress': end
[13:16:58.591] [bmv2] [D] [thread 4119] [25.0] [cxt 0] Deparser 'deparser': start
[13:16:58.591] [bmv2] [T] [thread 4119] [25.0] [cxt 0] Skipping checksum 'cksum' update because condition not met
[13:16:58.591] [bmv2] [D] [thread 4119] [25.0] [cxt 0] Deparsing header 'ethernet'
[13:16:58.591] [bmv2] [D] [thread 4119] [25.0] [cxt 0] Deparser 'deparser': end
[13:16:58.591] [bmv2] [D] [thread 4123] [25.0] [cxt 0] Transmitting packet of size 211 out of port 0
[13:16:58.599] [bmv2] [D] [thread 4118] [26.0] [cxt 0] Processing packet received on port 1
[13:16:58.599] [bmv2] [D] [thread 4118] [26.0] [cxt 0] Parser 'parser': start
[13:16:58.599] [bmv2] [D] [thread 4118] [26.0] [cxt 0] Parser 'parser' entering state 'start'
[13:16:58.599] [bmv2] [D] [thread 4118] [26.0] [cxt 0] Extracting header 'ethernet'
[13:16:58.599] [bmv2] [D] [thread 4118] [26.0] [cxt 0] Parser state 'start': key is 86dd
[13:16:58.599] [bmv2] [T] [thread 4118] [26.0] [cxt 0] Bytes parsed: 14
[13:16:58.599] [bmv2] [D] [thread 4118] [26.0] [cxt 0] Parser 'parser': end
[13:16:58.599] [bmv2] [D] [thread 4118] [26.0] [cxt 0] Pipeline 'ingress': start
[13:16:58.599] [bmv2] [T] [thread 4118] [26.0] [cxt 0] basic.p4(115) Condition "hdr.ipv4.isValid()" (node_2) is false
[13:16:58.599] [bmv2] [D] [thread 4118] [26.0] [cxt 0] Pipeline 'ingress': end
[13:16:58.599] [bmv2] [D] [thread 4118] [26.0] [cxt 0] Egress port is 0
[13:16:58.599] [bmv2] [D] [thread 4119] [26.0] [cxt 0] Pipeline 'egress': start
[13:16:58.599] [bmv2] [D] [thread 4119] [26.0] [cxt 0] Pipeline 'egress': end
[13:16:58.599] [bmv2] [D] [thread 4119] [26.0] [cxt 0] Deparser 'deparser': start
[13:16:58.599] [bmv2] [T] [thread 4119] [26.0] [cxt 0] Skipping checksum 'cksum' update because condition not met
[13:16:58.599] [bmv2] [D] [thread 4119] [26.0] [cxt 0] Deparsing header 'ethernet'
[13:16:58.599] [bmv2] [D] [thread 4119] [26.0] [cxt 0] Deparser 'deparser': end
[13:16:58.599] [bmv2] [D] [thread 4123] [26.0] [cxt 0] Transmitting packet of size 90 out of port 0
[13:16:58.649] [bmv2] [D] [thread 4118] [27.0] [cxt 0] Processing packet received on port 2
[13:16:58.649] [bmv2] [D] [thread 4118] [27.0] [cxt 0] Parser 'parser': start
[13:16:58.649] [bmv2] [D] [thread 4118] [27.0] [cxt 0] Parser 'parser' entering state 'start'
[13:16:58.649] [bmv2] [D] [thread 4118] [27.0] [cxt 0] Extracting header 'ethernet'
[13:16:58.649] [bmv2] [D] [thread 4118] [27.0] [cxt 0] Parser state 'start': key is 86dd
[13:16:58.649] [bmv2] [T] [thread 4118] [27.0] [cxt 0] Bytes parsed: 14
[13:16:58.649] [bmv2] [D] [thread 4118] [27.0] [cxt 0] Parser 'parser': end
[13:16:58.649] [bmv2] [D] [thread 4118] [27.0] [cxt 0] Pipeline 'ingress': start
[13:16:58.649] [bmv2] [T] [thread 4118] [27.0] [cxt 0] basic.p4(115) Condition "hdr.ipv4.isValid()" (node_2) is false
[13:16:58.649] [bmv2] [D] [thread 4118] [27.0] [cxt 0] Pipeline 'ingress': end
[13:16:58.649] [bmv2] [D] [thread 4118] [27.0] [cxt 0] Egress port is 0
[13:16:58.649] [bmv2] [D] [thread 4119] [27.0] [cxt 0] Pipeline 'egress': start
[13:16:58.649] [bmv2] [D] [thread 4119] [27.0] [cxt 0] Pipeline 'egress': end
[13:16:58.649] [bmv2] [D] [thread 4119] [27.0] [cxt 0] Deparser 'deparser': start
[13:16:58.649] [bmv2] [T] [thread 4119] [27.0] [cxt 0] Skipping checksum 'cksum' update because condition not met
[13:16:58.649] [bmv2] [D] [thread 4119] [27.0] [cxt 0] Deparsing header 'ethernet'
[13:16:58.649] [bmv2] [D] [thread 4119] [27.0] [cxt 0] Deparser 'deparser': end
[13:16:58.649] [bmv2] [D] [thread 4123] [27.0] [cxt 0] Transmitting packet of size 211 out of port 0
[13:16:58.657] [bmv2] [D] [thread 4118] [28.0] [cxt 0] Processing packet received on port 1
[13:16:58.657] [bmv2] [D] [thread 4118] [28.0] [cxt 0] Parser 'parser': start
[13:16:58.657] [bmv2] [D] [thread 4118] [28.0] [cxt 0] Parser 'parser' entering state 'start'
[13:16:58.657] [bmv2] [D] [thread 4118] [28.0] [cxt 0] Extracting header 'ethernet'
[13:16:58.657] [bmv2] [D] [thread 4118] [28.0] [cxt 0] Parser state 'start': key is 86dd
[13:16:58.657] [bmv2] [T] [thread 4118] [28.0] [cxt 0] Bytes parsed: 14
[13:16:58.657] [bmv2] [D] [thread 4118] [28.0] [cxt 0] Parser 'parser': end
[13:16:58.657] [bmv2] [D] [thread 4118] [28.0] [cxt 0] Pipeline 'ingress': start
[13:16:58.657] [bmv2] [T] [thread 4118] [28.0] [cxt 0] basic.p4(115) Condition "hdr.ipv4.isValid()" (node_2) is false
[13:16:58.657] [bmv2] [D] [thread 4118] [28.0] [cxt 0] Pipeline 'ingress': end
[13:16:58.657] [bmv2] [D] [thread 4118] [28.0] [cxt 0] Egress port is 0
[13:16:58.657] [bmv2] [D] [thread 4119] [28.0] [cxt 0] Pipeline 'egress': start
[13:16:58.657] [bmv2] [D] [thread 4119] [28.0] [cxt 0] Pipeline 'egress': end
[13:16:58.657] [bmv2] [D] [thread 4119] [28.0] [cxt 0] Deparser 'deparser': start
[13:16:58.657] [bmv2] [T] [thread 4119] [28.0] [cxt 0] Skipping checksum 'cksum' update because condition not met
[13:16:58.657] [bmv2] [D] [thread 4119] [28.0] [cxt 0] Deparsing header 'ethernet'
[13:16:58.657] [bmv2] [D] [thread 4119] [28.0] [cxt 0] Deparser 'deparser': end
[13:16:58.657] [bmv2] [D] [thread 4123] [28.0] [cxt 0] Transmitting packet of size 211 out of port 0
[13:16:58.786] [bmv2] [D] [thread 4118] [29.0] [cxt 0] Processing packet received on port 2
[13:16:58.786] [bmv2] [D] [thread 4118] [29.0] [cxt 0] Parser 'parser': start
[13:16:58.786] [bmv2] [D] [thread 4118] [29.0] [cxt 0] Parser 'parser' entering state 'start'
[13:16:58.786] [bmv2] [D] [thread 4118] [29.0] [cxt 0] Extracting header 'ethernet'
[13:16:58.786] [bmv2] [D] [thread 4118] [29.0] [cxt 0] Parser state 'start': key is 86dd
[13:16:58.786] [bmv2] [T] [thread 4118] [29.0] [cxt 0] Bytes parsed: 14
[13:16:58.786] [bmv2] [D] [thread 4118] [29.0] [cxt 0] Parser 'parser': end
[13:16:58.786] [bmv2] [D] [thread 4118] [29.0] [cxt 0] Pipeline 'ingress': start
[13:16:58.786] [bmv2] [T] [thread 4118] [29.0] [cxt 0] basic.p4(115) Condition "hdr.ipv4.isValid()" (node_2) is false
[13:16:58.786] [bmv2] [D] [thread 4118] [29.0] [cxt 0] Pipeline 'ingress': end
[13:16:58.786] [bmv2] [D] [thread 4118] [29.0] [cxt 0] Egress port is 0
[13:16:58.786] [bmv2] [D] [thread 4119] [29.0] [cxt 0] Pipeline 'egress': start
[13:16:58.786] [bmv2] [D] [thread 4119] [29.0] [cxt 0] Pipeline 'egress': end
[13:16:58.786] [bmv2] [D] [thread 4119] [29.0] [cxt 0] Deparser 'deparser': start
[13:16:58.786] [bmv2] [T] [thread 4119] [29.0] [cxt 0] Skipping checksum 'cksum' update because condition not met
[13:16:58.786] [bmv2] [D] [thread 4119] [29.0] [cxt 0] Deparsing header 'ethernet'
[13:16:58.786] [bmv2] [D] [thread 4119] [29.0] [cxt 0] Deparser 'deparser': end
[13:16:58.786] [bmv2] [D] [thread 4123] [29.0] [cxt 0] Transmitting packet of size 199 out of port 0
[13:16:58.841] [bmv2] [D] [thread 4118] [30.0] [cxt 0] Processing packet received on port 1
[13:16:58.841] [bmv2] [D] [thread 4118] [30.0] [cxt 0] Parser 'parser': start
[13:16:58.841] [bmv2] [D] [thread 4118] [30.0] [cxt 0] Parser 'parser' entering state 'start'
[13:16:58.841] [bmv2] [D] [thread 4118] [30.0] [cxt 0] Extracting header 'ethernet'
[13:16:58.841] [bmv2] [D] [thread 4118] [30.0] [cxt 0] Parser state 'start': key is 86dd
[13:16:58.841] [bmv2] [T] [thread 4118] [30.0] [cxt 0] Bytes parsed: 14
[13:16:58.841] [bmv2] [D] [thread 4118] [30.0] [cxt 0] Parser 'parser': end
[13:16:58.841] [bmv2] [D] [thread 4118] [30.0] [cxt 0] Pipeline 'ingress': start
[13:16:58.841] [bmv2] [T] [thread 4118] [30.0] [cxt 0] basic.p4(115) Condition "hdr.ipv4.isValid()" (node_2) is false
[13:16:58.841] [bmv2] [D] [thread 4118] [30.0] [cxt 0] Pipeline 'ingress': end
[13:16:58.841] [bmv2] [D] [thread 4118] [30.0] [cxt 0] Egress port is 0
[13:16:58.841] [bmv2] [D] [thread 4119] [30.0] [cxt 0] Pipeline 'egress': start
[13:16:58.841] [bmv2] [D] [thread 4119] [30.0] [cxt 0] Pipeline 'egress': end
[13:16:58.841] [bmv2] [D] [thread 4119] [30.0] [cxt 0] Deparser 'deparser': start
[13:16:58.841] [bmv2] [T] [thread 4119] [30.0] [cxt 0] Skipping checksum 'cksum' update because condition not met
[13:16:58.841] [bmv2] [D] [thread 4119] [30.0] [cxt 0] Deparsing header 'ethernet'
[13:16:58.841] [bmv2] [D] [thread 4119] [30.0] [cxt 0] Deparser 'deparser': end
[13:16:58.841] [bmv2] [D] [thread 4123] [30.0] [cxt 0] Transmitting packet of size 211 out of port 0
[13:16:58.849] [bmv2] [D] [thread 4118] [31.0] [cxt 0] Processing packet received on port 2
[13:16:58.849] [bmv2] [D] [thread 4118] [31.0] [cxt 0] Parser 'parser': start
[13:16:58.849] [bmv2] [D] [thread 4118] [31.0] [cxt 0] Parser 'parser' entering state 'start'
[13:16:58.849] [bmv2] [D] [thread 4118] [31.0] [cxt 0] Extracting header 'ethernet'
[13:16:58.849] [bmv2] [D] [thread 4118] [31.0] [cxt 0] Parser state 'start': key is 86dd
[13:16:58.849] [bmv2] [T] [thread 4118] [31.0] [cxt 0] Bytes parsed: 14
[13:16:58.849] [bmv2] [D] [thread 4118] [31.0] [cxt 0] Parser 'parser': end
[13:16:58.849] [bmv2] [D] [thread 4118] [31.0] [cxt 0] Pipeline 'ingress': start
[13:16:58.849] [bmv2] [T] [thread 4118] [31.0] [cxt 0] basic.p4(115) Condition "hdr.ipv4.isValid()" (node_2) is false
[13:16:58.849] [bmv2] [D] [thread 4118] [31.0] [cxt 0] Pipeline 'ingress': end
[13:16:58.849] [bmv2] [D] [thread 4118] [31.0] [cxt 0] Egress port is 0
[13:16:58.849] [bmv2] [D] [thread 4119] [31.0] [cxt 0] Pipeline 'egress': start
[13:16:58.849] [bmv2] [D] [thread 4119] [31.0] [cxt 0] Pipeline 'egress': end
[13:16:58.849] [bmv2] [D] [thread 4119] [31.0] [cxt 0] Deparser 'deparser': start
[13:16:58.849] [bmv2] [T] [thread 4119] [31.0] [cxt 0] Skipping checksum 'cksum' update because condition not met
[13:16:58.849] [bmv2] [D] [thread 4119] [31.0] [cxt 0] Deparsing header 'ethernet'
[13:16:58.849] [bmv2] [D] [thread 4119] [31.0] [cxt 0] Deparser 'deparser': end
[13:16:58.849] [bmv2] [D] [thread 4123] [31.0] [cxt 0] Transmitting packet of size 199 out of port 0
[13:16:58.907] [bmv2] [D] [thread 4118] [32.0] [cxt 0] Processing packet received on port 1
[13:16:58.907] [bmv2] [D] [thread 4118] [32.0] [cxt 0] Parser 'parser': start
[13:16:58.907] [bmv2] [D] [thread 4118] [32.0] [cxt 0] Parser 'parser' entering state 'start'
[13:16:58.907] [bmv2] [D] [thread 4118] [32.0] [cxt 0] Extracting header 'ethernet'
[13:16:58.907] [bmv2] [D] [thread 4118] [32.0] [cxt 0] Parser state 'start': key is 86dd
[13:16:58.907] [bmv2] [T] [thread 4118] [32.0] [cxt 0] Bytes parsed: 14
[13:16:58.907] [bmv2] [D] [thread 4118] [32.0] [cxt 0] Parser 'parser': end
[13:16:58.907] [bmv2] [D] [thread 4118] [32.0] [cxt 0] Pipeline 'ingress': start
[13:16:58.907] [bmv2] [T] [thread 4118] [32.0] [cxt 0] basic.p4(115) Condition "hdr.ipv4.isValid()" (node_2) is false
[13:16:58.907] [bmv2] [D] [thread 4118] [32.0] [cxt 0] Pipeline 'ingress': end
[13:16:58.907] [bmv2] [D] [thread 4118] [32.0] [cxt 0] Egress port is 0
[13:16:58.907] [bmv2] [D] [thread 4119] [32.0] [cxt 0] Pipeline 'egress': start
[13:16:58.907] [bmv2] [D] [thread 4119] [32.0] [cxt 0] Pipeline 'egress': end
[13:16:58.907] [bmv2] [D] [thread 4119] [32.0] [cxt 0] Deparser 'deparser': start
[13:16:58.907] [bmv2] [T] [thread 4119] [32.0] [cxt 0] Skipping checksum 'cksum' update because condition not met
[13:16:58.907] [bmv2] [D] [thread 4119] [32.0] [cxt 0] Deparsing header 'ethernet'
[13:16:58.907] [bmv2] [D] [thread 4119] [32.0] [cxt 0] Deparser 'deparser': end
[13:16:58.907] [bmv2] [D] [thread 4123] [32.0] [cxt 0] Transmitting packet of size 211 out of port 0
[13:16:58.943] [bmv2] [D] [thread 4118] [33.0] [cxt 0] Processing packet received on port 1
[13:16:58.943] [bmv2] [D] [thread 4118] [33.0] [cxt 0] Parser 'parser': start
[13:16:58.943] [bmv2] [D] [thread 4118] [33.0] [cxt 0] Parser 'parser' entering state 'start'
[13:16:58.943] [bmv2] [D] [thread 4118] [33.0] [cxt 0] Extracting header 'ethernet'
[13:16:58.943] [bmv2] [D] [thread 4118] [33.0] [cxt 0] Parser state 'start': key is 86dd
[13:16:58.943] [bmv2] [T] [thread 4118] [33.0] [cxt 0] Bytes parsed: 14
[13:16:58.943] [bmv2] [D] [thread 4118] [33.0] [cxt 0] Parser 'parser': end
[13:16:58.943] [bmv2] [D] [thread 4118] [33.0] [cxt 0] Pipeline 'ingress': start
[13:16:58.943] [bmv2] [T] [thread 4118] [33.0] [cxt 0] basic.p4(115) Condition "hdr.ipv4.isValid()" (node_2) is false
[13:16:58.943] [bmv2] [D] [thread 4118] [33.0] [cxt 0] Pipeline 'ingress': end
[13:16:58.943] [bmv2] [D] [thread 4118] [33.0] [cxt 0] Egress port is 0
[13:16:58.943] [bmv2] [D] [thread 4119] [33.0] [cxt 0] Pipeline 'egress': start
[13:16:58.943] [bmv2] [D] [thread 4119] [33.0] [cxt 0] Pipeline 'egress': end
[13:16:58.943] [bmv2] [D] [thread 4119] [33.0] [cxt 0] Deparser 'deparser': start
[13:16:58.943] [bmv2] [T] [thread 4119] [33.0] [cxt 0] Skipping checksum 'cksum' update because condition not met
[13:16:58.943] [bmv2] [D] [thread 4119] [33.0] [cxt 0] Deparsing header 'ethernet'
[13:16:58.943] [bmv2] [D] [thread 4119] [33.0] [cxt 0] Deparser 'deparser': end
[13:16:58.943] [bmv2] [D] [thread 4123] [33.0] [cxt 0] Transmitting packet of size 110 out of port 0
[13:16:59.041] [bmv2] [D] [thread 4118] [34.0] [cxt 0] Processing packet received on port 1
[13:16:59.041] [bmv2] [D] [thread 4118] [34.0] [cxt 0] Parser 'parser': start
[13:16:59.041] [bmv2] [D] [thread 4118] [34.0] [cxt 0] Parser 'parser' entering state 'start'
[13:16:59.041] [bmv2] [D] [thread 4118] [34.0] [cxt 0] Extracting header 'ethernet'
[13:16:59.041] [bmv2] [D] [thread 4118] [34.0] [cxt 0] Parser state 'start': key is 86dd
[13:16:59.041] [bmv2] [T] [thread 4118] [34.0] [cxt 0] Bytes parsed: 14
[13:16:59.041] [bmv2] [D] [thread 4118] [34.0] [cxt 0] Parser 'parser': end
[13:16:59.041] [bmv2] [D] [thread 4118] [34.0] [cxt 0] Pipeline 'ingress': start
[13:16:59.041] [bmv2] [T] [thread 4118] [34.0] [cxt 0] basic.p4(115) Condition "hdr.ipv4.isValid()" (node_2) is false
[13:16:59.041] [bmv2] [D] [thread 4118] [34.0] [cxt 0] Pipeline 'ingress': end
[13:16:59.041] [bmv2] [D] [thread 4118] [34.0] [cxt 0] Egress port is 0
[13:16:59.041] [bmv2] [D] [thread 4119] [34.0] [cxt 0] Pipeline 'egress': start
[13:16:59.041] [bmv2] [D] [thread 4119] [34.0] [cxt 0] Pipeline 'egress': end
[13:16:59.041] [bmv2] [D] [thread 4119] [34.0] [cxt 0] Deparser 'deparser': start
[13:16:59.041] [bmv2] [T] [thread 4119] [34.0] [cxt 0] Skipping checksum 'cksum' update because condition not met
[13:16:59.041] [bmv2] [D] [thread 4119] [34.0] [cxt 0] Deparsing header 'ethernet'
[13:16:59.041] [bmv2] [D] [thread 4119] [34.0] [cxt 0] Deparser 'deparser': end
[13:16:59.041] [bmv2] [D] [thread 4123] [34.0] [cxt 0] Transmitting packet of size 199 out of port 0
[13:16:59.071] [bmv2] [D] [thread 4118] [35.0] [cxt 0] Processing packet received on port 2
[13:16:59.071] [bmv2] [D] [thread 4118] [35.0] [cxt 0] Parser 'parser': start
[13:16:59.071] [bmv2] [D] [thread 4118] [35.0] [cxt 0] Parser 'parser' entering state 'start'
[13:16:59.071] [bmv2] [D] [thread 4118] [35.0] [cxt 0] Extracting header 'ethernet'
[13:16:59.071] [bmv2] [D] [thread 4118] [35.0] [cxt 0] Parser state 'start': key is 86dd
[13:16:59.071] [bmv2] [T] [thread 4118] [35.0] [cxt 0] Bytes parsed: 14
[13:16:59.071] [bmv2] [D] [thread 4118] [35.0] [cxt 0] Parser 'parser': end
[13:16:59.071] [bmv2] [D] [thread 4118] [35.0] [cxt 0] Pipeline 'ingress': start
[13:16:59.071] [bmv2] [T] [thread 4118] [35.0] [cxt 0] basic.p4(115) Condition "hdr.ipv4.isValid()" (node_2) is false
[13:16:59.071] [bmv2] [D] [thread 4118] [35.0] [cxt 0] Pipeline 'ingress': end
[13:16:59.071] [bmv2] [D] [thread 4118] [35.0] [cxt 0] Egress port is 0
[13:16:59.071] [bmv2] [D] [thread 4119] [35.0] [cxt 0] Pipeline 'egress': start
[13:16:59.071] [bmv2] [D] [thread 4119] [35.0] [cxt 0] Pipeline 'egress': end
[13:16:59.071] [bmv2] [D] [thread 4119] [35.0] [cxt 0] Deparser 'deparser': start
[13:16:59.071] [bmv2] [T] [thread 4119] [35.0] [cxt 0] Skipping checksum 'cksum' update because condition not met
[13:16:59.071] [bmv2] [D] [thread 4119] [35.0] [cxt 0] Deparsing header 'ethernet'
[13:16:59.071] [bmv2] [D] [thread 4119] [35.0] [cxt 0] Deparser 'deparser': end
[13:16:59.071] [bmv2] [D] [thread 4123] [35.0] [cxt 0] Transmitting packet of size 110 out of port 0
[13:16:59.084] [bmv2] [D] [thread 4118] [36.0] [cxt 0] Processing packet received on port 2
[13:16:59.084] [bmv2] [D] [thread 4118] [36.0] [cxt 0] Parser 'parser': start
[13:16:59.084] [bmv2] [D] [thread 4118] [36.0] [cxt 0] Parser 'parser' entering state 'start'
[13:16:59.084] [bmv2] [D] [thread 4118] [36.0] [cxt 0] Extracting header 'ethernet'
[13:16:59.084] [bmv2] [D] [thread 4118] [36.0] [cxt 0] Parser state 'start': key is 86dd
[13:16:59.084] [bmv2] [T] [thread 4118] [36.0] [cxt 0] Bytes parsed: 14
[13:16:59.084] [bmv2] [D] [thread 4118] [36.0] [cxt 0] Parser 'parser': end
[13:16:59.084] [bmv2] [D] [thread 4118] [36.0] [cxt 0] Pipeline 'ingress': start
[13:16:59.084] [bmv2] [T] [thread 4118] [36.0] [cxt 0] basic.p4(115) Condition "hdr.ipv4.isValid()" (node_2) is false
[13:16:59.084] [bmv2] [D] [thread 4118] [36.0] [cxt 0] Pipeline 'ingress': end
[13:16:59.084] [bmv2] [D] [thread 4118] [36.0] [cxt 0] Egress port is 0
[13:16:59.084] [bmv2] [D] [thread 4119] [36.0] [cxt 0] Pipeline 'egress': start
[13:16:59.084] [bmv2] [D] [thread 4119] [36.0] [cxt 0] Pipeline 'egress': end
[13:16:59.084] [bmv2] [D] [thread 4119] [36.0] [cxt 0] Deparser 'deparser': start
[13:16:59.084] [bmv2] [T] [thread 4119] [36.0] [cxt 0] Skipping checksum 'cksum' update because condition not met
[13:16:59.084] [bmv2] [D] [thread 4119] [36.0] [cxt 0] Deparsing header 'ethernet'
[13:16:59.084] [bmv2] [D] [thread 4119] [36.0] [cxt 0] Deparser 'deparser': end
[13:16:59.084] [bmv2] [D] [thread 4123] [36.0] [cxt 0] Transmitting packet of size 107 out of port 0
[13:16:59.107] [bmv2] [D] [thread 4118] [37.0] [cxt 0] Processing packet received on port 1
[13:16:59.107] [bmv2] [D] [thread 4118] [37.0] [cxt 0] Parser 'parser': start
[13:16:59.107] [bmv2] [D] [thread 4118] [37.0] [cxt 0] Parser 'parser' entering state 'start'
[13:16:59.107] [bmv2] [D] [thread 4118] [37.0] [cxt 0] Extracting header 'ethernet'
[13:16:59.108] [bmv2] [D] [thread 4118] [37.0] [cxt 0] Parser state 'start': key is 86dd
[13:16:59.108] [bmv2] [T] [thread 4118] [37.0] [cxt 0] Bytes parsed: 14
[13:16:59.108] [bmv2] [D] [thread 4118] [37.0] [cxt 0] Parser 'parser': end
[13:16:59.108] [bmv2] [D] [thread 4118] [37.0] [cxt 0] Pipeline 'ingress': start
[13:16:59.108] [bmv2] [T] [thread 4118] [37.0] [cxt 0] basic.p4(115) Condition "hdr.ipv4.isValid()" (node_2) is false
[13:16:59.108] [bmv2] [D] [thread 4118] [37.0] [cxt 0] Pipeline 'ingress': end
[13:16:59.108] [bmv2] [D] [thread 4118] [37.0] [cxt 0] Egress port is 0
[13:16:59.108] [bmv2] [D] [thread 4119] [37.0] [cxt 0] Pipeline 'egress': start
[13:16:59.108] [bmv2] [D] [thread 4119] [37.0] [cxt 0] Pipeline 'egress': end
[13:16:59.108] [bmv2] [D] [thread 4119] [37.0] [cxt 0] Deparser 'deparser': start
[13:16:59.108] [bmv2] [T] [thread 4119] [37.0] [cxt 0] Skipping checksum 'cksum' update because condition not met
[13:16:59.108] [bmv2] [D] [thread 4119] [37.0] [cxt 0] Deparsing header 'ethernet'
[13:16:59.108] [bmv2] [D] [thread 4119] [37.0] [cxt 0] Deparser 'deparser': end
[13:16:59.108] [bmv2] [D] [thread 4123] [37.0] [cxt 0] Transmitting packet of size 199 out of port 0
[13:16:59.263] [bmv2] [D] [thread 4118] [38.0] [cxt 0] Processing packet received on port 1
[13:16:59.263] [bmv2] [D] [thread 4118] [38.0] [cxt 0] Parser 'parser': start
[13:16:59.263] [bmv2] [D] [thread 4118] [38.0] [cxt 0] Parser 'parser' entering state 'start'
[13:16:59.263] [bmv2] [D] [thread 4118] [38.0] [cxt 0] Extracting header 'ethernet'
[13:16:59.263] [bmv2] [D] [thread 4118] [38.0] [cxt 0] Parser state 'start': key is 86dd
[13:16:59.263] [bmv2] [T] [thread 4118] [38.0] [cxt 0] Bytes parsed: 14
[13:16:59.263] [bmv2] [D] [thread 4118] [38.0] [cxt 0] Parser 'parser': end
[13:16:59.263] [bmv2] [D] [thread 4118] [38.0] [cxt 0] Pipeline 'ingress': start
[13:16:59.263] [bmv2] [T] [thread 4118] [38.0] [cxt 0] basic.p4(115) Condition "hdr.ipv4.isValid()" (node_2) is false
[13:16:59.263] [bmv2] [D] [thread 4118] [38.0] [cxt 0] Pipeline 'ingress': end
[13:16:59.263] [bmv2] [D] [thread 4118] [38.0] [cxt 0] Egress port is 0
[13:16:59.263] [bmv2] [D] [thread 4119] [38.0] [cxt 0] Pipeline 'egress': start
[13:16:59.263] [bmv2] [D] [thread 4119] [38.0] [cxt 0] Pipeline 'egress': end
[13:16:59.263] [bmv2] [D] [thread 4119] [38.0] [cxt 0] Deparser 'deparser': start
[13:16:59.263] [bmv2] [T] [thread 4119] [38.0] [cxt 0] Skipping checksum 'cksum' update because condition not met
[13:16:59.263] [bmv2] [D] [thread 4119] [38.0] [cxt 0] Deparsing header 'ethernet'
[13:16:59.263] [bmv2] [D] [thread 4119] [38.0] [cxt 0] Deparser 'deparser': end
[13:16:59.263] [bmv2] [D] [thread 4123] [38.0] [cxt 0] Transmitting packet of size 90 out of port 0
[13:16:59.341] [bmv2] [D] [thread 4118] [39.0] [cxt 0] Processing packet received on port 1
[13:16:59.341] [bmv2] [D] [thread 4118] [39.0] [cxt 0] Parser 'parser': start
[13:16:59.341] [bmv2] [D] [thread 4118] [39.0] [cxt 0] Parser 'parser' entering state 'start'
[13:16:59.341] [bmv2] [D] [thread 4118] [39.0] [cxt 0] Extracting header 'ethernet'
[13:16:59.341] [bmv2] [D] [thread 4118] [39.0] [cxt 0] Parser state 'start': key is 86dd
[13:16:59.341] [bmv2] [T] [thread 4118] [39.0] [cxt 0] Bytes parsed: 14
[13:16:59.341] [bmv2] [D] [thread 4118] [39.0] [cxt 0] Parser 'parser': end
[13:16:59.341] [bmv2] [D] [thread 4118] [39.0] [cxt 0] Pipeline 'ingress': start
[13:16:59.341] [bmv2] [T] [thread 4118] [39.0] [cxt 0] basic.p4(115) Condition "hdr.ipv4.isValid()" (node_2) is false
[13:16:59.341] [bmv2] [D] [thread 4118] [39.0] [cxt 0] Pipeline 'ingress': end
[13:16:59.341] [bmv2] [D] [thread 4118] [39.0] [cxt 0] Egress port is 0
[13:16:59.341] [bmv2] [D] [thread 4119] [39.0] [cxt 0] Pipeline 'egress': start
[13:16:59.341] [bmv2] [D] [thread 4119] [39.0] [cxt 0] Pipeline 'egress': end
[13:16:59.341] [bmv2] [D] [thread 4119] [39.0] [cxt 0] Deparser 'deparser': start
[13:16:59.341] [bmv2] [T] [thread 4119] [39.0] [cxt 0] Skipping checksum 'cksum' update because condition not met
[13:16:59.341] [bmv2] [D] [thread 4119] [39.0] [cxt 0] Deparsing header 'ethernet'
[13:16:59.341] [bmv2] [D] [thread 4119] [39.0] [cxt 0] Deparser 'deparser': end
[13:16:59.341] [bmv2] [D] [thread 4123] [39.0] [cxt 0] Transmitting packet of size 107 out of port 0
[13:16:59.682] [bmv2] [W] [thread 4185] [P4Runtime] p4::tmp::P4DeviceConfig is deprecated
[13:16:59.683] [bmv2] [D] [thread 4185] Set default default entry for table 'MyIngress.ipv4_lpm': MyIngress.drop - 
[13:16:59.684] [bmv2] [D] [thread 4185] simple_switch target has been notified of a config swap
[13:16:59.686] [bmv2] [D] [thread 4185] Set default entry for table 'MyIngress.ipv4_lpm': MyIngress.drop - 
[13:16:59.688] [bmv2] [D] [thread 4186] Entry 0 added to table 'MyIngress.ipv4_lpm'
[13:16:59.688] [bmv2] [D] [thread 4186] Dumping entry 0
Match key:
* hdr.ipv4.dstAddr    : LPM       0a000101/32
Action entry: MyIngress.ipv4_forward - 80000000100,1,

[13:16:59.689] [bmv2] [D] [thread 4185] Entry 1 added to table 'MyIngress.ipv4_lpm'
[13:16:59.689] [bmv2] [D] [thread 4185] Dumping entry 1
Match key:
* hdr.ipv4.dstAddr    : LPM       0a000202/32
Action entry: MyIngress.ipv4_forward - 80000000100,1,

[13:16:59.690] [bmv2] [D] [thread 4186] Entry 2 added to table 'MyIngress.ipv4_lpm'
[13:16:59.690] [bmv2] [D] [thread 4186] Dumping entry 2
Match key:
* hdr.ipv4.dstAddr    : LPM       0a000303/32
Action entry: MyIngress.ipv4_forward - 80000000200,2,

[13:16:59.692] [bmv2] [D] [thread 4185] Entry 3 added to table 'MyIngress.ipv4_lpm'
[13:16:59.692] [bmv2] [D] [thread 4185] Dumping entry 3
Match key:
* hdr.ipv4.dstAddr    : LPM       0a000404/32
Action entry: MyIngress.ipv4_forward - 80000000200,2,

[13:16:59.835] [bmv2] [D] [thread 4118] [40.0] [cxt 0] Processing packet received on port 2
[13:16:59.835] [bmv2] [D] [thread 4118] [40.0] [cxt 0] Parser 'parser': start
[13:16:59.835] [bmv2] [D] [thread 4118] [40.0] [cxt 0] Parser 'parser' entering state 'start'
[13:16:59.835] [bmv2] [D] [thread 4118] [40.0] [cxt 0] Extracting header 'ethernet'
[13:16:59.835] [bmv2] [D] [thread 4118] [40.0] [cxt 0] Parser state 'start': key is 86dd
[13:16:59.835] [bmv2] [T] [thread 4118] [40.0] [cxt 0] Bytes parsed: 14
[13:16:59.835] [bmv2] [D] [thread 4118] [40.0] [cxt 0] Parser 'parser': end
[13:16:59.835] [bmv2] [D] [thread 4118] [40.0] [cxt 0] Pipeline 'ingress': start
[13:16:59.835] [bmv2] [T] [thread 4118] [40.0] [cxt 0] basic.p4(115) Condition "hdr.ipv4.isValid()" (node_2) is false
[13:16:59.835] [bmv2] [D] [thread 4118] [40.0] [cxt 0] Pipeline 'ingress': end
[13:16:59.835] [bmv2] [D] [thread 4118] [40.0] [cxt 0] Egress port is 0
[13:16:59.835] [bmv2] [D] [thread 4119] [40.0] [cxt 0] Pipeline 'egress': start
[13:16:59.835] [bmv2] [D] [thread 4119] [40.0] [cxt 0] Pipeline 'egress': end
[13:16:59.835] [bmv2] [D] [thread 4119] [40.0] [cxt 0] Deparser 'deparser': start
[13:16:59.835] [bmv2] [T] [thread 4119] [40.0] [cxt 0] Skipping checksum 'cksum' update because condition not met
[13:16:59.835] [bmv2] [D] [thread 4119] [40.0] [cxt 0] Deparsing header 'ethernet'
[13:16:59.835] [bmv2] [D] [thread 4119] [40.0] [cxt 0] Deparser 'deparser': end
[13:16:59.835] [bmv2] [D] [thread 4123] [40.0] [cxt 0] Transmitting packet of size 199 out of port 0
[13:16:59.898] [bmv2] [D] [thread 4118] [41.0] [cxt 0] Processing packet received on port 2
[13:16:59.898] [bmv2] [D] [thread 4118] [41.0] [cxt 0] Parser 'parser': start
[13:16:59.898] [bmv2] [D] [thread 4118] [41.0] [cxt 0] Parser 'parser' entering state 'start'
[13:16:59.898] [bmv2] [D] [thread 4118] [41.0] [cxt 0] Extracting header 'ethernet'
[13:16:59.898] [bmv2] [D] [thread 4118] [41.0] [cxt 0] Parser state 'start': key is 86dd
[13:16:59.898] [bmv2] [T] [thread 4118] [41.0] [cxt 0] Bytes parsed: 14
[13:16:59.898] [bmv2] [D] [thread 4118] [41.0] [cxt 0] Parser 'parser': end
[13:16:59.899] [bmv2] [D] [thread 4118] [41.0] [cxt 0] Pipeline 'ingress': start
[13:16:59.899] [bmv2] [T] [thread 4118] [41.0] [cxt 0] basic.p4(115) Condition "hdr.ipv4.isValid()" (node_2) is false
[13:16:59.899] [bmv2] [D] [thread 4118] [41.0] [cxt 0] Pipeline 'ingress': end
[13:16:59.899] [bmv2] [D] [thread 4118] [41.0] [cxt 0] Egress port is 0
[13:16:59.899] [bmv2] [D] [thread 4119] [41.0] [cxt 0] Pipeline 'egress': start
[13:16:59.899] [bmv2] [D] [thread 4119] [41.0] [cxt 0] Pipeline 'egress': end
[13:16:59.899] [bmv2] [D] [thread 4119] [41.0] [cxt 0] Deparser 'deparser': start
[13:16:59.899] [bmv2] [T] [thread 4119] [41.0] [cxt 0] Skipping checksum 'cksum' update because condition not met
[13:16:59.899] [bmv2] [D] [thread 4119] [41.0] [cxt 0] Deparsing header 'ethernet'
[13:16:59.899] [bmv2] [D] [thread 4119] [41.0] [cxt 0] Deparser 'deparser': end
[13:16:59.899] [bmv2] [D] [thread 4123] [41.0] [cxt 0] Transmitting packet of size 199 out of port 0
[13:17:00.091] [bmv2] [D] [thread 4118] [42.0] [cxt 0] Processing packet received on port 1
[13:17:00.091] [bmv2] [D] [thread 4118] [42.0] [cxt 0] Parser 'parser': start
[13:17:00.091] [bmv2] [D] [thread 4118] [42.0] [cxt 0] Parser 'parser' entering state 'start'
[13:17:00.091] [bmv2] [D] [thread 4118] [42.0] [cxt 0] Extracting header 'ethernet'
[13:17:00.091] [bmv2] [D] [thread 4118] [42.0] [cxt 0] Parser state 'start': key is 86dd
[13:17:00.091] [bmv2] [T] [thread 4118] [42.0] [cxt 0] Bytes parsed: 14
[13:17:00.091] [bmv2] [D] [thread 4118] [42.0] [cxt 0] Parser 'parser': end
[13:17:00.091] [bmv2] [D] [thread 4118] [42.0] [cxt 0] Pipeline 'ingress': start
[13:17:00.091] [bmv2] [T] [thread 4118] [42.0] [cxt 0] basic.p4(115) Condition "hdr.ipv4.isValid()" (node_2) is false
[13:17:00.091] [bmv2] [D] [thread 4118] [42.0] [cxt 0] Pipeline 'ingress': end
[13:17:00.091] [bmv2] [D] [thread 4118] [42.0] [cxt 0] Egress port is 0
[13:17:00.091] [bmv2] [D] [thread 4119] [42.0] [cxt 0] Pipeline 'egress': start
[13:17:00.091] [bmv2] [D] [thread 4119] [42.0] [cxt 0] Pipeline 'egress': end
[13:17:00.091] [bmv2] [D] [thread 4119] [42.0] [cxt 0] Deparser 'deparser': start
[13:17:00.091] [bmv2] [T] [thread 4119] [42.0] [cxt 0] Skipping checksum 'cksum' update because condition not met
[13:17:00.091] [bmv2] [D] [thread 4119] [42.0] [cxt 0] Deparsing header 'ethernet'
[13:17:00.091] [bmv2] [D] [thread 4119] [42.0] [cxt 0] Deparser 'deparser': end
[13:17:00.091] [bmv2] [D] [thread 4123] [42.0] [cxt 0] Transmitting packet of size 199 out of port 0
[13:17:00.157] [bmv2] [D] [thread 4118] [43.0] [cxt 0] Processing packet received on port 1
[13:17:00.157] [bmv2] [D] [thread 4118] [43.0] [cxt 0] Parser 'parser': start
[13:17:00.157] [bmv2] [D] [thread 4118] [43.0] [cxt 0] Parser 'parser' entering state 'start'
[13:17:00.157] [bmv2] [D] [thread 4118] [43.0] [cxt 0] Extracting header 'ethernet'
[13:17:00.157] [bmv2] [D] [thread 4118] [43.0] [cxt 0] Parser state 'start': key is 86dd
[13:17:00.157] [bmv2] [T] [thread 4118] [43.0] [cxt 0] Bytes parsed: 14
[13:17:00.157] [bmv2] [D] [thread 4118] [43.0] [cxt 0] Parser 'parser': end
[13:17:00.157] [bmv2] [D] [thread 4118] [43.0] [cxt 0] Pipeline 'ingress': start
[13:17:00.157] [bmv2] [T] [thread 4118] [43.0] [cxt 0] basic.p4(115) Condition "hdr.ipv4.isValid()" (node_2) is false
[13:17:00.157] [bmv2] [D] [thread 4118] [43.0] [cxt 0] Pipeline 'ingress': end
[13:17:00.157] [bmv2] [D] [thread 4118] [43.0] [cxt 0] Egress port is 0
[13:17:00.157] [bmv2] [D] [thread 4119] [43.0] [cxt 0] Pipeline 'egress': start
[13:17:00.157] [bmv2] [D] [thread 4119] [43.0] [cxt 0] Pipeline 'egress': end
[13:17:00.157] [bmv2] [D] [thread 4119] [43.0] [cxt 0] Deparser 'deparser': start
[13:17:00.157] [bmv2] [T] [thread 4119] [43.0] [cxt 0] Skipping checksum 'cksum' update because condition not met
[13:17:00.157] [bmv2] [D] [thread 4119] [43.0] [cxt 0] Deparsing header 'ethernet'
[13:17:00.157] [bmv2] [D] [thread 4119] [43.0] [cxt 0] Deparser 'deparser': end
[13:17:00.157] [bmv2] [D] [thread 4123] [43.0] [cxt 0] Transmitting packet of size 199 out of port 0
[13:17:01.086] [bmv2] [D] [thread 4118] [44.0] [cxt 0] Processing packet received on port 2
[13:17:01.086] [bmv2] [D] [thread 4118] [44.0] [cxt 0] Parser 'parser': start
[13:17:01.086] [bmv2] [D] [thread 4118] [44.0] [cxt 0] Parser 'parser' entering state 'start'
[13:17:01.086] [bmv2] [D] [thread 4118] [44.0] [cxt 0] Extracting header 'ethernet'
[13:17:01.086] [bmv2] [D] [thread 4118] [44.0] [cxt 0] Parser state 'start': key is 86dd
[13:17:01.086] [bmv2] [T] [thread 4118] [44.0] [cxt 0] Bytes parsed: 14
[13:17:01.086] [bmv2] [D] [thread 4118] [44.0] [cxt 0] Parser 'parser': end
[13:17:01.086] [bmv2] [D] [thread 4118] [44.0] [cxt 0] Pipeline 'ingress': start
[13:17:01.086] [bmv2] [T] [thread 4118] [44.0] [cxt 0] basic.p4(115) Condition "hdr.ipv4.isValid()" (node_2) is false
[13:17:01.086] [bmv2] [D] [thread 4118] [44.0] [cxt 0] Pipeline 'ingress': end
[13:17:01.086] [bmv2] [D] [thread 4118] [44.0] [cxt 0] Egress port is 0
[13:17:01.086] [bmv2] [D] [thread 4119] [44.0] [cxt 0] Pipeline 'egress': start
[13:17:01.086] [bmv2] [D] [thread 4119] [44.0] [cxt 0] Pipeline 'egress': end
[13:17:01.086] [bmv2] [D] [thread 4119] [44.0] [cxt 0] Deparser 'deparser': start
[13:17:01.086] [bmv2] [T] [thread 4119] [44.0] [cxt 0] Skipping checksum 'cksum' update because condition not met
[13:17:01.086] [bmv2] [D] [thread 4119] [44.0] [cxt 0] Deparsing header 'ethernet'
[13:17:01.086] [bmv2] [D] [thread 4119] [44.0] [cxt 0] Deparser 'deparser': end
[13:17:01.086] [bmv2] [D] [thread 4123] [44.0] [cxt 0] Transmitting packet of size 107 out of port 0
[13:17:01.342] [bmv2] [D] [thread 4118] [45.0] [cxt 0] Processing packet received on port 1
[13:17:01.342] [bmv2] [D] [thread 4118] [45.0] [cxt 0] Parser 'parser': start
[13:17:01.342] [bmv2] [D] [thread 4118] [45.0] [cxt 0] Parser 'parser' entering state 'start'
[13:17:01.342] [bmv2] [D] [thread 4118] [45.0] [cxt 0] Extracting header 'ethernet'
[13:17:01.342] [bmv2] [D] [thread 4118] [45.0] [cxt 0] Parser state 'start': key is 86dd
[13:17:01.342] [bmv2] [T] [thread 4118] [45.0] [cxt 0] Bytes parsed: 14
[13:17:01.342] [bmv2] [D] [thread 4118] [45.0] [cxt 0] Parser 'parser': end
[13:17:01.342] [bmv2] [D] [thread 4118] [45.0] [cxt 0] Pipeline 'ingress': start
[13:17:01.342] [bmv2] [T] [thread 4118] [45.0] [cxt 0] basic.p4(115) Condition "hdr.ipv4.isValid()" (node_2) is false
[13:17:01.342] [bmv2] [D] [thread 4118] [45.0] [cxt 0] Pipeline 'ingress': end
[13:17:01.342] [bmv2] [D] [thread 4118] [45.0] [cxt 0] Egress port is 0
[13:17:01.342] [bmv2] [D] [thread 4119] [45.0] [cxt 0] Pipeline 'egress': start
[13:17:01.342] [bmv2] [D] [thread 4119] [45.0] [cxt 0] Pipeline 'egress': end
[13:17:01.342] [bmv2] [D] [thread 4119] [45.0] [cxt 0] Deparser 'deparser': start
[13:17:01.342] [bmv2] [T] [thread 4119] [45.0] [cxt 0] Skipping checksum 'cksum' update because condition not met
[13:17:01.342] [bmv2] [D] [thread 4119] [45.0] [cxt 0] Deparsing header 'ethernet'
[13:17:01.342] [bmv2] [D] [thread 4119] [45.0] [cxt 0] Deparser 'deparser': end
[13:17:01.342] [bmv2] [D] [thread 4123] [45.0] [cxt 0] Transmitting packet of size 107 out of port 0
[13:17:01.884] [bmv2] [D] [thread 4118] [46.0] [cxt 0] Processing packet received on port 2
[13:17:01.884] [bmv2] [D] [thread 4118] [46.0] [cxt 0] Parser 'parser': start
[13:17:01.884] [bmv2] [D] [thread 4118] [46.0] [cxt 0] Parser 'parser' entering state 'start'
[13:17:01.884] [bmv2] [D] [thread 4118] [46.0] [cxt 0] Extracting header 'ethernet'
[13:17:01.884] [bmv2] [D] [thread 4118] [46.0] [cxt 0] Parser state 'start': key is 86dd
[13:17:01.884] [bmv2] [T] [thread 4118] [46.0] [cxt 0] Bytes parsed: 14
[13:17:01.884] [bmv2] [D] [thread 4118] [46.0] [cxt 0] Parser 'parser': end
[13:17:01.884] [bmv2] [D] [thread 4118] [46.0] [cxt 0] Pipeline 'ingress': start
[13:17:01.884] [bmv2] [T] [thread 4118] [46.0] [cxt 0] basic.p4(115) Condition "hdr.ipv4.isValid()" (node_2) is false
[13:17:01.884] [bmv2] [D] [thread 4118] [46.0] [cxt 0] Pipeline 'ingress': end
[13:17:01.884] [bmv2] [D] [thread 4118] [46.0] [cxt 0] Egress port is 0
[13:17:01.884] [bmv2] [D] [thread 4119] [46.0] [cxt 0] Pipeline 'egress': start
[13:17:01.884] [bmv2] [D] [thread 4119] [46.0] [cxt 0] Pipeline 'egress': end
[13:17:01.884] [bmv2] [D] [thread 4119] [46.0] [cxt 0] Deparser 'deparser': start
[13:17:01.884] [bmv2] [T] [thread 4119] [46.0] [cxt 0] Skipping checksum 'cksum' update because condition not met
[13:17:01.884] [bmv2] [D] [thread 4119] [46.0] [cxt 0] Deparsing header 'ethernet'
[13:17:01.884] [bmv2] [D] [thread 4119] [46.0] [cxt 0] Deparser 'deparser': end
[13:17:01.884] [bmv2] [D] [thread 4123] [46.0] [cxt 0] Transmitting packet of size 199 out of port 0
[13:17:01.947] [bmv2] [D] [thread 4118] [47.0] [cxt 0] Processing packet received on port 2
[13:17:01.947] [bmv2] [D] [thread 4118] [47.0] [cxt 0] Parser 'parser': start
[13:17:01.947] [bmv2] [D] [thread 4118] [47.0] [cxt 0] Parser 'parser' entering state 'start'
[13:17:01.947] [bmv2] [D] [thread 4118] [47.0] [cxt 0] Extracting header 'ethernet'
[13:17:01.947] [bmv2] [D] [thread 4118] [47.0] [cxt 0] Parser state 'start': key is 86dd
[13:17:01.947] [bmv2] [T] [thread 4118] [47.0] [cxt 0] Bytes parsed: 14
[13:17:01.947] [bmv2] [D] [thread 4118] [47.0] [cxt 0] Parser 'parser': end
[13:17:01.947] [bmv2] [D] [thread 4118] [47.0] [cxt 0] Pipeline 'ingress': start
[13:17:01.947] [bmv2] [T] [thread 4118] [47.0] [cxt 0] basic.p4(115) Condition "hdr.ipv4.isValid()" (node_2) is false
[13:17:01.947] [bmv2] [D] [thread 4118] [47.0] [cxt 0] Pipeline 'ingress': end
[13:17:01.947] [bmv2] [D] [thread 4118] [47.0] [cxt 0] Egress port is 0
[13:17:01.947] [bmv2] [D] [thread 4119] [47.0] [cxt 0] Pipeline 'egress': start
[13:17:01.947] [bmv2] [D] [thread 4119] [47.0] [cxt 0] Pipeline 'egress': end
[13:17:01.947] [bmv2] [D] [thread 4119] [47.0] [cxt 0] Deparser 'deparser': start
[13:17:01.947] [bmv2] [T] [thread 4119] [47.0] [cxt 0] Skipping checksum 'cksum' update because condition not met
[13:17:01.947] [bmv2] [D] [thread 4119] [47.0] [cxt 0] Deparsing header 'ethernet'
[13:17:01.947] [bmv2] [D] [thread 4119] [47.0] [cxt 0] Deparser 'deparser': end
[13:17:01.947] [bmv2] [D] [thread 4123] [47.0] [cxt 0] Transmitting packet of size 199 out of port 0
[13:17:02.140] [bmv2] [D] [thread 4118] [48.0] [cxt 0] Processing packet received on port 1
[13:17:02.140] [bmv2] [D] [thread 4118] [48.0] [cxt 0] Parser 'parser': start
[13:17:02.140] [bmv2] [D] [thread 4118] [48.0] [cxt 0] Parser 'parser' entering state 'start'
[13:17:02.140] [bmv2] [D] [thread 4118] [48.0] [cxt 0] Extracting header 'ethernet'
[13:17:02.140] [bmv2] [D] [thread 4118] [48.0] [cxt 0] Parser state 'start': key is 86dd
[13:17:02.140] [bmv2] [T] [thread 4118] [48.0] [cxt 0] Bytes parsed: 14
[13:17:02.140] [bmv2] [D] [thread 4118] [48.0] [cxt 0] Parser 'parser': end
[13:17:02.140] [bmv2] [D] [thread 4118] [48.0] [cxt 0] Pipeline 'ingress': start
[13:17:02.140] [bmv2] [T] [thread 4118] [48.0] [cxt 0] basic.p4(115) Condition "hdr.ipv4.isValid()" (node_2) is false
[13:17:02.140] [bmv2] [D] [thread 4118] [48.0] [cxt 0] Pipeline 'ingress': end
[13:17:02.140] [bmv2] [D] [thread 4118] [48.0] [cxt 0] Egress port is 0
[13:17:02.140] [bmv2] [D] [thread 4119] [48.0] [cxt 0] Pipeline 'egress': start
[13:17:02.140] [bmv2] [D] [thread 4119] [48.0] [cxt 0] Pipeline 'egress': end
[13:17:02.140] [bmv2] [D] [thread 4119] [48.0] [cxt 0] Deparser 'deparser': start
[13:17:02.140] [bmv2] [T] [thread 4119] [48.0] [cxt 0] Skipping checksum 'cksum' update because condition not met
[13:17:02.140] [bmv2] [D] [thread 4119] [48.0] [cxt 0] Deparsing header 'ethernet'
[13:17:02.140] [bmv2] [D] [thread 4119] [48.0] [cxt 0] Deparser 'deparser': end
[13:17:02.140] [bmv2] [D] [thread 4123] [48.0] [cxt 0] Transmitting packet of size 199 out of port 0
[13:17:02.206] [bmv2] [D] [thread 4118] [49.0] [cxt 0] Processing packet received on port 1
[13:17:02.206] [bmv2] [D] [thread 4118] [49.0] [cxt 0] Parser 'parser': start
[13:17:02.206] [bmv2] [D] [thread 4118] [49.0] [cxt 0] Parser 'parser' entering state 'start'
[13:17:02.206] [bmv2] [D] [thread 4118] [49.0] [cxt 0] Extracting header 'ethernet'
[13:17:02.206] [bmv2] [D] [thread 4118] [49.0] [cxt 0] Parser state 'start': key is 86dd
[13:17:02.206] [bmv2] [T] [thread 4118] [49.0] [cxt 0] Bytes parsed: 14
[13:17:02.206] [bmv2] [D] [thread 4118] [49.0] [cxt 0] Parser 'parser': end
[13:17:02.206] [bmv2] [D] [thread 4118] [49.0] [cxt 0] Pipeline 'ingress': start
[13:17:02.206] [bmv2] [T] [thread 4118] [49.0] [cxt 0] basic.p4(115) Condition "hdr.ipv4.isValid()" (node_2) is false
[13:17:02.206] [bmv2] [D] [thread 4118] [49.0] [cxt 0] Pipeline 'ingress': end
[13:17:02.206] [bmv2] [D] [thread 4118] [49.0] [cxt 0] Egress port is 0
[13:17:02.206] [bmv2] [D] [thread 4119] [49.0] [cxt 0] Pipeline 'egress': start
[13:17:02.206] [bmv2] [D] [thread 4119] [49.0] [cxt 0] Pipeline 'egress': end
[13:17:02.206] [bmv2] [D] [thread 4119] [49.0] [cxt 0] Deparser 'deparser': start
[13:17:02.206] [bmv2] [T] [thread 4119] [49.0] [cxt 0] Skipping checksum 'cksum' update because condition not met
[13:17:02.206] [bmv2] [D] [thread 4119] [49.0] [cxt 0] Deparsing header 'ethernet'
[13:17:02.206] [bmv2] [D] [thread 4119] [49.0] [cxt 0] Deparser 'deparser': end
[13:17:02.206] [bmv2] [D] [thread 4123] [49.0] [cxt 0] Transmitting packet of size 199 out of port 0
[13:17:02.527] [bmv2] [D] [thread 4118] [50.0] [cxt 0] Processing packet received on port 1
[13:17:02.527] [bmv2] [D] [thread 4118] [50.0] [cxt 0] Parser 'parser': start
[13:17:02.527] [bmv2] [D] [thread 4118] [50.0] [cxt 0] Parser 'parser' entering state 'start'
[13:17:02.527] [bmv2] [D] [thread 4118] [50.0] [cxt 0] Extracting header 'ethernet'
[13:17:02.527] [bmv2] [D] [thread 4118] [50.0] [cxt 0] Parser state 'start': key is 86dd
[13:17:02.527] [bmv2] [T] [thread 4118] [50.0] [cxt 0] Bytes parsed: 14
[13:17:02.527] [bmv2] [D] [thread 4118] [50.0] [cxt 0] Parser 'parser': end
[13:17:02.527] [bmv2] [D] [thread 4118] [50.0] [cxt 0] Pipeline 'ingress': start
[13:17:02.527] [bmv2] [T] [thread 4118] [50.0] [cxt 0] basic.p4(115) Condition "hdr.ipv4.isValid()" (node_2) is false
[13:17:02.527] [bmv2] [D] [thread 4118] [50.0] [cxt 0] Pipeline 'ingress': end
[13:17:02.527] [bmv2] [D] [thread 4118] [50.0] [cxt 0] Egress port is 0
[13:17:02.527] [bmv2] [D] [thread 4118] [51.0] [cxt 0] Processing packet received on port 2
[13:17:02.527] [bmv2] [D] [thread 4118] [51.0] [cxt 0] Parser 'parser': start
[13:17:02.527] [bmv2] [D] [thread 4118] [51.0] [cxt 0] Parser 'parser' entering state 'start'
[13:17:02.527] [bmv2] [D] [thread 4118] [51.0] [cxt 0] Extracting header 'ethernet'
[13:17:02.527] [bmv2] [D] [thread 4118] [51.0] [cxt 0] Parser state 'start': key is 86dd
[13:17:02.527] [bmv2] [T] [thread 4118] [51.0] [cxt 0] Bytes parsed: 14
[13:17:02.527] [bmv2] [D] [thread 4119] [50.0] [cxt 0] Pipeline 'egress': start
[13:17:02.527] [bmv2] [D] [thread 4119] [50.0] [cxt 0] Pipeline 'egress': end
[13:17:02.527] [bmv2] [D] [thread 4119] [50.0] [cxt 0] Deparser 'deparser': start
[13:17:02.527] [bmv2] [T] [thread 4119] [50.0] [cxt 0] Skipping checksum 'cksum' update because condition not met
[13:17:02.527] [bmv2] [D] [thread 4119] [50.0] [cxt 0] Deparsing header 'ethernet'
[13:17:02.527] [bmv2] [D] [thread 4119] [50.0] [cxt 0] Deparser 'deparser': end
[13:17:02.527] [bmv2] [D] [thread 4123] [50.0] [cxt 0] Transmitting packet of size 70 out of port 0
[13:17:02.527] [bmv2] [D] [thread 4118] [51.0] [cxt 0] Parser 'parser': end
[13:17:02.527] [bmv2] [D] [thread 4118] [51.0] [cxt 0] Pipeline 'ingress': start
[13:17:02.527] [bmv2] [T] [thread 4118] [51.0] [cxt 0] basic.p4(115) Condition "hdr.ipv4.isValid()" (node_2) is false
[13:17:02.527] [bmv2] [D] [thread 4118] [51.0] [cxt 0] Pipeline 'ingress': end
[13:17:02.527] [bmv2] [D] [thread 4118] [51.0] [cxt 0] Egress port is 0
[13:17:02.527] [bmv2] [D] [thread 4118] [52.0] [cxt 0] Processing packet received on port 2
[13:17:02.528] [bmv2] [D] [thread 4118] [52.0] [cxt 0] Parser 'parser': start
[13:17:02.528] [bmv2] [D] [thread 4118] [52.0] [cxt 0] Parser 'parser' entering state 'start'
[13:17:02.528] [bmv2] [D] [thread 4118] [52.0] [cxt 0] Extracting header 'ethernet'
[13:17:02.528] [bmv2] [D] [thread 4119] [51.0] [cxt 0] Pipeline 'egress': start
[13:17:02.528] [bmv2] [D] [thread 4118] [52.0] [cxt 0] Parser state 'start': key is 86dd
[13:17:02.528] [bmv2] [D] [thread 4119] [51.0] [cxt 0] Pipeline 'egress': end
[13:17:02.528] [bmv2] [T] [thread 4118] [52.0] [cxt 0] Bytes parsed: 14
[13:17:02.528] [bmv2] [D] [thread 4119] [51.0] [cxt 0] Deparser 'deparser': start
[13:17:02.528] [bmv2] [D] [thread 4118] [52.0] [cxt 0] Parser 'parser': end
[13:17:02.528] [bmv2] [T] [thread 4119] [51.0] [cxt 0] Skipping checksum 'cksum' update because condition not met
[13:17:02.528] [bmv2] [D] [thread 4118] [52.0] [cxt 0] Pipeline 'ingress': start
[13:17:02.528] [bmv2] [D] [thread 4119] [51.0] [cxt 0] Deparsing header 'ethernet'
[13:17:02.528] [bmv2] [D] [thread 4119] [51.0] [cxt 0] Deparser 'deparser': end
[13:17:02.528] [bmv2] [D] [thread 4123] [51.0] [cxt 0] Transmitting packet of size 70 out of port 0
[13:17:02.528] [bmv2] [T] [thread 4118] [52.0] [cxt 0] basic.p4(115) Condition "hdr.ipv4.isValid()" (node_2) is false
[13:17:02.528] [bmv2] [D] [thread 4118] [52.0] [cxt 0] Pipeline 'ingress': end
[13:17:02.528] [bmv2] [D] [thread 4118] [52.0] [cxt 0] Egress port is 0
[13:17:02.528] [bmv2] [D] [thread 4119] [52.0] [cxt 0] Pipeline 'egress': start
[13:17:02.528] [bmv2] [D] [thread 4119] [52.0] [cxt 0] Pipeline 'egress': end
[13:17:02.528] [bmv2] [D] [thread 4119] [52.0] [cxt 0] Deparser 'deparser': start
[13:17:02.528] [bmv2] [T] [thread 4119] [52.0] [cxt 0] Skipping checksum 'cksum' update because condition not met
[13:17:02.528] [bmv2] [D] [thread 4119] [52.0] [cxt 0] Deparsing header 'ethernet'
[13:17:02.528] [bmv2] [D] [thread 4119] [52.0] [cxt 0] Deparser 'deparser': end
[13:17:02.528] [bmv2] [D] [thread 4123] [52.0] [cxt 0] Transmitting packet of size 70 out of port 0
[13:17:03.041] [bmv2] [D] [thread 4118] [53.0] [cxt 0] Processing packet received on port 1
[13:17:03.041] [bmv2] [D] [thread 4118] [53.0] [cxt 0] Parser 'parser': start
[13:17:03.041] [bmv2] [D] [thread 4118] [53.0] [cxt 0] Parser 'parser' entering state 'start'
[13:17:03.041] [bmv2] [D] [thread 4118] [53.0] [cxt 0] Extracting header 'ethernet'
[13:17:03.041] [bmv2] [D] [thread 4118] [53.0] [cxt 0] Parser state 'start': key is 86dd
[13:17:03.041] [bmv2] [T] [thread 4118] [53.0] [cxt 0] Bytes parsed: 14
[13:17:03.041] [bmv2] [D] [thread 4118] [53.0] [cxt 0] Parser 'parser': end
[13:17:03.041] [bmv2] [D] [thread 4118] [53.0] [cxt 0] Pipeline 'ingress': start
[13:17:03.041] [bmv2] [T] [thread 4118] [53.0] [cxt 0] basic.p4(115) Condition "hdr.ipv4.isValid()" (node_2) is false
[13:17:03.041] [bmv2] [D] [thread 4118] [53.0] [cxt 0] Pipeline 'ingress': end
[13:17:03.041] [bmv2] [D] [thread 4118] [53.0] [cxt 0] Egress port is 0
[13:17:03.041] [bmv2] [D] [thread 4119] [53.0] [cxt 0] Pipeline 'egress': start
[13:17:03.041] [bmv2] [D] [thread 4119] [53.0] [cxt 0] Pipeline 'egress': end
[13:17:03.041] [bmv2] [D] [thread 4119] [53.0] [cxt 0] Deparser 'deparser': start
[13:17:03.041] [bmv2] [T] [thread 4119] [53.0] [cxt 0] Skipping checksum 'cksum' update because condition not met
[13:17:03.041] [bmv2] [D] [thread 4119] [53.0] [cxt 0] Deparsing header 'ethernet'
[13:17:03.041] [bmv2] [D] [thread 4119] [53.0] [cxt 0] Deparser 'deparser': end
[13:17:03.041] [bmv2] [D] [thread 4123] [53.0] [cxt 0] Transmitting packet of size 70 out of port 0
[13:17:05.088] [bmv2] [D] [thread 4118] [54.0] [cxt 0] Processing packet received on port 2
[13:17:05.088] [bmv2] [D] [thread 4118] [54.0] [cxt 0] Parser 'parser': start
[13:17:05.088] [bmv2] [D] [thread 4118] [54.0] [cxt 0] Parser 'parser' entering state 'start'
[13:17:05.088] [bmv2] [D] [thread 4118] [54.0] [cxt 0] Extracting header 'ethernet'
[13:17:05.088] [bmv2] [D] [thread 4118] [54.0] [cxt 0] Parser state 'start': key is 86dd
[13:17:05.088] [bmv2] [T] [thread 4118] [54.0] [cxt 0] Bytes parsed: 14
[13:17:05.088] [bmv2] [D] [thread 4118] [54.0] [cxt 0] Parser 'parser': end
[13:17:05.088] [bmv2] [D] [thread 4118] [54.0] [cxt 0] Pipeline 'ingress': start
[13:17:05.088] [bmv2] [T] [thread 4118] [54.0] [cxt 0] basic.p4(115) Condition "hdr.ipv4.isValid()" (node_2) is false
[13:17:05.088] [bmv2] [D] [thread 4118] [54.0] [cxt 0] Pipeline 'ingress': end
[13:17:05.088] [bmv2] [D] [thread 4118] [54.0] [cxt 0] Egress port is 0
[13:17:05.088] [bmv2] [D] [thread 4119] [54.0] [cxt 0] Pipeline 'egress': start
[13:17:05.088] [bmv2] [D] [thread 4119] [54.0] [cxt 0] Pipeline 'egress': end
[13:17:05.088] [bmv2] [D] [thread 4119] [54.0] [cxt 0] Deparser 'deparser': start
[13:17:05.088] [bmv2] [T] [thread 4119] [54.0] [cxt 0] Skipping checksum 'cksum' update because condition not met
[13:17:05.088] [bmv2] [D] [thread 4119] [54.0] [cxt 0] Deparsing header 'ethernet'
[13:17:05.088] [bmv2] [D] [thread 4119] [54.0] [cxt 0] Deparser 'deparser': end
[13:17:05.089] [bmv2] [D] [thread 4123] [54.0] [cxt 0] Transmitting packet of size 107 out of port 0
[13:17:05.344] [bmv2] [D] [thread 4118] [55.0] [cxt 0] Processing packet received on port 1
[13:17:05.344] [bmv2] [D] [thread 4118] [55.0] [cxt 0] Parser 'parser': start
[13:17:05.344] [bmv2] [D] [thread 4118] [55.0] [cxt 0] Parser 'parser' entering state 'start'
[13:17:05.344] [bmv2] [D] [thread 4118] [55.0] [cxt 0] Extracting header 'ethernet'
[13:17:05.344] [bmv2] [D] [thread 4118] [55.0] [cxt 0] Parser state 'start': key is 86dd
[13:17:05.344] [bmv2] [T] [thread 4118] [55.0] [cxt 0] Bytes parsed: 14
[13:17:05.344] [bmv2] [D] [thread 4118] [55.0] [cxt 0] Parser 'parser': end
[13:17:05.344] [bmv2] [D] [thread 4118] [55.0] [cxt 0] Pipeline 'ingress': start
[13:17:05.344] [bmv2] [T] [thread 4118] [55.0] [cxt 0] basic.p4(115) Condition "hdr.ipv4.isValid()" (node_2) is false
[13:17:05.344] [bmv2] [D] [thread 4118] [55.0] [cxt 0] Pipeline 'ingress': end
[13:17:05.344] [bmv2] [D] [thread 4118] [55.0] [cxt 0] Egress port is 0
[13:17:05.344] [bmv2] [D] [thread 4119] [55.0] [cxt 0] Pipeline 'egress': start
[13:17:05.344] [bmv2] [D] [thread 4119] [55.0] [cxt 0] Pipeline 'egress': end
[13:17:05.344] [bmv2] [D] [thread 4119] [55.0] [cxt 0] Deparser 'deparser': start
[13:17:05.344] [bmv2] [T] [thread 4119] [55.0] [cxt 0] Skipping checksum 'cksum' update because condition not met
[13:17:05.344] [bmv2] [D] [thread 4119] [55.0] [cxt 0] Deparsing header 'ethernet'
[13:17:05.344] [bmv2] [D] [thread 4119] [55.0] [cxt 0] Deparser 'deparser': end
[13:17:05.344] [bmv2] [D] [thread 4123] [55.0] [cxt 0] Transmitting packet of size 107 out of port 0
[13:17:11.231] [bmv2] [D] [thread 4118] [56.0] [cxt 0] Processing packet received on port 1
[13:17:11.231] [bmv2] [D] [thread 4118] [56.0] [cxt 0] Parser 'parser': start
[13:17:11.231] [bmv2] [D] [thread 4118] [56.0] [cxt 0] Parser 'parser' entering state 'start'
[13:17:11.231] [bmv2] [D] [thread 4118] [56.0] [cxt 0] Extracting header 'ethernet'
[13:17:11.231] [bmv2] [D] [thread 4118] [56.0] [cxt 0] Parser state 'start': key is 86dd
[13:17:11.231] [bmv2] [T] [thread 4118] [56.0] [cxt 0] Bytes parsed: 14
[13:17:11.231] [bmv2] [D] [thread 4118] [56.0] [cxt 0] Parser 'parser': end
[13:17:11.231] [bmv2] [D] [thread 4118] [56.0] [cxt 0] Pipeline 'ingress': start
[13:17:11.231] [bmv2] [T] [thread 4118] [56.0] [cxt 0] basic.p4(115) Condition "hdr.ipv4.isValid()" (node_2) is false
[13:17:11.231] [bmv2] [D] [thread 4118] [56.0] [cxt 0] Pipeline 'ingress': end
[13:17:11.231] [bmv2] [D] [thread 4118] [56.0] [cxt 0] Egress port is 0
[13:17:11.231] [bmv2] [D] [thread 4118] [57.0] [cxt 0] Processing packet received on port 2
[13:17:11.231] [bmv2] [D] [thread 4118] [57.0] [cxt 0] Parser 'parser': start
[13:17:11.231] [bmv2] [D] [thread 4118] [57.0] [cxt 0] Parser 'parser' entering state 'start'
[13:17:11.231] [bmv2] [D] [thread 4118] [57.0] [cxt 0] Extracting header 'ethernet'
[13:17:11.231] [bmv2] [D] [thread 4118] [57.0] [cxt 0] Parser state 'start': key is 86dd
[13:17:11.231] [bmv2] [D] [thread 4119] [56.0] [cxt 0] Pipeline 'egress': start
[13:17:11.231] [bmv2] [D] [thread 4119] [56.0] [cxt 0] Pipeline 'egress': end
[13:17:11.231] [bmv2] [D] [thread 4119] [56.0] [cxt 0] Deparser 'deparser': start
[13:17:11.231] [bmv2] [T] [thread 4119] [56.0] [cxt 0] Skipping checksum 'cksum' update because condition not met
[13:17:11.231] [bmv2] [D] [thread 4119] [56.0] [cxt 0] Deparsing header 'ethernet'
[13:17:11.231] [bmv2] [D] [thread 4119] [56.0] [cxt 0] Deparser 'deparser': end
[13:17:11.231] [bmv2] [T] [thread 4118] [57.0] [cxt 0] Bytes parsed: 14
[13:17:11.231] [bmv2] [D] [thread 4118] [57.0] [cxt 0] Parser 'parser': end
[13:17:11.231] [bmv2] [D] [thread 4118] [57.0] [cxt 0] Pipeline 'ingress': start
[13:17:11.231] [bmv2] [T] [thread 4118] [57.0] [cxt 0] basic.p4(115) Condition "hdr.ipv4.isValid()" (node_2) is false
[13:17:11.231] [bmv2] [D] [thread 4118] [57.0] [cxt 0] Pipeline 'ingress': end
[13:17:11.231] [bmv2] [D] [thread 4118] [57.0] [cxt 0] Egress port is 0
[13:17:11.231] [bmv2] [D] [thread 4123] [56.0] [cxt 0] Transmitting packet of size 70 out of port 0
[13:17:11.231] [bmv2] [D] [thread 4119] [57.0] [cxt 0] Pipeline 'egress': start
[13:17:11.231] [bmv2] [D] [thread 4119] [57.0] [cxt 0] Pipeline 'egress': end
[13:17:11.231] [bmv2] [D] [thread 4119] [57.0] [cxt 0] Deparser 'deparser': start
[13:17:11.231] [bmv2] [T] [thread 4119] [57.0] [cxt 0] Skipping checksum 'cksum' update because condition not met
[13:17:11.231] [bmv2] [D] [thread 4119] [57.0] [cxt 0] Deparsing header 'ethernet'
[13:17:11.231] [bmv2] [D] [thread 4119] [57.0] [cxt 0] Deparser 'deparser': end
[13:17:11.231] [bmv2] [D] [thread 4123] [57.0] [cxt 0] Transmitting packet of size 70 out of port 0
[13:17:11.743] [bmv2] [D] [thread 4118] [58.0] [cxt 0] Processing packet received on port 1
[13:17:11.743] [bmv2] [D] [thread 4118] [58.0] [cxt 0] Parser 'parser': start
[13:17:11.743] [bmv2] [D] [thread 4118] [58.0] [cxt 0] Parser 'parser' entering state 'start'
[13:17:11.743] [bmv2] [D] [thread 4118] [58.0] [cxt 0] Extracting header 'ethernet'
[13:17:11.743] [bmv2] [D] [thread 4118] [58.0] [cxt 0] Parser state 'start': key is 86dd
[13:17:11.743] [bmv2] [T] [thread 4118] [58.0] [cxt 0] Bytes parsed: 14
[13:17:11.743] [bmv2] [D] [thread 4118] [58.0] [cxt 0] Parser 'parser': end
[13:17:11.743] [bmv2] [D] [thread 4118] [58.0] [cxt 0] Pipeline 'ingress': start
[13:17:11.743] [bmv2] [T] [thread 4118] [58.0] [cxt 0] basic.p4(115) Condition "hdr.ipv4.isValid()" (node_2) is false
[13:17:11.743] [bmv2] [D] [thread 4118] [58.0] [cxt 0] Pipeline 'ingress': end
[13:17:11.743] [bmv2] [D] [thread 4118] [58.0] [cxt 0] Egress port is 0
[13:17:11.743] [bmv2] [D] [thread 4118] [59.0] [cxt 0] Processing packet received on port 2
[13:17:11.743] [bmv2] [D] [thread 4118] [59.0] [cxt 0] Parser 'parser': start
[13:17:11.743] [bmv2] [D] [thread 4118] [59.0] [cxt 0] Parser 'parser' entering state 'start'
[13:17:11.743] [bmv2] [D] [thread 4118] [59.0] [cxt 0] Extracting header 'ethernet'
[13:17:11.743] [bmv2] [D] [thread 4118] [59.0] [cxt 0] Parser state 'start': key is 86dd
[13:17:11.743] [bmv2] [T] [thread 4118] [59.0] [cxt 0] Bytes parsed: 14
[13:17:11.743] [bmv2] [D] [thread 4118] [59.0] [cxt 0] Parser 'parser': end
[13:17:11.743] [bmv2] [D] [thread 4118] [59.0] [cxt 0] Pipeline 'ingress': start
[13:17:11.743] [bmv2] [T] [thread 4118] [59.0] [cxt 0] basic.p4(115) Condition "hdr.ipv4.isValid()" (node_2) is false
[13:17:11.743] [bmv2] [D] [thread 4118] [59.0] [cxt 0] Pipeline 'ingress': end
[13:17:11.743] [bmv2] [D] [thread 4118] [59.0] [cxt 0] Egress port is 0
[13:17:11.743] [bmv2] [D] [thread 4119] [58.0] [cxt 0] Pipeline 'egress': start
[13:17:11.743] [bmv2] [D] [thread 4119] [58.0] [cxt 0] Pipeline 'egress': end
[13:17:11.743] [bmv2] [D] [thread 4119] [58.0] [cxt 0] Deparser 'deparser': start
[13:17:11.743] [bmv2] [T] [thread 4119] [58.0] [cxt 0] Skipping checksum 'cksum' update because condition not met
[13:17:11.743] [bmv2] [D] [thread 4119] [58.0] [cxt 0] Deparsing header 'ethernet'
[13:17:11.743] [bmv2] [D] [thread 4119] [58.0] [cxt 0] Deparser 'deparser': end
[13:17:11.743] [bmv2] [D] [thread 4119] [59.0] [cxt 0] Pipeline 'egress': start
[13:17:11.743] [bmv2] [D] [thread 4119] [59.0] [cxt 0] Pipeline 'egress': end
[13:17:11.743] [bmv2] [D] [thread 4119] [59.0] [cxt 0] Deparser 'deparser': start
[13:17:11.743] [bmv2] [T] [thread 4119] [59.0] [cxt 0] Skipping checksum 'cksum' update because condition not met
[13:17:11.743] [bmv2] [D] [thread 4119] [59.0] [cxt 0] Deparsing header 'ethernet'
[13:17:11.743] [bmv2] [D] [thread 4119] [59.0] [cxt 0] Deparser 'deparser': end
[13:17:11.743] [bmv2] [D] [thread 4123] [58.0] [cxt 0] Transmitting packet of size 70 out of port 0
[13:17:11.743] [bmv2] [D] [thread 4123] [59.0] [cxt 0] Transmitting packet of size 70 out of port 0
[13:17:13.087] [bmv2] [D] [thread 4118] [60.0] [cxt 0] Processing packet received on port 2
[13:17:13.087] [bmv2] [D] [thread 4118] [60.0] [cxt 0] Parser 'parser': start
[13:17:13.087] [bmv2] [D] [thread 4118] [60.0] [cxt 0] Parser 'parser' entering state 'start'
[13:17:13.087] [bmv2] [D] [thread 4118] [60.0] [cxt 0] Extracting header 'ethernet'
[13:17:13.087] [bmv2] [D] [thread 4118] [60.0] [cxt 0] Parser state 'start': key is 86dd
[13:17:13.087] [bmv2] [T] [thread 4118] [60.0] [cxt 0] Bytes parsed: 14
[13:17:13.087] [bmv2] [D] [thread 4118] [60.0] [cxt 0] Parser 'parser': end
[13:17:13.087] [bmv2] [D] [thread 4118] [60.0] [cxt 0] Pipeline 'ingress': start
[13:17:13.087] [bmv2] [T] [thread 4118] [60.0] [cxt 0] basic.p4(115) Condition "hdr.ipv4.isValid()" (node_2) is false
[13:17:13.087] [bmv2] [D] [thread 4118] [60.0] [cxt 0] Pipeline 'ingress': end
[13:17:13.087] [bmv2] [D] [thread 4118] [60.0] [cxt 0] Egress port is 0
[13:17:13.087] [bmv2] [D] [thread 4119] [60.0] [cxt 0] Pipeline 'egress': start
[13:17:13.087] [bmv2] [D] [thread 4119] [60.0] [cxt 0] Pipeline 'egress': end
[13:17:13.087] [bmv2] [D] [thread 4119] [60.0] [cxt 0] Deparser 'deparser': start
[13:17:13.087] [bmv2] [T] [thread 4119] [60.0] [cxt 0] Skipping checksum 'cksum' update because condition not met
[13:17:13.087] [bmv2] [D] [thread 4119] [60.0] [cxt 0] Deparsing header 'ethernet'
[13:17:13.087] [bmv2] [D] [thread 4119] [60.0] [cxt 0] Deparser 'deparser': end
[13:17:13.087] [bmv2] [D] [thread 4123] [60.0] [cxt 0] Transmitting packet of size 107 out of port 0
[13:17:13.344] [bmv2] [D] [thread 4118] [61.0] [cxt 0] Processing packet received on port 1
[13:17:13.344] [bmv2] [D] [thread 4118] [61.0] [cxt 0] Parser 'parser': start
[13:17:13.344] [bmv2] [D] [thread 4118] [61.0] [cxt 0] Parser 'parser' entering state 'start'
[13:17:13.344] [bmv2] [D] [thread 4118] [61.0] [cxt 0] Extracting header 'ethernet'
[13:17:13.344] [bmv2] [D] [thread 4118] [61.0] [cxt 0] Parser state 'start': key is 86dd
[13:17:13.344] [bmv2] [T] [thread 4118] [61.0] [cxt 0] Bytes parsed: 14
[13:17:13.344] [bmv2] [D] [thread 4118] [61.0] [cxt 0] Parser 'parser': end
[13:17:13.344] [bmv2] [D] [thread 4118] [61.0] [cxt 0] Pipeline 'ingress': start
[13:17:13.344] [bmv2] [T] [thread 4118] [61.0] [cxt 0] basic.p4(115) Condition "hdr.ipv4.isValid()" (node_2) is false
[13:17:13.344] [bmv2] [D] [thread 4118] [61.0] [cxt 0] Pipeline 'ingress': end
[13:17:13.344] [bmv2] [D] [thread 4118] [61.0] [cxt 0] Egress port is 0
[13:17:13.344] [bmv2] [D] [thread 4119] [61.0] [cxt 0] Pipeline 'egress': start
[13:17:13.344] [bmv2] [D] [thread 4119] [61.0] [cxt 0] Pipeline 'egress': end
[13:17:13.344] [bmv2] [D] [thread 4119] [61.0] [cxt 0] Deparser 'deparser': start
[13:17:13.344] [bmv2] [T] [thread 4119] [61.0] [cxt 0] Skipping checksum 'cksum' update because condition not met
[13:17:13.344] [bmv2] [D] [thread 4119] [61.0] [cxt 0] Deparsing header 'ethernet'
[13:17:13.344] [bmv2] [D] [thread 4119] [61.0] [cxt 0] Deparser 'deparser': end
[13:17:13.344] [bmv2] [D] [thread 4123] [61.0] [cxt 0] Transmitting packet of size 107 out of port 0
