Calling target program-options parser
[13:16:58.111] [bmv2] [D] [thread 4125] Set default default entry for table 'MyIngress.ipv4_lpm': MyIngress.drop - 
Adding interface s4-eth1 as port 1
[13:16:58.112] [bmv2] [D] [thread 4125] Adding interface s4-eth1 as port 1
Adding interface s4-eth2 as port 2
[13:16:58.133] [bmv2] [D] [thread 4125] Adding interface s4-eth2 as port 2
Server listening on 0.0.0.0:50054
[13:16:58.144] [bmv2] [I] [thread 4125] Starting Thrift server on port 9093
[13:16:58.145] [bmv2] [I] [thread 4125] Thrift server was started
[13:16:58.175] [bmv2] [D] [thread 4140] [0.0] [cxt 0] Processing packet received on port 2
[13:16:58.175] [bmv2] [D] [thread 4140] [0.0] [cxt 0] Parser 'parser': start
[13:16:58.175] [bmv2] [D] [thread 4140] [0.0] [cxt 0] Parser 'parser' entering state 'start'
[13:16:58.175] [bmv2] [D] [thread 4140] [0.0] [cxt 0] Extracting header 'ethernet'
[13:16:58.175] [bmv2] [D] [thread 4140] [0.0] [cxt 0] Parser state 'start': key is 86dd
[13:16:58.175] [bmv2] [T] [thread 4140] [0.0] [cxt 0] Bytes parsed: 14
[13:16:58.175] [bmv2] [D] [thread 4140] [0.0] [cxt 0] Parser 'parser': end
[13:16:58.175] [bmv2] [D] [thread 4140] [0.0] [cxt 0] Pipeline 'ingress': start
[13:16:58.175] [bmv2] [T] [thread 4140] [0.0] [cxt 0] basic.p4(115) Condition "hdr.ipv4.isValid()" (node_2) is false
[13:16:58.175] [bmv2] [D] [thread 4140] [0.0] [cxt 0] Pipeline 'ingress': end
[13:16:58.175] [bmv2] [D] [thread 4140] [0.0] [cxt 0] Egress port is 0
[13:16:58.175] [bmv2] [D] [thread 4141] [0.0] [cxt 0] Pipeline 'egress': start
[13:16:58.175] [bmv2] [D] [thread 4141] [0.0] [cxt 0] Pipeline 'egress': end
[13:16:58.175] [bmv2] [D] [thread 4141] [0.0] [cxt 0] Deparser 'deparser': start
[13:16:58.175] [bmv2] [T] [thread 4141] [0.0] [cxt 0] Skipping checksum 'cksum' update because condition not met
[13:16:58.175] [bmv2] [D] [thread 4141] [0.0] [cxt 0] Deparsing header 'ethernet'
[13:16:58.175] [bmv2] [D] [thread 4141] [0.0] [cxt 0] Deparser 'deparser': end
[13:16:58.175] [bmv2] [D] [thread 4145] [0.0] [cxt 0] Transmitting packet of size 110 out of port 0
[13:16:58.201] [bmv2] [D] [thread 4140] [1.0] [cxt 0] Processing packet received on port 2
[13:16:58.201] [bmv2] [D] [thread 4140] [1.0] [cxt 0] Parser 'parser': start
[13:16:58.201] [bmv2] [D] [thread 4140] [1.0] [cxt 0] Parser 'parser' entering state 'start'
[13:16:58.201] [bmv2] [D] [thread 4140] [1.0] [cxt 0] Extracting header 'ethernet'
[13:16:58.201] [bmv2] [D] [thread 4140] [1.0] [cxt 0] Parser state 'start': key is 86dd
[13:16:58.201] [bmv2] [T] [thread 4140] [1.0] [cxt 0] Bytes parsed: 14
[13:16:58.201] [bmv2] [D] [thread 4140] [1.0] [cxt 0] Parser 'parser': end
[13:16:58.201] [bmv2] [D] [thread 4140] [1.0] [cxt 0] Pipeline 'ingress': start
[13:16:58.201] [bmv2] [T] [thread 4140] [1.0] [cxt 0] basic.p4(115) Condition "hdr.ipv4.isValid()" (node_2) is false
[13:16:58.201] [bmv2] [D] [thread 4140] [1.0] [cxt 0] Pipeline 'ingress': end
[13:16:58.201] [bmv2] [D] [thread 4140] [1.0] [cxt 0] Egress port is 0
[13:16:58.202] [bmv2] [D] [thread 4141] [1.0] [cxt 0] Pipeline 'egress': start
[13:16:58.202] [bmv2] [D] [thread 4141] [1.0] [cxt 0] Pipeline 'egress': end
[13:16:58.202] [bmv2] [D] [thread 4141] [1.0] [cxt 0] Deparser 'deparser': start
[13:16:58.202] [bmv2] [T] [thread 4141] [1.0] [cxt 0] Skipping checksum 'cksum' update because condition not met
[13:16:58.202] [bmv2] [D] [thread 4141] [1.0] [cxt 0] Deparsing header 'ethernet'
[13:16:58.202] [bmv2] [D] [thread 4141] [1.0] [cxt 0] Deparser 'deparser': end
[13:16:58.202] [bmv2] [D] [thread 4145] [1.0] [cxt 0] Transmitting packet of size 211 out of port 0
[13:16:58.212] [bmv2] [D] [thread 4140] [2.0] [cxt 0] Processing packet received on port 1
[13:16:58.212] [bmv2] [D] [thread 4140] [2.0] [cxt 0] Parser 'parser': start
[13:16:58.212] [bmv2] [D] [thread 4140] [2.0] [cxt 0] Parser 'parser' entering state 'start'
[13:16:58.212] [bmv2] [D] [thread 4140] [2.0] [cxt 0] Extracting header 'ethernet'
[13:16:58.212] [bmv2] [D] [thread 4140] [2.0] [cxt 0] Parser state 'start': key is 86dd
[13:16:58.212] [bmv2] [T] [thread 4140] [2.0] [cxt 0] Bytes parsed: 14
[13:16:58.212] [bmv2] [D] [thread 4140] [2.0] [cxt 0] Parser 'parser': end
[13:16:58.212] [bmv2] [D] [thread 4140] [2.0] [cxt 0] Pipeline 'ingress': start
[13:16:58.212] [bmv2] [T] [thread 4140] [2.0] [cxt 0] basic.p4(115) Condition "hdr.ipv4.isValid()" (node_2) is false
[13:16:58.212] [bmv2] [D] [thread 4140] [2.0] [cxt 0] Pipeline 'ingress': end
[13:16:58.212] [bmv2] [D] [thread 4140] [2.0] [cxt 0] Egress port is 0
[13:16:58.212] [bmv2] [D] [thread 4141] [2.0] [cxt 0] Pipeline 'egress': start
[13:16:58.212] [bmv2] [D] [thread 4141] [2.0] [cxt 0] Pipeline 'egress': end
[13:16:58.212] [bmv2] [D] [thread 4141] [2.0] [cxt 0] Deparser 'deparser': start
[13:16:58.212] [bmv2] [T] [thread 4141] [2.0] [cxt 0] Skipping checksum 'cksum' update because condition not met
[13:16:58.212] [bmv2] [D] [thread 4141] [2.0] [cxt 0] Deparsing header 'ethernet'
[13:16:58.212] [bmv2] [D] [thread 4141] [2.0] [cxt 0] Deparser 'deparser': end
[13:16:58.212] [bmv2] [D] [thread 4145] [2.0] [cxt 0] Transmitting packet of size 211 out of port 0
[13:16:58.213] [bmv2] [D] [thread 4140] [3.0] [cxt 0] Processing packet received on port 1
[13:16:58.213] [bmv2] [D] [thread 4140] [3.0] [cxt 0] Parser 'parser': start
[13:16:58.213] [bmv2] [D] [thread 4140] [3.0] [cxt 0] Parser 'parser' entering state 'start'
[13:16:58.213] [bmv2] [D] [thread 4140] [3.0] [cxt 0] Extracting header 'ethernet'
[13:16:58.213] [bmv2] [D] [thread 4140] [3.0] [cxt 0] Parser state 'start': key is 86dd
[13:16:58.213] [bmv2] [T] [thread 4140] [3.0] [cxt 0] Bytes parsed: 14
[13:16:58.213] [bmv2] [D] [thread 4140] [3.0] [cxt 0] Parser 'parser': end
[13:16:58.213] [bmv2] [D] [thread 4140] [3.0] [cxt 0] Pipeline 'ingress': start
[13:16:58.213] [bmv2] [T] [thread 4140] [3.0] [cxt 0] basic.p4(115) Condition "hdr.ipv4.isValid()" (node_2) is false
[13:16:58.213] [bmv2] [D] [thread 4140] [3.0] [cxt 0] Pipeline 'ingress': end
[13:16:58.213] [bmv2] [D] [thread 4140] [3.0] [cxt 0] Egress port is 0
[13:16:58.213] [bmv2] [D] [thread 4141] [3.0] [cxt 0] Pipeline 'egress': start
[13:16:58.213] [bmv2] [D] [thread 4141] [3.0] [cxt 0] Pipeline 'egress': end
[13:16:58.213] [bmv2] [D] [thread 4141] [3.0] [cxt 0] Deparser 'deparser': start
[13:16:58.213] [bmv2] [T] [thread 4141] [3.0] [cxt 0] Skipping checksum 'cksum' update because condition not met
[13:16:58.213] [bmv2] [D] [thread 4141] [3.0] [cxt 0] Deparsing header 'ethernet'
[13:16:58.213] [bmv2] [D] [thread 4141] [3.0] [cxt 0] Deparser 'deparser': end
[13:16:58.213] [bmv2] [D] [thread 4145] [3.0] [cxt 0] Transmitting packet of size 107 out of port 0
[13:16:58.247] [bmv2] [D] [thread 4140] [4.0] [cxt 0] Processing packet received on port 1
[13:16:58.247] [bmv2] [D] [thread 4140] [4.0] [cxt 0] Parser 'parser': start
[13:16:58.247] [bmv2] [D] [thread 4140] [4.0] [cxt 0] Parser 'parser' entering state 'start'
[13:16:58.247] [bmv2] [D] [thread 4140] [4.0] [cxt 0] Extracting header 'ethernet'
[13:16:58.247] [bmv2] [D] [thread 4140] [4.0] [cxt 0] Parser state 'start': key is 86dd
[13:16:58.247] [bmv2] [T] [thread 4140] [4.0] [cxt 0] Bytes parsed: 14
[13:16:58.247] [bmv2] [D] [thread 4140] [4.0] [cxt 0] Parser 'parser': end
[13:16:58.247] [bmv2] [D] [thread 4140] [4.0] [cxt 0] Pipeline 'ingress': start
[13:16:58.247] [bmv2] [T] [thread 4140] [4.0] [cxt 0] basic.p4(115) Condition "hdr.ipv4.isValid()" (node_2) is false
[13:16:58.247] [bmv2] [D] [thread 4140] [4.0] [cxt 0] Pipeline 'ingress': end
[13:16:58.247] [bmv2] [D] [thread 4140] [4.0] [cxt 0] Egress port is 0
[13:16:58.248] [bmv2] [D] [thread 4141] [4.0] [cxt 0] Pipeline 'egress': start
[13:16:58.248] [bmv2] [D] [thread 4141] [4.0] [cxt 0] Pipeline 'egress': end
[13:16:58.248] [bmv2] [D] [thread 4141] [4.0] [cxt 0] Deparser 'deparser': start
[13:16:58.248] [bmv2] [T] [thread 4141] [4.0] [cxt 0] Skipping checksum 'cksum' update because condition not met
[13:16:58.248] [bmv2] [D] [thread 4141] [4.0] [cxt 0] Deparsing header 'ethernet'
[13:16:58.248] [bmv2] [D] [thread 4141] [4.0] [cxt 0] Deparser 'deparser': end
[13:16:58.248] [bmv2] [D] [thread 4145] [4.0] [cxt 0] Transmitting packet of size 90 out of port 0
[13:16:58.272] [bmv2] [D] [thread 4140] [5.0] [cxt 0] Processing packet received on port 2
[13:16:58.272] [bmv2] [D] [thread 4140] [5.0] [cxt 0] Parser 'parser': start
[13:16:58.272] [bmv2] [D] [thread 4140] [5.0] [cxt 0] Parser 'parser' entering state 'start'
[13:16:58.272] [bmv2] [D] [thread 4140] [5.0] [cxt 0] Extracting header 'ethernet'
[13:16:58.272] [bmv2] [D] [thread 4140] [5.0] [cxt 0] Parser state 'start': key is 86dd
[13:16:58.272] [bmv2] [T] [thread 4140] [5.0] [cxt 0] Bytes parsed: 14
[13:16:58.272] [bmv2] [D] [thread 4140] [5.0] [cxt 0] Parser 'parser': end
[13:16:58.272] [bmv2] [D] [thread 4140] [5.0] [cxt 0] Pipeline 'ingress': start
[13:16:58.272] [bmv2] [T] [thread 4140] [5.0] [cxt 0] basic.p4(115) Condition "hdr.ipv4.isValid()" (node_2) is false
[13:16:58.272] [bmv2] [D] [thread 4140] [5.0] [cxt 0] Pipeline 'ingress': end
[13:16:58.272] [bmv2] [D] [thread 4140] [5.0] [cxt 0] Egress port is 0
[13:16:58.272] [bmv2] [D] [thread 4141] [5.0] [cxt 0] Pipeline 'egress': start
[13:16:58.272] [bmv2] [D] [thread 4141] [5.0] [cxt 0] Pipeline 'egress': end
[13:16:58.272] [bmv2] [D] [thread 4141] [5.0] [cxt 0] Deparser 'deparser': start
[13:16:58.272] [bmv2] [T] [thread 4141] [5.0] [cxt 0] Skipping checksum 'cksum' update because condition not met
[13:16:58.272] [bmv2] [D] [thread 4141] [5.0] [cxt 0] Deparsing header 'ethernet'
[13:16:58.272] [bmv2] [D] [thread 4141] [5.0] [cxt 0] Deparser 'deparser': end
[13:16:58.272] [bmv2] [D] [thread 4145] [5.0] [cxt 0] Transmitting packet of size 199 out of port 0
[13:16:58.303] [bmv2] [D] [thread 4140] [6.0] [cxt 0] Processing packet received on port 2
[13:16:58.303] [bmv2] [D] [thread 4140] [6.0] [cxt 0] Parser 'parser': start
[13:16:58.303] [bmv2] [D] [thread 4140] [6.0] [cxt 0] Parser 'parser' entering state 'start'
[13:16:58.303] [bmv2] [D] [thread 4140] [6.0] [cxt 0] Extracting header 'ethernet'
[13:16:58.303] [bmv2] [D] [thread 4140] [6.0] [cxt 0] Parser state 'start': key is 86dd
[13:16:58.303] [bmv2] [T] [thread 4140] [6.0] [cxt 0] Bytes parsed: 14
[13:16:58.303] [bmv2] [D] [thread 4140] [6.0] [cxt 0] Parser 'parser': end
[13:16:58.303] [bmv2] [D] [thread 4140] [6.0] [cxt 0] Pipeline 'ingress': start
[13:16:58.303] [bmv2] [T] [thread 4140] [6.0] [cxt 0] basic.p4(115) Condition "hdr.ipv4.isValid()" (node_2) is false
[13:16:58.303] [bmv2] [D] [thread 4140] [6.0] [cxt 0] Pipeline 'ingress': end
[13:16:58.303] [bmv2] [D] [thread 4140] [6.0] [cxt 0] Egress port is 0
[13:16:58.303] [bmv2] [D] [thread 4141] [6.0] [cxt 0] Pipeline 'egress': start
[13:16:58.303] [bmv2] [D] [thread 4141] [6.0] [cxt 0] Pipeline 'egress': end
[13:16:58.303] [bmv2] [D] [thread 4141] [6.0] [cxt 0] Deparser 'deparser': start
[13:16:58.303] [bmv2] [T] [thread 4141] [6.0] [cxt 0] Skipping checksum 'cksum' update because condition not met
[13:16:58.303] [bmv2] [D] [thread 4141] [6.0] [cxt 0] Deparsing header 'ethernet'
[13:16:58.303] [bmv2] [D] [thread 4141] [6.0] [cxt 0] Deparser 'deparser': end
[13:16:58.303] [bmv2] [D] [thread 4145] [6.0] [cxt 0] Transmitting packet of size 90 out of port 0
[13:16:58.328] [bmv2] [D] [thread 4140] [7.0] [cxt 0] Processing packet received on port 1
[13:16:58.328] [bmv2] [D] [thread 4140] [7.0] [cxt 0] Parser 'parser': start
[13:16:58.328] [bmv2] [D] [thread 4140] [7.0] [cxt 0] Parser 'parser' entering state 'start'
[13:16:58.328] [bmv2] [D] [thread 4140] [7.0] [cxt 0] Extracting header 'ethernet'
[13:16:58.328] [bmv2] [D] [thread 4140] [7.0] [cxt 0] Parser state 'start': key is 86dd
[13:16:58.328] [bmv2] [T] [thread 4140] [7.0] [cxt 0] Bytes parsed: 14
[13:16:58.328] [bmv2] [D] [thread 4140] [7.0] [cxt 0] Parser 'parser': end
[13:16:58.328] [bmv2] [D] [thread 4140] [7.0] [cxt 0] Pipeline 'ingress': start
[13:16:58.328] [bmv2] [T] [thread 4140] [7.0] [cxt 0] basic.p4(115) Condition "hdr.ipv4.isValid()" (node_2) is false
[13:16:58.328] [bmv2] [D] [thread 4140] [7.0] [cxt 0] Pipeline 'ingress': end
[13:16:58.328] [bmv2] [D] [thread 4140] [7.0] [cxt 0] Egress port is 0
[13:16:58.328] [bmv2] [D] [thread 4141] [7.0] [cxt 0] Pipeline 'egress': start
[13:16:58.328] [bmv2] [D] [thread 4141] [7.0] [cxt 0] Pipeline 'egress': end
[13:16:58.328] [bmv2] [D] [thread 4141] [7.0] [cxt 0] Deparser 'deparser': start
[13:16:58.328] [bmv2] [T] [thread 4141] [7.0] [cxt 0] Skipping checksum 'cksum' update because condition not met
[13:16:58.328] [bmv2] [D] [thread 4141] [7.0] [cxt 0] Deparsing header 'ethernet'
[13:16:58.328] [bmv2] [D] [thread 4141] [7.0] [cxt 0] Deparser 'deparser': end
[13:16:58.328] [bmv2] [D] [thread 4145] [7.0] [cxt 0] Transmitting packet of size 211 out of port 0
[13:16:58.401] [bmv2] [D] [thread 4140] [8.0] [cxt 0] Processing packet received on port 2
[13:16:58.401] [bmv2] [D] [thread 4140] [8.0] [cxt 0] Parser 'parser': start
[13:16:58.401] [bmv2] [D] [thread 4140] [8.0] [cxt 0] Parser 'parser' entering state 'start'
[13:16:58.401] [bmv2] [D] [thread 4140] [8.0] [cxt 0] Extracting header 'ethernet'
[13:16:58.401] [bmv2] [D] [thread 4140] [8.0] [cxt 0] Parser state 'start': key is 86dd
[13:16:58.401] [bmv2] [T] [thread 4140] [8.0] [cxt 0] Bytes parsed: 14
[13:16:58.401] [bmv2] [D] [thread 4140] [8.0] [cxt 0] Parser 'parser': end
[13:16:58.401] [bmv2] [D] [thread 4140] [8.0] [cxt 0] Pipeline 'ingress': start
[13:16:58.401] [bmv2] [T] [thread 4140] [8.0] [cxt 0] basic.p4(115) Condition "hdr.ipv4.isValid()" (node_2) is false
[13:16:58.401] [bmv2] [D] [thread 4140] [8.0] [cxt 0] Pipeline 'ingress': end
[13:16:58.401] [bmv2] [D] [thread 4140] [8.0] [cxt 0] Egress port is 0
[13:16:58.401] [bmv2] [D] [thread 4141] [8.0] [cxt 0] Pipeline 'egress': start
[13:16:58.401] [bmv2] [D] [thread 4141] [8.0] [cxt 0] Pipeline 'egress': end
[13:16:58.401] [bmv2] [D] [thread 4141] [8.0] [cxt 0] Deparser 'deparser': start
[13:16:58.402] [bmv2] [T] [thread 4141] [8.0] [cxt 0] Skipping checksum 'cksum' update because condition not met
[13:16:58.402] [bmv2] [D] [thread 4141] [8.0] [cxt 0] Deparsing header 'ethernet'
[13:16:58.402] [bmv2] [D] [thread 4141] [8.0] [cxt 0] Deparser 'deparser': end
[13:16:58.402] [bmv2] [D] [thread 4145] [8.0] [cxt 0] Transmitting packet of size 199 out of port 0
[13:16:58.463] [bmv2] [D] [thread 4140] [9.0] [cxt 0] Processing packet received on port 1
[13:16:58.463] [bmv2] [D] [thread 4140] [9.0] [cxt 0] Parser 'parser': start
[13:16:58.463] [bmv2] [D] [thread 4140] [9.0] [cxt 0] Parser 'parser' entering state 'start'
[13:16:58.463] [bmv2] [D] [thread 4140] [9.0] [cxt 0] Extracting header 'ethernet'
[13:16:58.463] [bmv2] [D] [thread 4140] [9.0] [cxt 0] Parser state 'start': key is 86dd
[13:16:58.463] [bmv2] [T] [thread 4140] [9.0] [cxt 0] Bytes parsed: 14
[13:16:58.463] [bmv2] [D] [thread 4140] [9.0] [cxt 0] Parser 'parser': end
[13:16:58.463] [bmv2] [D] [thread 4140] [9.0] [cxt 0] Pipeline 'ingress': start
[13:16:58.463] [bmv2] [T] [thread 4140] [9.0] [cxt 0] basic.p4(115) Condition "hdr.ipv4.isValid()" (node_2) is false
[13:16:58.463] [bmv2] [D] [thread 4140] [9.0] [cxt 0] Pipeline 'ingress': end
[13:16:58.463] [bmv2] [D] [thread 4140] [9.0] [cxt 0] Egress port is 0
[13:16:58.463] [bmv2] [D] [thread 4141] [9.0] [cxt 0] Pipeline 'egress': start
[13:16:58.463] [bmv2] [D] [thread 4141] [9.0] [cxt 0] Pipeline 'egress': end
[13:16:58.463] [bmv2] [D] [thread 4141] [9.0] [cxt 0] Deparser 'deparser': start
[13:16:58.463] [bmv2] [T] [thread 4141] [9.0] [cxt 0] Skipping checksum 'cksum' update because condition not met
[13:16:58.463] [bmv2] [D] [thread 4141] [9.0] [cxt 0] Deparsing header 'ethernet'
[13:16:58.463] [bmv2] [D] [thread 4141] [9.0] [cxt 0] Deparser 'deparser': end
[13:16:58.463] [bmv2] [D] [thread 4145] [9.0] [cxt 0] Transmitting packet of size 211 out of port 0
[13:16:58.495] [bmv2] [D] [thread 4140] [10.0] [cxt 0] Processing packet received on port 2
[13:16:58.495] [bmv2] [D] [thread 4140] [10.0] [cxt 0] Parser 'parser': start
[13:16:58.495] [bmv2] [D] [thread 4140] [10.0] [cxt 0] Parser 'parser' entering state 'start'
[13:16:58.495] [bmv2] [D] [thread 4140] [10.0] [cxt 0] Extracting header 'ethernet'
[13:16:58.495] [bmv2] [D] [thread 4140] [10.0] [cxt 0] Parser state 'start': key is 86dd
[13:16:58.495] [bmv2] [T] [thread 4140] [10.0] [cxt 0] Bytes parsed: 14
[13:16:58.495] [bmv2] [D] [thread 4140] [10.0] [cxt 0] Parser 'parser': end
[13:16:58.495] [bmv2] [D] [thread 4140] [10.0] [cxt 0] Pipeline 'ingress': start
[13:16:58.495] [bmv2] [T] [thread 4140] [10.0] [cxt 0] basic.p4(115) Condition "hdr.ipv4.isValid()" (node_2) is false
[13:16:58.495] [bmv2] [D] [thread 4140] [10.0] [cxt 0] Pipeline 'ingress': end
[13:16:58.495] [bmv2] [D] [thread 4140] [10.0] [cxt 0] Egress port is 0
[13:16:58.495] [bmv2] [D] [thread 4141] [10.0] [cxt 0] Pipeline 'egress': start
[13:16:58.495] [bmv2] [D] [thread 4141] [10.0] [cxt 0] Pipeline 'egress': end
[13:16:58.495] [bmv2] [D] [thread 4141] [10.0] [cxt 0] Deparser 'deparser': start
[13:16:58.495] [bmv2] [T] [thread 4141] [10.0] [cxt 0] Skipping checksum 'cksum' update because condition not met
[13:16:58.495] [bmv2] [D] [thread 4141] [10.0] [cxt 0] Deparsing header 'ethernet'
[13:16:58.495] [bmv2] [D] [thread 4141] [10.0] [cxt 0] Deparser 'deparser': end
[13:16:58.495] [bmv2] [D] [thread 4145] [10.0] [cxt 0] Transmitting packet of size 110 out of port 0
[13:16:58.528] [bmv2] [D] [thread 4140] [11.0] [cxt 0] Processing packet received on port 1
[13:16:58.528] [bmv2] [D] [thread 4140] [11.0] [cxt 0] Parser 'parser': start
[13:16:58.528] [bmv2] [D] [thread 4140] [11.0] [cxt 0] Parser 'parser' entering state 'start'
[13:16:58.528] [bmv2] [D] [thread 4140] [11.0] [cxt 0] Extracting header 'ethernet'
[13:16:58.528] [bmv2] [D] [thread 4140] [11.0] [cxt 0] Parser state 'start': key is 86dd
[13:16:58.528] [bmv2] [T] [thread 4140] [11.0] [cxt 0] Bytes parsed: 14
[13:16:58.528] [bmv2] [D] [thread 4140] [11.0] [cxt 0] Parser 'parser': end
[13:16:58.528] [bmv2] [D] [thread 4140] [11.0] [cxt 0] Pipeline 'ingress': start
[13:16:58.528] [bmv2] [T] [thread 4140] [11.0] [cxt 0] basic.p4(115) Condition "hdr.ipv4.isValid()" (node_2) is false
[13:16:58.528] [bmv2] [D] [thread 4140] [11.0] [cxt 0] Pipeline 'ingress': end
[13:16:58.528] [bmv2] [D] [thread 4140] [11.0] [cxt 0] Egress port is 0
[13:16:58.528] [bmv2] [D] [thread 4141] [11.0] [cxt 0] Pipeline 'egress': start
[13:16:58.528] [bmv2] [D] [thread 4141] [11.0] [cxt 0] Pipeline 'egress': end
[13:16:58.528] [bmv2] [D] [thread 4141] [11.0] [cxt 0] Deparser 'deparser': start
[13:16:58.528] [bmv2] [T] [thread 4141] [11.0] [cxt 0] Skipping checksum 'cksum' update because condition not met
[13:16:58.528] [bmv2] [D] [thread 4141] [11.0] [cxt 0] Deparsing header 'ethernet'
[13:16:58.528] [bmv2] [D] [thread 4141] [11.0] [cxt 0] Deparser 'deparser': end
[13:16:58.529] [bmv2] [D] [thread 4145] [11.0] [cxt 0] Transmitting packet of size 199 out of port 0
[13:16:58.572] [bmv2] [D] [thread 4140] [12.0] [cxt 0] Processing packet received on port 2
[13:16:58.572] [bmv2] [D] [thread 4140] [12.0] [cxt 0] Parser 'parser': start
[13:16:58.572] [bmv2] [D] [thread 4140] [12.0] [cxt 0] Parser 'parser' entering state 'start'
[13:16:58.572] [bmv2] [D] [thread 4140] [12.0] [cxt 0] Extracting header 'ethernet'
[13:16:58.572] [bmv2] [D] [thread 4140] [12.0] [cxt 0] Parser state 'start': key is 86dd
[13:16:58.572] [bmv2] [T] [thread 4140] [12.0] [cxt 0] Bytes parsed: 14
[13:16:58.572] [bmv2] [D] [thread 4140] [12.0] [cxt 0] Parser 'parser': end
[13:16:58.572] [bmv2] [D] [thread 4140] [12.0] [cxt 0] Pipeline 'ingress': start
[13:16:58.572] [bmv2] [T] [thread 4140] [12.0] [cxt 0] basic.p4(115) Condition "hdr.ipv4.isValid()" (node_2) is false
[13:16:58.572] [bmv2] [D] [thread 4140] [12.0] [cxt 0] Pipeline 'ingress': end
[13:16:58.572] [bmv2] [D] [thread 4140] [12.0] [cxt 0] Egress port is 0
[13:16:58.572] [bmv2] [D] [thread 4141] [12.0] [cxt 0] Pipeline 'egress': start
[13:16:58.572] [bmv2] [D] [thread 4141] [12.0] [cxt 0] Pipeline 'egress': end
[13:16:58.572] [bmv2] [D] [thread 4141] [12.0] [cxt 0] Deparser 'deparser': start
[13:16:58.572] [bmv2] [T] [thread 4141] [12.0] [cxt 0] Skipping checksum 'cksum' update because condition not met
[13:16:58.572] [bmv2] [D] [thread 4141] [12.0] [cxt 0] Deparsing header 'ethernet'
[13:16:58.572] [bmv2] [D] [thread 4141] [12.0] [cxt 0] Deparser 'deparser': end
[13:16:58.572] [bmv2] [D] [thread 4145] [12.0] [cxt 0] Transmitting packet of size 107 out of port 0
[13:16:58.713] [bmv2] [D] [thread 4140] [13.0] [cxt 0] Processing packet received on port 1
[13:16:58.713] [bmv2] [D] [thread 4140] [13.0] [cxt 0] Parser 'parser': start
[13:16:58.713] [bmv2] [D] [thread 4140] [13.0] [cxt 0] Parser 'parser' entering state 'start'
[13:16:58.713] [bmv2] [D] [thread 4140] [13.0] [cxt 0] Extracting header 'ethernet'
[13:16:58.713] [bmv2] [D] [thread 4140] [13.0] [cxt 0] Parser state 'start': key is 86dd
[13:16:58.713] [bmv2] [T] [thread 4140] [13.0] [cxt 0] Bytes parsed: 14
[13:16:58.713] [bmv2] [D] [thread 4140] [13.0] [cxt 0] Parser 'parser': end
[13:16:58.713] [bmv2] [D] [thread 4140] [13.0] [cxt 0] Pipeline 'ingress': start
[13:16:58.713] [bmv2] [T] [thread 4140] [13.0] [cxt 0] basic.p4(115) Condition "hdr.ipv4.isValid()" (node_2) is false
[13:16:58.713] [bmv2] [D] [thread 4140] [13.0] [cxt 0] Pipeline 'ingress': end
[13:16:58.713] [bmv2] [D] [thread 4140] [13.0] [cxt 0] Egress port is 0
[13:16:58.713] [bmv2] [D] [thread 4141] [13.0] [cxt 0] Pipeline 'egress': start
[13:16:58.713] [bmv2] [D] [thread 4141] [13.0] [cxt 0] Pipeline 'egress': end
[13:16:58.713] [bmv2] [D] [thread 4141] [13.0] [cxt 0] Deparser 'deparser': start
[13:16:58.713] [bmv2] [T] [thread 4141] [13.0] [cxt 0] Skipping checksum 'cksum' update because condition not met
[13:16:58.713] [bmv2] [D] [thread 4141] [13.0] [cxt 0] Deparsing header 'ethernet'
[13:16:58.713] [bmv2] [D] [thread 4141] [13.0] [cxt 0] Deparser 'deparser': end
[13:16:58.713] [bmv2] [D] [thread 4145] [13.0] [cxt 0] Transmitting packet of size 211 out of port 0
[13:16:58.751] [bmv2] [D] [thread 4140] [14.0] [cxt 0] Processing packet received on port 1
[13:16:58.751] [bmv2] [D] [thread 4140] [14.0] [cxt 0] Parser 'parser': start
[13:16:58.751] [bmv2] [D] [thread 4140] [14.0] [cxt 0] Parser 'parser' entering state 'start'
[13:16:58.751] [bmv2] [D] [thread 4140] [14.0] [cxt 0] Extracting header 'ethernet'
[13:16:58.751] [bmv2] [D] [thread 4140] [14.0] [cxt 0] Parser state 'start': key is 86dd
[13:16:58.751] [bmv2] [T] [thread 4140] [14.0] [cxt 0] Bytes parsed: 14
[13:16:58.751] [bmv2] [D] [thread 4140] [14.0] [cxt 0] Parser 'parser': end
[13:16:58.751] [bmv2] [D] [thread 4140] [14.0] [cxt 0] Pipeline 'ingress': start
[13:16:58.751] [bmv2] [T] [thread 4140] [14.0] [cxt 0] basic.p4(115) Condition "hdr.ipv4.isValid()" (node_2) is false
[13:16:58.751] [bmv2] [D] [thread 4140] [14.0] [cxt 0] Pipeline 'ingress': end
[13:16:58.751] [bmv2] [D] [thread 4140] [14.0] [cxt 0] Egress port is 0
[13:16:58.751] [bmv2] [D] [thread 4141] [14.0] [cxt 0] Pipeline 'egress': start
[13:16:58.751] [bmv2] [D] [thread 4141] [14.0] [cxt 0] Pipeline 'egress': end
[13:16:58.751] [bmv2] [D] [thread 4141] [14.0] [cxt 0] Deparser 'deparser': start
[13:16:58.751] [bmv2] [T] [thread 4141] [14.0] [cxt 0] Skipping checksum 'cksum' update because condition not met
[13:16:58.751] [bmv2] [D] [thread 4141] [14.0] [cxt 0] Deparsing header 'ethernet'
[13:16:58.751] [bmv2] [D] [thread 4141] [14.0] [cxt 0] Deparser 'deparser': end
[13:16:58.751] [bmv2] [D] [thread 4145] [14.0] [cxt 0] Transmitting packet of size 90 out of port 0
[13:16:58.829] [bmv2] [D] [thread 4140] [15.0] [cxt 0] Processing packet received on port 1
[13:16:58.829] [bmv2] [D] [thread 4140] [15.0] [cxt 0] Parser 'parser': start
[13:16:58.829] [bmv2] [D] [thread 4140] [15.0] [cxt 0] Parser 'parser' entering state 'start'
[13:16:58.829] [bmv2] [D] [thread 4140] [15.0] [cxt 0] Extracting header 'ethernet'
[13:16:58.829] [bmv2] [D] [thread 4140] [15.0] [cxt 0] Parser state 'start': key is 86dd
[13:16:58.829] [bmv2] [T] [thread 4140] [15.0] [cxt 0] Bytes parsed: 14
[13:16:58.829] [bmv2] [D] [thread 4140] [15.0] [cxt 0] Parser 'parser': end
[13:16:58.829] [bmv2] [D] [thread 4140] [15.0] [cxt 0] Pipeline 'ingress': start
[13:16:58.829] [bmv2] [T] [thread 4140] [15.0] [cxt 0] basic.p4(115) Condition "hdr.ipv4.isValid()" (node_2) is false
[13:16:58.829] [bmv2] [D] [thread 4140] [15.0] [cxt 0] Pipeline 'ingress': end
[13:16:58.829] [bmv2] [D] [thread 4140] [15.0] [cxt 0] Egress port is 0
[13:16:58.829] [bmv2] [D] [thread 4141] [15.0] [cxt 0] Pipeline 'egress': start
[13:16:58.829] [bmv2] [D] [thread 4141] [15.0] [cxt 0] Pipeline 'egress': end
[13:16:58.829] [bmv2] [D] [thread 4141] [15.0] [cxt 0] Deparser 'deparser': start
[13:16:58.829] [bmv2] [T] [thread 4141] [15.0] [cxt 0] Skipping checksum 'cksum' update because condition not met
[13:16:58.829] [bmv2] [D] [thread 4141] [15.0] [cxt 0] Deparsing header 'ethernet'
[13:16:58.829] [bmv2] [D] [thread 4141] [15.0] [cxt 0] Deparser 'deparser': end
[13:16:58.829] [bmv2] [D] [thread 4145] [15.0] [cxt 0] Transmitting packet of size 107 out of port 0
[13:16:58.913] [bmv2] [D] [thread 4140] [16.0] [cxt 0] Processing packet received on port 1
[13:16:58.913] [bmv2] [D] [thread 4140] [16.0] [cxt 0] Parser 'parser': start
[13:16:58.913] [bmv2] [D] [thread 4140] [16.0] [cxt 0] Parser 'parser' entering state 'start'
[13:16:58.913] [bmv2] [D] [thread 4140] [16.0] [cxt 0] Extracting header 'ethernet'
[13:16:58.913] [bmv2] [D] [thread 4140] [16.0] [cxt 0] Parser state 'start': key is 86dd
[13:16:58.913] [bmv2] [T] [thread 4140] [16.0] [cxt 0] Bytes parsed: 14
[13:16:58.913] [bmv2] [D] [thread 4140] [16.0] [cxt 0] Parser 'parser': end
[13:16:58.913] [bmv2] [D] [thread 4140] [16.0] [cxt 0] Pipeline 'ingress': start
[13:16:58.913] [bmv2] [T] [thread 4140] [16.0] [cxt 0] basic.p4(115) Condition "hdr.ipv4.isValid()" (node_2) is false
[13:16:58.913] [bmv2] [D] [thread 4140] [16.0] [cxt 0] Pipeline 'ingress': end
[13:16:58.913] [bmv2] [D] [thread 4140] [16.0] [cxt 0] Egress port is 0
[13:16:58.913] [bmv2] [D] [thread 4141] [16.0] [cxt 0] Pipeline 'egress': start
[13:16:58.913] [bmv2] [D] [thread 4141] [16.0] [cxt 0] Pipeline 'egress': end
[13:16:58.913] [bmv2] [D] [thread 4141] [16.0] [cxt 0] Deparser 'deparser': start
[13:16:58.913] [bmv2] [T] [thread 4141] [16.0] [cxt 0] Skipping checksum 'cksum' update because condition not met
[13:16:58.913] [bmv2] [D] [thread 4141] [16.0] [cxt 0] Deparsing header 'ethernet'
[13:16:58.913] [bmv2] [D] [thread 4141] [16.0] [cxt 0] Deparser 'deparser': end
[13:16:58.913] [bmv2] [D] [thread 4145] [16.0] [cxt 0] Transmitting packet of size 199 out of port 0
[13:16:59.007] [bmv2] [D] [thread 4140] [17.0] [cxt 0] Processing packet received on port 1
[13:16:59.007] [bmv2] [D] [thread 4140] [17.0] [cxt 0] Parser 'parser': start
[13:16:59.007] [bmv2] [D] [thread 4140] [17.0] [cxt 0] Parser 'parser' entering state 'start'
[13:16:59.007] [bmv2] [D] [thread 4140] [17.0] [cxt 0] Extracting header 'ethernet'
[13:16:59.007] [bmv2] [D] [thread 4140] [17.0] [cxt 0] Parser state 'start': key is 86dd
[13:16:59.007] [bmv2] [T] [thread 4140] [17.0] [cxt 0] Bytes parsed: 14
[13:16:59.007] [bmv2] [D] [thread 4140] [17.0] [cxt 0] Parser 'parser': end
[13:16:59.007] [bmv2] [D] [thread 4140] [17.0] [cxt 0] Pipeline 'ingress': start
[13:16:59.007] [bmv2] [T] [thread 4140] [17.0] [cxt 0] basic.p4(115) Condition "hdr.ipv4.isValid()" (node_2) is false
[13:16:59.007] [bmv2] [D] [thread 4140] [17.0] [cxt 0] Pipeline 'ingress': end
[13:16:59.007] [bmv2] [D] [thread 4140] [17.0] [cxt 0] Egress port is 0
[13:16:59.007] [bmv2] [D] [thread 4141] [17.0] [cxt 0] Pipeline 'egress': start
[13:16:59.007] [bmv2] [D] [thread 4141] [17.0] [cxt 0] Pipeline 'egress': end
[13:16:59.007] [bmv2] [D] [thread 4141] [17.0] [cxt 0] Deparser 'deparser': start
[13:16:59.007] [bmv2] [T] [thread 4141] [17.0] [cxt 0] Skipping checksum 'cksum' update because condition not met
[13:16:59.007] [bmv2] [D] [thread 4141] [17.0] [cxt 0] Deparsing header 'ethernet'
[13:16:59.007] [bmv2] [D] [thread 4141] [17.0] [cxt 0] Deparser 'deparser': end
[13:16:59.007] [bmv2] [D] [thread 4145] [17.0] [cxt 0] Transmitting packet of size 110 out of port 0
[13:16:59.213] [bmv2] [D] [thread 4140] [18.0] [cxt 0] Processing packet received on port 1
[13:16:59.213] [bmv2] [D] [thread 4140] [18.0] [cxt 0] Parser 'parser': start
[13:16:59.213] [bmv2] [D] [thread 4140] [18.0] [cxt 0] Parser 'parser' entering state 'start'
[13:16:59.213] [bmv2] [D] [thread 4140] [18.0] [cxt 0] Extracting header 'ethernet'
[13:16:59.213] [bmv2] [D] [thread 4140] [18.0] [cxt 0] Parser state 'start': key is 86dd
[13:16:59.213] [bmv2] [T] [thread 4140] [18.0] [cxt 0] Bytes parsed: 14
[13:16:59.213] [bmv2] [D] [thread 4140] [18.0] [cxt 0] Parser 'parser': end
[13:16:59.213] [bmv2] [D] [thread 4140] [18.0] [cxt 0] Pipeline 'ingress': start
[13:16:59.213] [bmv2] [T] [thread 4140] [18.0] [cxt 0] basic.p4(115) Condition "hdr.ipv4.isValid()" (node_2) is false
[13:16:59.213] [bmv2] [D] [thread 4140] [18.0] [cxt 0] Pipeline 'ingress': end
[13:16:59.213] [bmv2] [D] [thread 4140] [18.0] [cxt 0] Egress port is 0
[13:16:59.213] [bmv2] [D] [thread 4141] [18.0] [cxt 0] Pipeline 'egress': start
[13:16:59.213] [bmv2] [D] [thread 4141] [18.0] [cxt 0] Pipeline 'egress': end
[13:16:59.213] [bmv2] [D] [thread 4141] [18.0] [cxt 0] Deparser 'deparser': start
[13:16:59.213] [bmv2] [T] [thread 4141] [18.0] [cxt 0] Skipping checksum 'cksum' update because condition not met
[13:16:59.213] [bmv2] [D] [thread 4141] [18.0] [cxt 0] Deparsing header 'ethernet'
[13:16:59.213] [bmv2] [D] [thread 4141] [18.0] [cxt 0] Deparser 'deparser': end
[13:16:59.213] [bmv2] [D] [thread 4145] [18.0] [cxt 0] Transmitting packet of size 107 out of port 0
[13:16:59.321] [bmv2] [D] [thread 4140] [19.0] [cxt 0] Processing packet received on port 2
[13:16:59.321] [bmv2] [D] [thread 4140] [19.0] [cxt 0] Parser 'parser': start
[13:16:59.321] [bmv2] [D] [thread 4140] [19.0] [cxt 0] Parser 'parser' entering state 'start'
[13:16:59.321] [bmv2] [D] [thread 4140] [19.0] [cxt 0] Extracting header 'ethernet'
[13:16:59.321] [bmv2] [D] [thread 4140] [19.0] [cxt 0] Parser state 'start': key is 86dd
[13:16:59.321] [bmv2] [T] [thread 4140] [19.0] [cxt 0] Bytes parsed: 14
[13:16:59.321] [bmv2] [D] [thread 4140] [19.0] [cxt 0] Parser 'parser': end
[13:16:59.321] [bmv2] [D] [thread 4140] [19.0] [cxt 0] Pipeline 'ingress': start
[13:16:59.321] [bmv2] [T] [thread 4140] [19.0] [cxt 0] basic.p4(115) Condition "hdr.ipv4.isValid()" (node_2) is false
[13:16:59.321] [bmv2] [D] [thread 4140] [19.0] [cxt 0] Pipeline 'ingress': end
[13:16:59.321] [bmv2] [D] [thread 4140] [19.0] [cxt 0] Egress port is 0
[13:16:59.321] [bmv2] [D] [thread 4141] [19.0] [cxt 0] Pipeline 'egress': start
[13:16:59.321] [bmv2] [D] [thread 4141] [19.0] [cxt 0] Pipeline 'egress': end
[13:16:59.321] [bmv2] [D] [thread 4141] [19.0] [cxt 0] Deparser 'deparser': start
[13:16:59.321] [bmv2] [T] [thread 4141] [19.0] [cxt 0] Skipping checksum 'cksum' update because condition not met
[13:16:59.321] [bmv2] [D] [thread 4141] [19.0] [cxt 0] Deparsing header 'ethernet'
[13:16:59.321] [bmv2] [D] [thread 4141] [19.0] [cxt 0] Deparser 'deparser': end
[13:16:59.321] [bmv2] [D] [thread 4145] [19.0] [cxt 0] Transmitting packet of size 199 out of port 0
[13:16:59.450] [bmv2] [D] [thread 4140] [20.0] [cxt 0] Processing packet received on port 2
[13:16:59.450] [bmv2] [D] [thread 4140] [20.0] [cxt 0] Parser 'parser': start
[13:16:59.450] [bmv2] [D] [thread 4140] [20.0] [cxt 0] Parser 'parser' entering state 'start'
[13:16:59.450] [bmv2] [D] [thread 4140] [20.0] [cxt 0] Extracting header 'ethernet'
[13:16:59.450] [bmv2] [D] [thread 4140] [20.0] [cxt 0] Parser state 'start': key is 86dd
[13:16:59.450] [bmv2] [T] [thread 4140] [20.0] [cxt 0] Bytes parsed: 14
[13:16:59.450] [bmv2] [D] [thread 4140] [20.0] [cxt 0] Parser 'parser': end
[13:16:59.450] [bmv2] [D] [thread 4140] [20.0] [cxt 0] Pipeline 'ingress': start
[13:16:59.450] [bmv2] [T] [thread 4140] [20.0] [cxt 0] basic.p4(115) Condition "hdr.ipv4.isValid()" (node_2) is false
[13:16:59.450] [bmv2] [D] [thread 4140] [20.0] [cxt 0] Pipeline 'ingress': end
[13:16:59.450] [bmv2] [D] [thread 4140] [20.0] [cxt 0] Egress port is 0
[13:16:59.450] [bmv2] [D] [thread 4141] [20.0] [cxt 0] Pipeline 'egress': start
[13:16:59.450] [bmv2] [D] [thread 4141] [20.0] [cxt 0] Pipeline 'egress': end
[13:16:59.450] [bmv2] [D] [thread 4141] [20.0] [cxt 0] Deparser 'deparser': start
[13:16:59.450] [bmv2] [T] [thread 4141] [20.0] [cxt 0] Skipping checksum 'cksum' update because condition not met
[13:16:59.450] [bmv2] [D] [thread 4141] [20.0] [cxt 0] Deparsing header 'ethernet'
[13:16:59.450] [bmv2] [D] [thread 4141] [20.0] [cxt 0] Deparser 'deparser': end
[13:16:59.450] [bmv2] [D] [thread 4145] [20.0] [cxt 0] Transmitting packet of size 199 out of port 0
[13:16:59.577] [bmv2] [D] [thread 4140] [21.0] [cxt 0] Processing packet received on port 1
[13:16:59.577] [bmv2] [D] [thread 4140] [21.0] [cxt 0] Parser 'parser': start
[13:16:59.577] [bmv2] [D] [thread 4140] [21.0] [cxt 0] Parser 'parser' entering state 'start'
[13:16:59.577] [bmv2] [D] [thread 4140] [21.0] [cxt 0] Extracting header 'ethernet'
[13:16:59.577] [bmv2] [D] [thread 4140] [21.0] [cxt 0] Parser state 'start': key is 86dd
[13:16:59.577] [bmv2] [T] [thread 4140] [21.0] [cxt 0] Bytes parsed: 14
[13:16:59.577] [bmv2] [D] [thread 4140] [21.0] [cxt 0] Parser 'parser': end
[13:16:59.577] [bmv2] [D] [thread 4140] [21.0] [cxt 0] Pipeline 'ingress': start
[13:16:59.577] [bmv2] [T] [thread 4140] [21.0] [cxt 0] basic.p4(115) Condition "hdr.ipv4.isValid()" (node_2) is false
[13:16:59.577] [bmv2] [D] [thread 4140] [21.0] [cxt 0] Pipeline 'ingress': end
[13:16:59.577] [bmv2] [D] [thread 4140] [21.0] [cxt 0] Egress port is 0
[13:16:59.577] [bmv2] [D] [thread 4141] [21.0] [cxt 0] Pipeline 'egress': start
[13:16:59.577] [bmv2] [D] [thread 4141] [21.0] [cxt 0] Pipeline 'egress': end
[13:16:59.577] [bmv2] [D] [thread 4141] [21.0] [cxt 0] Deparser 'deparser': start
[13:16:59.577] [bmv2] [T] [thread 4141] [21.0] [cxt 0] Skipping checksum 'cksum' update because condition not met
[13:16:59.577] [bmv2] [D] [thread 4141] [21.0] [cxt 0] Deparsing header 'ethernet'
[13:16:59.577] [bmv2] [D] [thread 4141] [21.0] [cxt 0] Deparser 'deparser': end
[13:16:59.577] [bmv2] [D] [thread 4145] [21.0] [cxt 0] Transmitting packet of size 199 out of port 0
[13:16:59.698] [bmv2] [W] [thread 4194] [P4Runtime] p4::tmp::P4DeviceConfig is deprecated
[13:16:59.699] [bmv2] [D] [thread 4194] Set default default entry for table 'MyIngress.ipv4_lpm': MyIngress.drop - 
[13:16:59.700] [bmv2] [D] [thread 4194] simple_switch target has been notified of a config swap
[13:16:59.702] [bmv2] [D] [thread 4194] Set default entry for table 'MyIngress.ipv4_lpm': MyIngress.drop - 
[13:16:59.703] [bmv2] [D] [thread 4195] Entry 0 added to table 'MyIngress.ipv4_lpm'
[13:16:59.703] [bmv2] [D] [thread 4195] Dumping entry 0
Match key:
* hdr.ipv4.dstAddr    : LPM       0a000101/32
Action entry: MyIngress.ipv4_forward - 80000000100,2,

[13:16:59.705] [bmv2] [D] [thread 4194] Entry 1 added to table 'MyIngress.ipv4_lpm'
[13:16:59.705] [bmv2] [D] [thread 4194] Dumping entry 1
Match key:
* hdr.ipv4.dstAddr    : LPM       0a000202/32
Action entry: MyIngress.ipv4_forward - 80000000100,2,

[13:16:59.707] [bmv2] [D] [thread 4195] Entry 2 added to table 'MyIngress.ipv4_lpm'
[13:16:59.707] [bmv2] [D] [thread 4195] Dumping entry 2
Match key:
* hdr.ipv4.dstAddr    : LPM       0a000303/32
Action entry: MyIngress.ipv4_forward - 80000000200,1,

[13:16:59.708] [bmv2] [D] [thread 4194] Entry 3 added to table 'MyIngress.ipv4_lpm'
[13:16:59.708] [bmv2] [D] [thread 4194] Dumping entry 3
Match key:
* hdr.ipv4.dstAddr    : LPM       0a000404/32
Action entry: MyIngress.ipv4_forward - 80000000200,1,

[13:16:59.963] [bmv2] [D] [thread 4140] [22.0] [cxt 0] Processing packet received on port 1
[13:16:59.963] [bmv2] [D] [thread 4140] [22.0] [cxt 0] Parser 'parser': start
[13:16:59.963] [bmv2] [D] [thread 4140] [22.0] [cxt 0] Parser 'parser' entering state 'start'
[13:16:59.963] [bmv2] [D] [thread 4140] [22.0] [cxt 0] Extracting header 'ethernet'
[13:16:59.963] [bmv2] [D] [thread 4140] [22.0] [cxt 0] Parser state 'start': key is 86dd
[13:16:59.963] [bmv2] [T] [thread 4140] [22.0] [cxt 0] Bytes parsed: 14
[13:16:59.963] [bmv2] [D] [thread 4140] [22.0] [cxt 0] Parser 'parser': end
[13:16:59.963] [bmv2] [D] [thread 4140] [22.0] [cxt 0] Pipeline 'ingress': start
[13:16:59.963] [bmv2] [T] [thread 4140] [22.0] [cxt 0] basic.p4(115) Condition "hdr.ipv4.isValid()" (node_2) is false
[13:16:59.963] [bmv2] [D] [thread 4140] [22.0] [cxt 0] Pipeline 'ingress': end
[13:16:59.963] [bmv2] [D] [thread 4140] [22.0] [cxt 0] Egress port is 0
[13:16:59.963] [bmv2] [D] [thread 4141] [22.0] [cxt 0] Pipeline 'egress': start
[13:16:59.963] [bmv2] [D] [thread 4141] [22.0] [cxt 0] Pipeline 'egress': end
[13:16:59.963] [bmv2] [D] [thread 4141] [22.0] [cxt 0] Deparser 'deparser': start
[13:16:59.963] [bmv2] [T] [thread 4141] [22.0] [cxt 0] Skipping checksum 'cksum' update because condition not met
[13:16:59.963] [bmv2] [D] [thread 4141] [22.0] [cxt 0] Deparsing header 'ethernet'
[13:16:59.963] [bmv2] [D] [thread 4141] [22.0] [cxt 0] Deparser 'deparser': end
[13:16:59.963] [bmv2] [D] [thread 4145] [22.0] [cxt 0] Transmitting packet of size 199 out of port 0
[13:17:00.572] [bmv2] [D] [thread 4140] [23.0] [cxt 0] Processing packet received on port 2
[13:17:00.572] [bmv2] [D] [thread 4140] [23.0] [cxt 0] Parser 'parser': start
[13:17:00.572] [bmv2] [D] [thread 4140] [23.0] [cxt 0] Parser 'parser' entering state 'start'
[13:17:00.572] [bmv2] [D] [thread 4140] [23.0] [cxt 0] Extracting header 'ethernet'
[13:17:00.572] [bmv2] [D] [thread 4140] [23.0] [cxt 0] Parser state 'start': key is 86dd
[13:17:00.572] [bmv2] [T] [thread 4140] [23.0] [cxt 0] Bytes parsed: 14
[13:17:00.572] [bmv2] [D] [thread 4140] [23.0] [cxt 0] Parser 'parser': end
[13:17:00.572] [bmv2] [D] [thread 4140] [23.0] [cxt 0] Pipeline 'ingress': start
[13:17:00.572] [bmv2] [T] [thread 4140] [23.0] [cxt 0] basic.p4(115) Condition "hdr.ipv4.isValid()" (node_2) is false
[13:17:00.572] [bmv2] [D] [thread 4140] [23.0] [cxt 0] Pipeline 'ingress': end
[13:17:00.572] [bmv2] [D] [thread 4140] [23.0] [cxt 0] Egress port is 0
[13:17:00.573] [bmv2] [D] [thread 4141] [23.0] [cxt 0] Pipeline 'egress': start
[13:17:00.573] [bmv2] [D] [thread 4141] [23.0] [cxt 0] Pipeline 'egress': end
[13:17:00.573] [bmv2] [D] [thread 4141] [23.0] [cxt 0] Deparser 'deparser': start
[13:17:00.573] [bmv2] [T] [thread 4141] [23.0] [cxt 0] Skipping checksum 'cksum' update because condition not met
[13:17:00.573] [bmv2] [D] [thread 4141] [23.0] [cxt 0] Deparsing header 'ethernet'
[13:17:00.573] [bmv2] [D] [thread 4141] [23.0] [cxt 0] Deparser 'deparser': end
[13:17:00.573] [bmv2] [D] [thread 4145] [23.0] [cxt 0] Transmitting packet of size 107 out of port 0
[13:17:00.831] [bmv2] [D] [thread 4140] [24.0] [cxt 0] Processing packet received on port 1
[13:17:00.831] [bmv2] [D] [thread 4140] [24.0] [cxt 0] Parser 'parser': start
[13:17:00.831] [bmv2] [D] [thread 4140] [24.0] [cxt 0] Parser 'parser' entering state 'start'
[13:17:00.831] [bmv2] [D] [thread 4140] [24.0] [cxt 0] Extracting header 'ethernet'
[13:17:00.831] [bmv2] [D] [thread 4140] [24.0] [cxt 0] Parser state 'start': key is 86dd
[13:17:00.831] [bmv2] [T] [thread 4140] [24.0] [cxt 0] Bytes parsed: 14
[13:17:00.831] [bmv2] [D] [thread 4140] [24.0] [cxt 0] Parser 'parser': end
[13:17:00.831] [bmv2] [D] [thread 4140] [24.0] [cxt 0] Pipeline 'ingress': start
[13:17:00.831] [bmv2] [T] [thread 4140] [24.0] [cxt 0] basic.p4(115) Condition "hdr.ipv4.isValid()" (node_2) is false
[13:17:00.831] [bmv2] [D] [thread 4140] [24.0] [cxt 0] Pipeline 'ingress': end
[13:17:00.831] [bmv2] [D] [thread 4140] [24.0] [cxt 0] Egress port is 0
[13:17:00.831] [bmv2] [D] [thread 4141] [24.0] [cxt 0] Pipeline 'egress': start
[13:17:00.831] [bmv2] [D] [thread 4141] [24.0] [cxt 0] Pipeline 'egress': end
[13:17:00.831] [bmv2] [D] [thread 4141] [24.0] [cxt 0] Deparser 'deparser': start
[13:17:00.831] [bmv2] [T] [thread 4141] [24.0] [cxt 0] Skipping checksum 'cksum' update because condition not met
[13:17:00.831] [bmv2] [D] [thread 4141] [24.0] [cxt 0] Deparsing header 'ethernet'
[13:17:00.831] [bmv2] [D] [thread 4141] [24.0] [cxt 0] Deparser 'deparser': end
[13:17:00.831] [bmv2] [D] [thread 4145] [24.0] [cxt 0] Transmitting packet of size 107 out of port 0
[13:17:01.214] [bmv2] [D] [thread 4140] [25.0] [cxt 0] Processing packet received on port 1
[13:17:01.214] [bmv2] [D] [thread 4140] [25.0] [cxt 0] Parser 'parser': start
[13:17:01.214] [bmv2] [D] [thread 4140] [25.0] [cxt 0] Parser 'parser' entering state 'start'
[13:17:01.214] [bmv2] [D] [thread 4140] [25.0] [cxt 0] Extracting header 'ethernet'
[13:17:01.214] [bmv2] [D] [thread 4140] [25.0] [cxt 0] Parser state 'start': key is 86dd
[13:17:01.214] [bmv2] [T] [thread 4140] [25.0] [cxt 0] Bytes parsed: 14
[13:17:01.214] [bmv2] [D] [thread 4140] [25.0] [cxt 0] Parser 'parser': end
[13:17:01.214] [bmv2] [D] [thread 4140] [25.0] [cxt 0] Pipeline 'ingress': start
[13:17:01.214] [bmv2] [T] [thread 4140] [25.0] [cxt 0] basic.p4(115) Condition "hdr.ipv4.isValid()" (node_2) is false
[13:17:01.214] [bmv2] [D] [thread 4140] [25.0] [cxt 0] Pipeline 'ingress': end
[13:17:01.214] [bmv2] [D] [thread 4140] [25.0] [cxt 0] Egress port is 0
[13:17:01.214] [bmv2] [D] [thread 4141] [25.0] [cxt 0] Pipeline 'egress': start
[13:17:01.214] [bmv2] [D] [thread 4141] [25.0] [cxt 0] Pipeline 'egress': end
[13:17:01.214] [bmv2] [D] [thread 4141] [25.0] [cxt 0] Deparser 'deparser': start
[13:17:01.214] [bmv2] [T] [thread 4141] [25.0] [cxt 0] Skipping checksum 'cksum' update because condition not met
[13:17:01.214] [bmv2] [D] [thread 4141] [25.0] [cxt 0] Deparsing header 'ethernet'
[13:17:01.214] [bmv2] [D] [thread 4141] [25.0] [cxt 0] Deparser 'deparser': end
[13:17:01.214] [bmv2] [D] [thread 4145] [25.0] [cxt 0] Transmitting packet of size 107 out of port 0
[13:17:01.370] [bmv2] [D] [thread 4140] [26.0] [cxt 0] Processing packet received on port 2
[13:17:01.370] [bmv2] [D] [thread 4140] [26.0] [cxt 0] Parser 'parser': start
[13:17:01.370] [bmv2] [D] [thread 4140] [26.0] [cxt 0] Parser 'parser' entering state 'start'
[13:17:01.370] [bmv2] [D] [thread 4140] [26.0] [cxt 0] Extracting header 'ethernet'
[13:17:01.370] [bmv2] [D] [thread 4140] [26.0] [cxt 0] Parser state 'start': key is 86dd
[13:17:01.370] [bmv2] [T] [thread 4140] [26.0] [cxt 0] Bytes parsed: 14
[13:17:01.370] [bmv2] [D] [thread 4140] [26.0] [cxt 0] Parser 'parser': end
[13:17:01.370] [bmv2] [D] [thread 4140] [26.0] [cxt 0] Pipeline 'ingress': start
[13:17:01.370] [bmv2] [T] [thread 4140] [26.0] [cxt 0] basic.p4(115) Condition "hdr.ipv4.isValid()" (node_2) is false
[13:17:01.370] [bmv2] [D] [thread 4140] [26.0] [cxt 0] Pipeline 'ingress': end
[13:17:01.370] [bmv2] [D] [thread 4140] [26.0] [cxt 0] Egress port is 0
[13:17:01.370] [bmv2] [D] [thread 4141] [26.0] [cxt 0] Pipeline 'egress': start
[13:17:01.370] [bmv2] [D] [thread 4141] [26.0] [cxt 0] Pipeline 'egress': end
[13:17:01.370] [bmv2] [D] [thread 4141] [26.0] [cxt 0] Deparser 'deparser': start
[13:17:01.370] [bmv2] [T] [thread 4141] [26.0] [cxt 0] Skipping checksum 'cksum' update because condition not met
[13:17:01.370] [bmv2] [D] [thread 4141] [26.0] [cxt 0] Deparsing header 'ethernet'
[13:17:01.370] [bmv2] [D] [thread 4141] [26.0] [cxt 0] Deparser 'deparser': end
[13:17:01.370] [bmv2] [D] [thread 4145] [26.0] [cxt 0] Transmitting packet of size 199 out of port 0
[13:17:01.375] [bmv2] [D] [thread 4140] [27.0] [cxt 0] Processing packet received on port 1
[13:17:01.375] [bmv2] [D] [thread 4140] [27.0] [cxt 0] Parser 'parser': start
[13:17:01.375] [bmv2] [D] [thread 4140] [27.0] [cxt 0] Parser 'parser' entering state 'start'
[13:17:01.375] [bmv2] [D] [thread 4140] [27.0] [cxt 0] Extracting header 'ethernet'
[13:17:01.375] [bmv2] [D] [thread 4140] [27.0] [cxt 0] Parser state 'start': key is 86dd
[13:17:01.375] [bmv2] [T] [thread 4140] [27.0] [cxt 0] Bytes parsed: 14
[13:17:01.375] [bmv2] [D] [thread 4140] [27.0] [cxt 0] Parser 'parser': end
[13:17:01.375] [bmv2] [D] [thread 4140] [27.0] [cxt 0] Pipeline 'ingress': start
[13:17:01.375] [bmv2] [T] [thread 4140] [27.0] [cxt 0] basic.p4(115) Condition "hdr.ipv4.isValid()" (node_2) is false
[13:17:01.375] [bmv2] [D] [thread 4140] [27.0] [cxt 0] Pipeline 'ingress': end
[13:17:01.375] [bmv2] [D] [thread 4140] [27.0] [cxt 0] Egress port is 0
[13:17:01.375] [bmv2] [D] [thread 4141] [27.0] [cxt 0] Pipeline 'egress': start
[13:17:01.375] [bmv2] [D] [thread 4141] [27.0] [cxt 0] Pipeline 'egress': end
[13:17:01.375] [bmv2] [D] [thread 4141] [27.0] [cxt 0] Deparser 'deparser': start
[13:17:01.375] [bmv2] [T] [thread 4141] [27.0] [cxt 0] Skipping checksum 'cksum' update because condition not met
[13:17:01.375] [bmv2] [D] [thread 4141] [27.0] [cxt 0] Deparsing header 'ethernet'
[13:17:01.375] [bmv2] [D] [thread 4141] [27.0] [cxt 0] Deparser 'deparser': end
[13:17:01.375] [bmv2] [D] [thread 4145] [27.0] [cxt 0] Transmitting packet of size 70 out of port 0
[13:17:01.499] [bmv2] [D] [thread 4140] [28.0] [cxt 0] Processing packet received on port 2
[13:17:01.499] [bmv2] [D] [thread 4140] [28.0] [cxt 0] Parser 'parser': start
[13:17:01.499] [bmv2] [D] [thread 4140] [28.0] [cxt 0] Parser 'parser' entering state 'start'
[13:17:01.499] [bmv2] [D] [thread 4140] [28.0] [cxt 0] Extracting header 'ethernet'
[13:17:01.499] [bmv2] [D] [thread 4140] [28.0] [cxt 0] Parser state 'start': key is 86dd
[13:17:01.499] [bmv2] [T] [thread 4140] [28.0] [cxt 0] Bytes parsed: 14
[13:17:01.499] [bmv2] [D] [thread 4140] [28.0] [cxt 0] Parser 'parser': end
[13:17:01.499] [bmv2] [D] [thread 4140] [28.0] [cxt 0] Pipeline 'ingress': start
[13:17:01.499] [bmv2] [T] [thread 4140] [28.0] [cxt 0] basic.p4(115) Condition "hdr.ipv4.isValid()" (node_2) is false
[13:17:01.499] [bmv2] [D] [thread 4140] [28.0] [cxt 0] Pipeline 'ingress': end
[13:17:01.499] [bmv2] [D] [thread 4140] [28.0] [cxt 0] Egress port is 0
[13:17:01.499] [bmv2] [D] [thread 4141] [28.0] [cxt 0] Pipeline 'egress': start
[13:17:01.499] [bmv2] [D] [thread 4141] [28.0] [cxt 0] Pipeline 'egress': end
[13:17:01.499] [bmv2] [D] [thread 4141] [28.0] [cxt 0] Deparser 'deparser': start
[13:17:01.499] [bmv2] [T] [thread 4141] [28.0] [cxt 0] Skipping checksum 'cksum' update because condition not met
[13:17:01.499] [bmv2] [D] [thread 4141] [28.0] [cxt 0] Deparsing header 'ethernet'
[13:17:01.499] [bmv2] [D] [thread 4141] [28.0] [cxt 0] Deparser 'deparser': end
[13:17:01.499] [bmv2] [D] [thread 4145] [28.0] [cxt 0] Transmitting packet of size 199 out of port 0
[13:17:01.567] [bmv2] [D] [thread 4140] [29.0] [cxt 0] Processing packet received on port 2
[13:17:01.567] [bmv2] [D] [thread 4140] [29.0] [cxt 0] Parser 'parser': start
[13:17:01.567] [bmv2] [D] [thread 4140] [29.0] [cxt 0] Parser 'parser' entering state 'start'
[13:17:01.567] [bmv2] [D] [thread 4140] [29.0] [cxt 0] Extracting header 'ethernet'
[13:17:01.567] [bmv2] [D] [thread 4140] [29.0] [cxt 0] Parser state 'start': key is 86dd
[13:17:01.567] [bmv2] [T] [thread 4140] [29.0] [cxt 0] Bytes parsed: 14
[13:17:01.567] [bmv2] [D] [thread 4140] [29.0] [cxt 0] Parser 'parser': end
[13:17:01.567] [bmv2] [D] [thread 4140] [29.0] [cxt 0] Pipeline 'ingress': start
[13:17:01.567] [bmv2] [T] [thread 4140] [29.0] [cxt 0] basic.p4(115) Condition "hdr.ipv4.isValid()" (node_2) is false
[13:17:01.567] [bmv2] [D] [thread 4140] [29.0] [cxt 0] Pipeline 'ingress': end
[13:17:01.567] [bmv2] [D] [thread 4140] [29.0] [cxt 0] Egress port is 0
[13:17:01.567] [bmv2] [D] [thread 4141] [29.0] [cxt 0] Pipeline 'egress': start
[13:17:01.567] [bmv2] [D] [thread 4141] [29.0] [cxt 0] Pipeline 'egress': end
[13:17:01.567] [bmv2] [D] [thread 4141] [29.0] [cxt 0] Deparser 'deparser': start
[13:17:01.567] [bmv2] [T] [thread 4141] [29.0] [cxt 0] Skipping checksum 'cksum' update because condition not met
[13:17:01.567] [bmv2] [D] [thread 4141] [29.0] [cxt 0] Deparsing header 'ethernet'
[13:17:01.567] [bmv2] [D] [thread 4141] [29.0] [cxt 0] Deparser 'deparser': end
[13:17:01.567] [bmv2] [D] [thread 4145] [29.0] [cxt 0] Transmitting packet of size 70 out of port 0
[13:17:01.627] [bmv2] [D] [thread 4140] [30.0] [cxt 0] Processing packet received on port 1
[13:17:01.627] [bmv2] [D] [thread 4140] [30.0] [cxt 0] Parser 'parser': start
[13:17:01.627] [bmv2] [D] [thread 4140] [30.0] [cxt 0] Parser 'parser' entering state 'start'
[13:17:01.627] [bmv2] [D] [thread 4140] [30.0] [cxt 0] Extracting header 'ethernet'
[13:17:01.627] [bmv2] [D] [thread 4140] [30.0] [cxt 0] Parser state 'start': key is 86dd
[13:17:01.627] [bmv2] [T] [thread 4140] [30.0] [cxt 0] Bytes parsed: 14
[13:17:01.627] [bmv2] [D] [thread 4140] [30.0] [cxt 0] Parser 'parser': end
[13:17:01.627] [bmv2] [D] [thread 4140] [30.0] [cxt 0] Pipeline 'ingress': start
[13:17:01.627] [bmv2] [T] [thread 4140] [30.0] [cxt 0] basic.p4(115) Condition "hdr.ipv4.isValid()" (node_2) is false
[13:17:01.627] [bmv2] [D] [thread 4140] [30.0] [cxt 0] Pipeline 'ingress': end
[13:17:01.627] [bmv2] [D] [thread 4140] [30.0] [cxt 0] Egress port is 0
[13:17:01.627] [bmv2] [D] [thread 4141] [30.0] [cxt 0] Pipeline 'egress': start
[13:17:01.627] [bmv2] [D] [thread 4141] [30.0] [cxt 0] Pipeline 'egress': end
[13:17:01.627] [bmv2] [D] [thread 4141] [30.0] [cxt 0] Deparser 'deparser': start
[13:17:01.627] [bmv2] [T] [thread 4141] [30.0] [cxt 0] Skipping checksum 'cksum' update because condition not met
[13:17:01.627] [bmv2] [D] [thread 4141] [30.0] [cxt 0] Deparsing header 'ethernet'
[13:17:01.627] [bmv2] [D] [thread 4141] [30.0] [cxt 0] Deparser 'deparser': end
[13:17:01.627] [bmv2] [D] [thread 4145] [30.0] [cxt 0] Transmitting packet of size 199 out of port 0
[13:17:02.012] [bmv2] [D] [thread 4140] [31.0] [cxt 0] Processing packet received on port 1
[13:17:02.012] [bmv2] [D] [thread 4140] [31.0] [cxt 0] Parser 'parser': start
[13:17:02.012] [bmv2] [D] [thread 4140] [31.0] [cxt 0] Parser 'parser' entering state 'start'
[13:17:02.012] [bmv2] [D] [thread 4140] [31.0] [cxt 0] Extracting header 'ethernet'
[13:17:02.012] [bmv2] [D] [thread 4140] [31.0] [cxt 0] Parser state 'start': key is 86dd
[13:17:02.012] [bmv2] [T] [thread 4140] [31.0] [cxt 0] Bytes parsed: 14
[13:17:02.012] [bmv2] [D] [thread 4140] [31.0] [cxt 0] Parser 'parser': end
[13:17:02.012] [bmv2] [D] [thread 4140] [31.0] [cxt 0] Pipeline 'ingress': start
[13:17:02.012] [bmv2] [T] [thread 4140] [31.0] [cxt 0] basic.p4(115) Condition "hdr.ipv4.isValid()" (node_2) is false
[13:17:02.012] [bmv2] [D] [thread 4140] [31.0] [cxt 0] Pipeline 'ingress': end
[13:17:02.012] [bmv2] [D] [thread 4140] [31.0] [cxt 0] Egress port is 0
[13:17:02.012] [bmv2] [D] [thread 4141] [31.0] [cxt 0] Pipeline 'egress': start
[13:17:02.012] [bmv2] [D] [thread 4141] [31.0] [cxt 0] Pipeline 'egress': end
[13:17:02.012] [bmv2] [D] [thread 4141] [31.0] [cxt 0] Deparser 'deparser': start
[13:17:02.012] [bmv2] [T] [thread 4141] [31.0] [cxt 0] Skipping checksum 'cksum' update because condition not met
[13:17:02.012] [bmv2] [D] [thread 4141] [31.0] [cxt 0] Deparsing header 'ethernet'
[13:17:02.012] [bmv2] [D] [thread 4141] [31.0] [cxt 0] Deparser 'deparser': end
[13:17:02.012] [bmv2] [D] [thread 4145] [31.0] [cxt 0] Transmitting packet of size 199 out of port 0
[13:17:02.015] [bmv2] [D] [thread 4140] [32.0] [cxt 0] Processing packet received on port 2
[13:17:02.015] [bmv2] [D] [thread 4140] [32.0] [cxt 0] Parser 'parser': start
[13:17:02.015] [bmv2] [D] [thread 4140] [32.0] [cxt 0] Parser 'parser' entering state 'start'
[13:17:02.015] [bmv2] [D] [thread 4140] [32.0] [cxt 0] Extracting header 'ethernet'
[13:17:02.015] [bmv2] [D] [thread 4140] [32.0] [cxt 0] Parser state 'start': key is 86dd
[13:17:02.015] [bmv2] [T] [thread 4140] [32.0] [cxt 0] Bytes parsed: 14
[13:17:02.015] [bmv2] [D] [thread 4140] [32.0] [cxt 0] Parser 'parser': end
[13:17:02.015] [bmv2] [D] [thread 4140] [32.0] [cxt 0] Pipeline 'ingress': start
[13:17:02.015] [bmv2] [T] [thread 4140] [32.0] [cxt 0] basic.p4(115) Condition "hdr.ipv4.isValid()" (node_2) is false
[13:17:02.015] [bmv2] [D] [thread 4140] [32.0] [cxt 0] Pipeline 'ingress': end
[13:17:02.015] [bmv2] [D] [thread 4140] [32.0] [cxt 0] Egress port is 0
[13:17:02.015] [bmv2] [D] [thread 4141] [32.0] [cxt 0] Pipeline 'egress': start
[13:17:02.015] [bmv2] [D] [thread 4141] [32.0] [cxt 0] Pipeline 'egress': end
[13:17:02.015] [bmv2] [D] [thread 4141] [32.0] [cxt 0] Deparser 'deparser': start
[13:17:02.015] [bmv2] [T] [thread 4141] [32.0] [cxt 0] Skipping checksum 'cksum' update because condition not met
[13:17:02.015] [bmv2] [D] [thread 4141] [32.0] [cxt 0] Deparsing header 'ethernet'
[13:17:02.015] [bmv2] [D] [thread 4141] [32.0] [cxt 0] Deparser 'deparser': end
[13:17:02.015] [bmv2] [D] [thread 4145] [32.0] [cxt 0] Transmitting packet of size 70 out of port 0
[13:17:02.527] [bmv2] [D] [thread 4140] [33.0] [cxt 0] Processing packet received on port 1
[13:17:02.527] [bmv2] [D] [thread 4140] [33.0] [cxt 0] Parser 'parser': start
[13:17:02.527] [bmv2] [D] [thread 4140] [33.0] [cxt 0] Parser 'parser' entering state 'start'
[13:17:02.527] [bmv2] [D] [thread 4140] [33.0] [cxt 0] Extracting header 'ethernet'
[13:17:02.527] [bmv2] [D] [thread 4140] [33.0] [cxt 0] Parser state 'start': key is 86dd
[13:17:02.527] [bmv2] [T] [thread 4140] [33.0] [cxt 0] Bytes parsed: 14
[13:17:02.527] [bmv2] [D] [thread 4140] [33.0] [cxt 0] Parser 'parser': end
[13:17:02.527] [bmv2] [D] [thread 4140] [33.0] [cxt 0] Pipeline 'ingress': start
[13:17:02.527] [bmv2] [T] [thread 4140] [33.0] [cxt 0] basic.p4(115) Condition "hdr.ipv4.isValid()" (node_2) is false
[13:17:02.527] [bmv2] [D] [thread 4140] [33.0] [cxt 0] Pipeline 'ingress': end
[13:17:02.527] [bmv2] [D] [thread 4140] [33.0] [cxt 0] Egress port is 0
[13:17:02.527] [bmv2] [D] [thread 4141] [33.0] [cxt 0] Pipeline 'egress': start
[13:17:02.527] [bmv2] [D] [thread 4141] [33.0] [cxt 0] Pipeline 'egress': end
[13:17:02.527] [bmv2] [D] [thread 4141] [33.0] [cxt 0] Deparser 'deparser': start
[13:17:02.527] [bmv2] [T] [thread 4141] [33.0] [cxt 0] Skipping checksum 'cksum' update because condition not met
[13:17:02.527] [bmv2] [D] [thread 4141] [33.0] [cxt 0] Deparsing header 'ethernet'
[13:17:02.527] [bmv2] [D] [thread 4141] [33.0] [cxt 0] Deparser 'deparser': end
[13:17:02.527] [bmv2] [D] [thread 4145] [33.0] [cxt 0] Transmitting packet of size 70 out of port 0
[13:17:04.579] [bmv2] [D] [thread 4140] [34.0] [cxt 0] Processing packet received on port 2
[13:17:04.579] [bmv2] [D] [thread 4140] [34.0] [cxt 0] Parser 'parser': start
[13:17:04.579] [bmv2] [D] [thread 4140] [34.0] [cxt 0] Parser 'parser' entering state 'start'
[13:17:04.579] [bmv2] [D] [thread 4140] [34.0] [cxt 0] Extracting header 'ethernet'
[13:17:04.579] [bmv2] [D] [thread 4140] [34.0] [cxt 0] Parser state 'start': key is 86dd
[13:17:04.579] [bmv2] [T] [thread 4140] [34.0] [cxt 0] Bytes parsed: 14
[13:17:04.579] [bmv2] [D] [thread 4140] [34.0] [cxt 0] Parser 'parser': end
[13:17:04.580] [bmv2] [D] [thread 4140] [34.0] [cxt 0] Pipeline 'ingress': start
[13:17:04.580] [bmv2] [T] [thread 4140] [34.0] [cxt 0] basic.p4(115) Condition "hdr.ipv4.isValid()" (node_2) is false
[13:17:04.580] [bmv2] [D] [thread 4140] [34.0] [cxt 0] Pipeline 'ingress': end
[13:17:04.580] [bmv2] [D] [thread 4140] [34.0] [cxt 0] Egress port is 0
[13:17:04.580] [bmv2] [D] [thread 4141] [34.0] [cxt 0] Pipeline 'egress': start
[13:17:04.580] [bmv2] [D] [thread 4141] [34.0] [cxt 0] Pipeline 'egress': end
[13:17:04.580] [bmv2] [D] [thread 4141] [34.0] [cxt 0] Deparser 'deparser': start
[13:17:04.580] [bmv2] [T] [thread 4141] [34.0] [cxt 0] Skipping checksum 'cksum' update because condition not met
[13:17:04.580] [bmv2] [D] [thread 4141] [34.0] [cxt 0] Deparsing header 'ethernet'
[13:17:04.580] [bmv2] [D] [thread 4141] [34.0] [cxt 0] Deparser 'deparser': end
[13:17:04.580] [bmv2] [D] [thread 4145] [34.0] [cxt 0] Transmitting packet of size 107 out of port 0
[13:17:04.834] [bmv2] [D] [thread 4140] [35.0] [cxt 0] Processing packet received on port 1
[13:17:04.834] [bmv2] [D] [thread 4140] [35.0] [cxt 0] Parser 'parser': start
[13:17:04.834] [bmv2] [D] [thread 4140] [35.0] [cxt 0] Parser 'parser' entering state 'start'
[13:17:04.834] [bmv2] [D] [thread 4140] [35.0] [cxt 0] Extracting header 'ethernet'
[13:17:04.834] [bmv2] [D] [thread 4140] [35.0] [cxt 0] Parser state 'start': key is 86dd
[13:17:04.834] [bmv2] [T] [thread 4140] [35.0] [cxt 0] Bytes parsed: 14
[13:17:04.834] [bmv2] [D] [thread 4140] [35.0] [cxt 0] Parser 'parser': end
[13:17:04.834] [bmv2] [D] [thread 4140] [35.0] [cxt 0] Pipeline 'ingress': start
[13:17:04.834] [bmv2] [T] [thread 4140] [35.0] [cxt 0] basic.p4(115) Condition "hdr.ipv4.isValid()" (node_2) is false
[13:17:04.834] [bmv2] [D] [thread 4140] [35.0] [cxt 0] Pipeline 'ingress': end
[13:17:04.834] [bmv2] [D] [thread 4140] [35.0] [cxt 0] Egress port is 0
[13:17:04.834] [bmv2] [D] [thread 4141] [35.0] [cxt 0] Pipeline 'egress': start
[13:17:04.834] [bmv2] [D] [thread 4141] [35.0] [cxt 0] Pipeline 'egress': end
[13:17:04.834] [bmv2] [D] [thread 4141] [35.0] [cxt 0] Deparser 'deparser': start
[13:17:04.834] [bmv2] [T] [thread 4141] [35.0] [cxt 0] Skipping checksum 'cksum' update because condition not met
[13:17:04.834] [bmv2] [D] [thread 4141] [35.0] [cxt 0] Deparsing header 'ethernet'
[13:17:04.834] [bmv2] [D] [thread 4141] [35.0] [cxt 0] Deparser 'deparser': end
[13:17:04.834] [bmv2] [D] [thread 4145] [35.0] [cxt 0] Transmitting packet of size 107 out of port 0
[13:17:05.219] [bmv2] [D] [thread 4140] [36.0] [cxt 0] Processing packet received on port 1
[13:17:05.219] [bmv2] [D] [thread 4140] [36.0] [cxt 0] Parser 'parser': start
[13:17:05.219] [bmv2] [D] [thread 4140] [36.0] [cxt 0] Parser 'parser' entering state 'start'
[13:17:05.219] [bmv2] [D] [thread 4140] [36.0] [cxt 0] Extracting header 'ethernet'
[13:17:05.219] [bmv2] [D] [thread 4140] [36.0] [cxt 0] Parser state 'start': key is 86dd
[13:17:05.219] [bmv2] [T] [thread 4140] [36.0] [cxt 0] Bytes parsed: 14
[13:17:05.219] [bmv2] [D] [thread 4140] [36.0] [cxt 0] Parser 'parser': end
[13:17:05.219] [bmv2] [D] [thread 4140] [36.0] [cxt 0] Pipeline 'ingress': start
[13:17:05.219] [bmv2] [T] [thread 4140] [36.0] [cxt 0] basic.p4(115) Condition "hdr.ipv4.isValid()" (node_2) is false
[13:17:05.219] [bmv2] [D] [thread 4140] [36.0] [cxt 0] Pipeline 'ingress': end
[13:17:05.219] [bmv2] [D] [thread 4140] [36.0] [cxt 0] Egress port is 0
[13:17:05.219] [bmv2] [D] [thread 4141] [36.0] [cxt 0] Pipeline 'egress': start
[13:17:05.219] [bmv2] [D] [thread 4141] [36.0] [cxt 0] Pipeline 'egress': end
[13:17:05.220] [bmv2] [D] [thread 4141] [36.0] [cxt 0] Deparser 'deparser': start
[13:17:05.220] [bmv2] [T] [thread 4141] [36.0] [cxt 0] Skipping checksum 'cksum' update because condition not met
[13:17:05.220] [bmv2] [D] [thread 4141] [36.0] [cxt 0] Deparsing header 'ethernet'
[13:17:05.220] [bmv2] [D] [thread 4141] [36.0] [cxt 0] Deparser 'deparser': end
[13:17:05.220] [bmv2] [D] [thread 4145] [36.0] [cxt 0] Transmitting packet of size 107 out of port 0
[13:17:08.671] [bmv2] [D] [thread 4140] [37.0] [cxt 0] Processing packet received on port 1
[13:17:08.671] [bmv2] [D] [thread 4140] [37.0] [cxt 0] Parser 'parser': start
[13:17:08.671] [bmv2] [D] [thread 4140] [37.0] [cxt 0] Parser 'parser' entering state 'start'
[13:17:08.671] [bmv2] [D] [thread 4140] [37.0] [cxt 0] Extracting header 'ethernet'
[13:17:08.671] [bmv2] [D] [thread 4140] [37.0] [cxt 0] Parser state 'start': key is 86dd
[13:17:08.671] [bmv2] [T] [thread 4140] [37.0] [cxt 0] Bytes parsed: 14
[13:17:08.671] [bmv2] [D] [thread 4140] [37.0] [cxt 0] Parser 'parser': end
[13:17:08.671] [bmv2] [D] [thread 4140] [37.0] [cxt 0] Pipeline 'ingress': start
[13:17:08.671] [bmv2] [T] [thread 4140] [37.0] [cxt 0] basic.p4(115) Condition "hdr.ipv4.isValid()" (node_2) is false
[13:17:08.671] [bmv2] [D] [thread 4140] [37.0] [cxt 0] Pipeline 'ingress': end
[13:17:08.671] [bmv2] [D] [thread 4140] [37.0] [cxt 0] Egress port is 0
[13:17:08.671] [bmv2] [D] [thread 4141] [37.0] [cxt 0] Pipeline 'egress': start
[13:17:08.671] [bmv2] [D] [thread 4141] [37.0] [cxt 0] Pipeline 'egress': end
[13:17:08.671] [bmv2] [D] [thread 4141] [37.0] [cxt 0] Deparser 'deparser': start
[13:17:08.671] [bmv2] [T] [thread 4141] [37.0] [cxt 0] Skipping checksum 'cksum' update because condition not met
[13:17:08.671] [bmv2] [D] [thread 4141] [37.0] [cxt 0] Deparsing header 'ethernet'
[13:17:08.671] [bmv2] [D] [thread 4141] [37.0] [cxt 0] Deparser 'deparser': end
[13:17:08.671] [bmv2] [D] [thread 4145] [37.0] [cxt 0] Transmitting packet of size 70 out of port 0
[13:17:09.183] [bmv2] [D] [thread 4140] [38.0] [cxt 0] Processing packet received on port 2
[13:17:09.183] [bmv2] [D] [thread 4140] [38.0] [cxt 0] Parser 'parser': start
[13:17:09.183] [bmv2] [D] [thread 4140] [38.0] [cxt 0] Parser 'parser' entering state 'start'
[13:17:09.183] [bmv2] [D] [thread 4140] [38.0] [cxt 0] Extracting header 'ethernet'
[13:17:09.183] [bmv2] [D] [thread 4140] [38.0] [cxt 0] Parser state 'start': key is 86dd
[13:17:09.183] [bmv2] [T] [thread 4140] [38.0] [cxt 0] Bytes parsed: 14
[13:17:09.183] [bmv2] [D] [thread 4140] [38.0] [cxt 0] Parser 'parser': end
[13:17:09.183] [bmv2] [D] [thread 4140] [38.0] [cxt 0] Pipeline 'ingress': start
[13:17:09.183] [bmv2] [T] [thread 4140] [38.0] [cxt 0] basic.p4(115) Condition "hdr.ipv4.isValid()" (node_2) is false
[13:17:09.183] [bmv2] [D] [thread 4140] [38.0] [cxt 0] Pipeline 'ingress': end
[13:17:09.183] [bmv2] [D] [thread 4140] [38.0] [cxt 0] Egress port is 0
[13:17:09.183] [bmv2] [D] [thread 4141] [38.0] [cxt 0] Pipeline 'egress': start
[13:17:09.183] [bmv2] [D] [thread 4141] [38.0] [cxt 0] Pipeline 'egress': end
[13:17:09.183] [bmv2] [D] [thread 4141] [38.0] [cxt 0] Deparser 'deparser': start
[13:17:09.183] [bmv2] [T] [thread 4141] [38.0] [cxt 0] Skipping checksum 'cksum' update because condition not met
[13:17:09.183] [bmv2] [D] [thread 4141] [38.0] [cxt 0] Deparsing header 'ethernet'
[13:17:09.183] [bmv2] [D] [thread 4141] [38.0] [cxt 0] Deparser 'deparser': end
[13:17:09.183] [bmv2] [D] [thread 4145] [38.0] [cxt 0] Transmitting packet of size 70 out of port 0
[13:17:10.720] [bmv2] [D] [thread 4140] [39.0] [cxt 0] Processing packet received on port 2
[13:17:10.720] [bmv2] [D] [thread 4140] [39.0] [cxt 0] Parser 'parser': start
[13:17:10.720] [bmv2] [D] [thread 4140] [39.0] [cxt 0] Parser 'parser' entering state 'start'
[13:17:10.720] [bmv2] [D] [thread 4140] [39.0] [cxt 0] Extracting header 'ethernet'
[13:17:10.720] [bmv2] [D] [thread 4140] [39.0] [cxt 0] Parser state 'start': key is 86dd
[13:17:10.720] [bmv2] [T] [thread 4140] [39.0] [cxt 0] Bytes parsed: 14
[13:17:10.720] [bmv2] [D] [thread 4140] [39.0] [cxt 0] Parser 'parser': end
[13:17:10.720] [bmv2] [D] [thread 4140] [39.0] [cxt 0] Pipeline 'ingress': start
[13:17:10.720] [bmv2] [T] [thread 4140] [39.0] [cxt 0] basic.p4(115) Condition "hdr.ipv4.isValid()" (node_2) is false
[13:17:10.720] [bmv2] [D] [thread 4140] [39.0] [cxt 0] Pipeline 'ingress': end
[13:17:10.720] [bmv2] [D] [thread 4140] [39.0] [cxt 0] Egress port is 0
[13:17:10.720] [bmv2] [D] [thread 4141] [39.0] [cxt 0] Pipeline 'egress': start
[13:17:10.720] [bmv2] [D] [thread 4141] [39.0] [cxt 0] Pipeline 'egress': end
[13:17:10.720] [bmv2] [D] [thread 4141] [39.0] [cxt 0] Deparser 'deparser': start
[13:17:10.720] [bmv2] [T] [thread 4141] [39.0] [cxt 0] Skipping checksum 'cksum' update because condition not met
[13:17:10.720] [bmv2] [D] [thread 4141] [39.0] [cxt 0] Deparsing header 'ethernet'
[13:17:10.720] [bmv2] [D] [thread 4141] [39.0] [cxt 0] Deparser 'deparser': end
[13:17:10.720] [bmv2] [D] [thread 4145] [39.0] [cxt 0] Transmitting packet of size 70 out of port 0
[13:17:11.231] [bmv2] [D] [thread 4140] [40.0] [cxt 0] Processing packet received on port 1
[13:17:11.231] [bmv2] [D] [thread 4140] [40.0] [cxt 0] Parser 'parser': start
[13:17:11.231] [bmv2] [D] [thread 4140] [40.0] [cxt 0] Parser 'parser' entering state 'start'
[13:17:11.231] [bmv2] [D] [thread 4140] [40.0] [cxt 0] Extracting header 'ethernet'
[13:17:11.231] [bmv2] [D] [thread 4140] [40.0] [cxt 0] Parser state 'start': key is 86dd
[13:17:11.231] [bmv2] [T] [thread 4140] [40.0] [cxt 0] Bytes parsed: 14
[13:17:11.231] [bmv2] [D] [thread 4140] [40.0] [cxt 0] Parser 'parser': end
[13:17:11.231] [bmv2] [D] [thread 4140] [40.0] [cxt 0] Pipeline 'ingress': start
[13:17:11.231] [bmv2] [T] [thread 4140] [40.0] [cxt 0] basic.p4(115) Condition "hdr.ipv4.isValid()" (node_2) is false
[13:17:11.231] [bmv2] [D] [thread 4140] [40.0] [cxt 0] Pipeline 'ingress': end
[13:17:11.231] [bmv2] [D] [thread 4140] [40.0] [cxt 0] Egress port is 0
[13:17:11.231] [bmv2] [D] [thread 4141] [40.0] [cxt 0] Pipeline 'egress': start
[13:17:11.231] [bmv2] [D] [thread 4141] [40.0] [cxt 0] Pipeline 'egress': end
[13:17:11.231] [bmv2] [D] [thread 4141] [40.0] [cxt 0] Deparser 'deparser': start
[13:17:11.231] [bmv2] [T] [thread 4141] [40.0] [cxt 0] Skipping checksum 'cksum' update because condition not met
[13:17:11.231] [bmv2] [D] [thread 4141] [40.0] [cxt 0] Deparsing header 'ethernet'
[13:17:11.231] [bmv2] [D] [thread 4141] [40.0] [cxt 0] Deparser 'deparser': end
[13:17:11.231] [bmv2] [D] [thread 4145] [40.0] [cxt 0] Transmitting packet of size 70 out of port 0
[13:17:12.584] [bmv2] [D] [thread 4140] [41.0] [cxt 0] Processing packet received on port 2
[13:17:12.584] [bmv2] [D] [thread 4140] [41.0] [cxt 0] Parser 'parser': start
[13:17:12.584] [bmv2] [D] [thread 4140] [41.0] [cxt 0] Parser 'parser' entering state 'start'
[13:17:12.584] [bmv2] [D] [thread 4140] [41.0] [cxt 0] Extracting header 'ethernet'
[13:17:12.584] [bmv2] [D] [thread 4140] [41.0] [cxt 0] Parser state 'start': key is 86dd
[13:17:12.584] [bmv2] [T] [thread 4140] [41.0] [cxt 0] Bytes parsed: 14
[13:17:12.584] [bmv2] [D] [thread 4140] [41.0] [cxt 0] Parser 'parser': end
[13:17:12.584] [bmv2] [D] [thread 4140] [41.0] [cxt 0] Pipeline 'ingress': start
[13:17:12.584] [bmv2] [T] [thread 4140] [41.0] [cxt 0] basic.p4(115) Condition "hdr.ipv4.isValid()" (node_2) is false
[13:17:12.584] [bmv2] [D] [thread 4140] [41.0] [cxt 0] Pipeline 'ingress': end
[13:17:12.584] [bmv2] [D] [thread 4140] [41.0] [cxt 0] Egress port is 0
[13:17:12.585] [bmv2] [D] [thread 4141] [41.0] [cxt 0] Pipeline 'egress': start
[13:17:12.585] [bmv2] [D] [thread 4141] [41.0] [cxt 0] Pipeline 'egress': end
[13:17:12.585] [bmv2] [D] [thread 4141] [41.0] [cxt 0] Deparser 'deparser': start
[13:17:12.585] [bmv2] [T] [thread 4141] [41.0] [cxt 0] Skipping checksum 'cksum' update because condition not met
[13:17:12.585] [bmv2] [D] [thread 4141] [41.0] [cxt 0] Deparsing header 'ethernet'
[13:17:12.585] [bmv2] [D] [thread 4141] [41.0] [cxt 0] Deparser 'deparser': end
[13:17:12.585] [bmv2] [D] [thread 4145] [41.0] [cxt 0] Transmitting packet of size 107 out of port 0
[13:17:12.836] [bmv2] [D] [thread 4140] [42.0] [cxt 0] Processing packet received on port 1
[13:17:12.836] [bmv2] [D] [thread 4140] [42.0] [cxt 0] Parser 'parser': start
[13:17:12.836] [bmv2] [D] [thread 4140] [42.0] [cxt 0] Parser 'parser' entering state 'start'
[13:17:12.836] [bmv2] [D] [thread 4140] [42.0] [cxt 0] Extracting header 'ethernet'
[13:17:12.836] [bmv2] [D] [thread 4140] [42.0] [cxt 0] Parser state 'start': key is 86dd
[13:17:12.836] [bmv2] [T] [thread 4140] [42.0] [cxt 0] Bytes parsed: 14
[13:17:12.836] [bmv2] [D] [thread 4140] [42.0] [cxt 0] Parser 'parser': end
[13:17:12.836] [bmv2] [D] [thread 4140] [42.0] [cxt 0] Pipeline 'ingress': start
[13:17:12.836] [bmv2] [T] [thread 4140] [42.0] [cxt 0] basic.p4(115) Condition "hdr.ipv4.isValid()" (node_2) is false
[13:17:12.836] [bmv2] [D] [thread 4140] [42.0] [cxt 0] Pipeline 'ingress': end
[13:17:12.836] [bmv2] [D] [thread 4140] [42.0] [cxt 0] Egress port is 0
[13:17:12.836] [bmv2] [D] [thread 4141] [42.0] [cxt 0] Pipeline 'egress': start
[13:17:12.836] [bmv2] [D] [thread 4141] [42.0] [cxt 0] Pipeline 'egress': end
[13:17:12.836] [bmv2] [D] [thread 4141] [42.0] [cxt 0] Deparser 'deparser': start
[13:17:12.836] [bmv2] [T] [thread 4141] [42.0] [cxt 0] Skipping checksum 'cksum' update because condition not met
[13:17:12.836] [bmv2] [D] [thread 4141] [42.0] [cxt 0] Deparsing header 'ethernet'
[13:17:12.836] [bmv2] [D] [thread 4141] [42.0] [cxt 0] Deparser 'deparser': end
[13:17:12.836] [bmv2] [D] [thread 4145] [42.0] [cxt 0] Transmitting packet of size 107 out of port 0
[13:17:13.219] [bmv2] [D] [thread 4140] [43.0] [cxt 0] Processing packet received on port 1
[13:17:13.219] [bmv2] [D] [thread 4140] [43.0] [cxt 0] Parser 'parser': start
[13:17:13.219] [bmv2] [D] [thread 4140] [43.0] [cxt 0] Parser 'parser' entering state 'start'
[13:17:13.219] [bmv2] [D] [thread 4140] [43.0] [cxt 0] Extracting header 'ethernet'
[13:17:13.219] [bmv2] [D] [thread 4140] [43.0] [cxt 0] Parser state 'start': key is 86dd
[13:17:13.219] [bmv2] [T] [thread 4140] [43.0] [cxt 0] Bytes parsed: 14
[13:17:13.219] [bmv2] [D] [thread 4140] [43.0] [cxt 0] Parser 'parser': end
[13:17:13.219] [bmv2] [D] [thread 4140] [43.0] [cxt 0] Pipeline 'ingress': start
[13:17:13.219] [bmv2] [T] [thread 4140] [43.0] [cxt 0] basic.p4(115) Condition "hdr.ipv4.isValid()" (node_2) is false
[13:17:13.219] [bmv2] [D] [thread 4140] [43.0] [cxt 0] Pipeline 'ingress': end
[13:17:13.219] [bmv2] [D] [thread 4140] [43.0] [cxt 0] Egress port is 0
[13:17:13.219] [bmv2] [D] [thread 4141] [43.0] [cxt 0] Pipeline 'egress': start
[13:17:13.219] [bmv2] [D] [thread 4141] [43.0] [cxt 0] Pipeline 'egress': end
[13:17:13.219] [bmv2] [D] [thread 4141] [43.0] [cxt 0] Deparser 'deparser': start
[13:17:13.219] [bmv2] [T] [thread 4141] [43.0] [cxt 0] Skipping checksum 'cksum' update because condition not met
[13:17:13.219] [bmv2] [D] [thread 4141] [43.0] [cxt 0] Deparsing header 'ethernet'
[13:17:13.219] [bmv2] [D] [thread 4141] [43.0] [cxt 0] Deparser 'deparser': end
[13:17:13.219] [bmv2] [D] [thread 4145] [43.0] [cxt 0] Transmitting packet of size 107 out of port 0
